2020-02-13 20:50:35,235 [11] ERROR server.command.Post - 参数计数不匹配。
2020-02-13 20:52:02,859 [14] ERROR server.command.Post - 参数计数不匹配。
2020-02-13 20:52:40,345 [12] ERROR server.command.Post - 参数计数不匹配。
2020-02-13 20:52:41,140 [9] ERROR server.command.Post - 参数计数不匹配。
2020-02-13 20:52:41,289 [12] ERROR server.command.Post - 参数计数不匹配。
2020-02-13 20:52:41,423 [14] ERROR server.command.Post - 参数计数不匹配。
2020-02-13 20:52:41,587 [9] ERROR server.command.Post - 参数计数不匹配。
2020-02-13 20:52:56,939 [12] ERROR server.command.Post - 参数计数不匹配。
2020-02-13 20:52:58,097 [12] ERROR server.command.Post - 参数计数不匹配。
2020-02-13 20:52:58,247 [13] ERROR server.command.Post - 参数计数不匹配。
2020-02-13 20:52:58,412 [12] ERROR server.command.Post - 参数计数不匹配。
2020-02-13 20:53:10,595 [14] ERROR server.command.Post - 参数计数不匹配。
2020-02-13 20:53:11,059 [12] ERROR server.command.Post - 参数计数不匹配。
2020-02-13 20:53:11,226 [13] ERROR server.command.Post - 参数计数不匹配。
2020-02-13 20:53:11,390 [12] ERROR server.command.Post - 参数计数不匹配。
2020-02-13 20:53:11,540 [9] ERROR server.command.Post - 参数计数不匹配。
2020-02-13 20:53:11,721 [12] ERROR server.command.Post - 参数计数不匹配。
2020-02-13 20:53:11,888 [13] ERROR server.command.Post - 参数计数不匹配。
2020-02-13 20:53:12,053 [12] ERROR server.command.Post - 参数计数不匹配。
2020-02-13 20:53:12,217 [13] ERROR server.command.Post - 参数计数不匹配。
2020-02-13 20:53:12,402 [12] ERROR server.command.Post - 参数计数不匹配。
2020-02-13 20:53:12,564 [13] ERROR server.command.Post - 参数计数不匹配。
2020-02-13 20:53:12,732 [12] ERROR server.command.Post - 参数计数不匹配。
2020-02-13 20:53:12,896 [13] ERROR server.command.Post - 参数计数不匹配。
2020-02-13 20:53:13,096 [13] ERROR server.command.Post - 参数计数不匹配。
2020-02-13 20:53:13,990 [12] ERROR server.command.Post - 参数计数不匹配。
2020-02-13 20:53:14,156 [13] ERROR server.command.Post - 参数计数不匹配。
2020-02-13 20:53:14,305 [14] ERROR server.command.Post - 参数计数不匹配。
2020-02-13 20:53:14,488 [9] ERROR server.command.Post - 参数计数不匹配。
2020-02-13 20:53:14,686 [12] ERROR server.command.Post - 参数计数不匹配。
2020-02-13 20:53:37,402 [12] ERROR server.command.Post - 参数计数不匹配。
2020-02-13 20:53:37,882 [13] ERROR server.command.Post - 参数计数不匹配。
2020-02-13 20:53:38,047 [13] ERROR server.command.Post - 参数计数不匹配。
2020-02-13 20:53:38,198 [12] ERROR server.command.Post - 参数计数不匹配。
2020-02-13 20:53:38,364 [13] ERROR server.command.Post - 参数计数不匹配。
2020-02-13 20:53:38,530 [9] ERROR server.command.Post - 参数计数不匹配。
2020-02-13 20:53:38,877 [12] ERROR server.command.Post - 参数计数不匹配。
2020-02-13 20:53:39,042 [13] ERROR server.command.Post - 参数计数不匹配。
2020-02-13 20:53:39,213 [12] ERROR server.command.Post - 参数计数不匹配。
2020-02-13 20:53:39,431 [13] ERROR server.command.Post - 参数计数不匹配。
2020-02-13 20:54:36,074 [14] ERROR server.command.Post - 参数计数不匹配。
2020-02-13 20:54:36,620 [12] ERROR server.command.Post - 参数计数不匹配。
2020-02-13 20:54:36,769 [13] ERROR server.command.Post - 参数计数不匹配。
2020-02-13 20:54:36,917 [12] ERROR server.command.Post - 参数计数不匹配。
2020-02-13 20:54:37,066 [13] ERROR server.command.Post - 参数计数不匹配。
2020-02-13 20:54:37,234 [12] ERROR server.command.Post - 参数计数不匹配。
2020-02-13 20:54:37,381 [13] ERROR server.command.Post - 参数计数不匹配。
2020-02-13 20:54:37,549 [12] ERROR server.command.Post - 参数计数不匹配。
2020-02-13 20:54:37,731 [13] ERROR server.command.Post - 参数计数不匹配。
2020-02-13 20:54:37,880 [13] ERROR server.command.Post - 参数计数不匹配。
2020-02-13 20:54:38,068 [14] ERROR server.command.Post - 参数计数不匹配。
2020-02-13 20:54:38,228 [12] ERROR server.command.Post - 参数计数不匹配。
2020-02-13 20:54:38,410 [12] ERROR server.command.Post - 参数计数不匹配。
2020-02-13 20:54:38,624 [13] ERROR server.command.Post - 参数计数不匹配。
2020-02-13 20:54:38,872 [12] ERROR server.command.Post - 参数计数不匹配。
2020-02-13 20:54:39,195 [13] ERROR server.command.Post - 参数计数不匹配。
2020-02-13 20:54:39,371 [12] ERROR server.command.Post - 参数计数不匹配。
2020-02-13 20:54:39,552 [13] ERROR server.command.Post - 参数计数不匹配。
2020-02-13 20:54:39,766 [12] ERROR server.command.Post - 参数计数不匹配。
2020-02-13 20:55:02,740 [14] ERROR server.command.Post - 参数计数不匹配。
2020-02-13 20:55:03,056 [14] ERROR server.command.Post - 参数计数不匹配。
2020-02-13 20:55:03,188 [12] ERROR server.command.Post - 参数计数不匹配。
2020-02-13 20:55:03,373 [9] ERROR server.command.Post - 参数计数不匹配。
2020-02-13 20:56:14,774 [12] ERROR server.command.Post - 参数计数不匹配。
2020-02-13 20:56:15,252 [9] ERROR server.command.Post - 参数计数不匹配。
2020-02-13 20:56:15,418 [12] ERROR server.command.Post - 参数计数不匹配。
2020-02-13 20:56:15,584 [13] ERROR server.command.Post - 参数计数不匹配。
2020-02-13 20:56:15,766 [12] ERROR server.command.Post - 参数计数不匹配。
2020-02-13 20:57:53,254 [9] ERROR server.command.Post - 参数计数不匹配。
2020-02-13 22:29:52,807 [2] ERROR DefaultBootstrap - The process crashed for an unhandled exception!
System.NullReferenceException: 未将对象引用设置到对象的实例。
   在 MySql.Data.MySqlClient.MySqlConnection.set_Reader(MySqlDataReader value)
   在 MySql.Data.MySqlClient.MySqlDataReader.Close()
   在 MySql.Data.MySqlClient.MySqlConnection.Close()
   在 MySql.Data.MySqlClient.MySqlConnection.Dispose(Boolean disposing)
   在 MySql.Data.MySqlClient.MySqlConnection.Finalize()
