2020-02-11 09:28:03,778 [1] INFO  PubgServerA - The server instance PubgServerA has been started!
2020-02-11 09:29:59,285 [5] INFO  PubgServerA - Session: a3eadcad-9ae7-4260-9e50-d00a331de80d/192.168.1.3:50254
A new session connected!
2020-02-11 09:29:59,293 [10] INFO  PubgServerA - 新的客户端连接：192.168.1.3:50254
2020-02-11 09:30:02,299 [10] INFO  server.MyRequestInfoParser - 接收到客户端数据：RequestLogin:-1
2020-02-11 09:30:04,278 [13] INFO  server.MyRequestInfoParser - 接收到客户端数据：HeartBeat:
2020-02-11 09:30:05,280 [10] INFO  server.MyRequestInfoParser - 接收到客户端数据：RequestLogin:-1
2020-02-11 09:30:08,281 [10] INFO  server.MyRequestInfoParser - 接收到客户端数据：RequestLogin:-1
2020-02-11 09:30:09,278 [13] INFO  server.MyRequestInfoParser - 接收到客户端数据：HeartBeat:
2020-02-11 09:30:11,281 [10] INFO  server.MyRequestInfoParser - 接收到客户端数据：RequestLogin:-1
2020-02-11 09:30:14,279 [10] INFO  server.MyRequestInfoParser - 接收到客户端数据：HeartBeat:
2020-02-11 09:30:14,281 [12] INFO  server.MyRequestInfoParser - 接收到客户端数据：RequestLogin:-1
2020-02-11 09:30:17,280 [10] INFO  server.MyRequestInfoParser - 接收到客户端数据：RequestLogin:-1
2020-02-11 09:30:19,279 [13] INFO  server.MyRequestInfoParser - 接收到客户端数据：HeartBeat:
2020-02-11 09:30:20,281 [12] INFO  server.MyRequestInfoParser - 接收到客户端数据：RequestLogin:-1
2020-02-11 09:30:22,299 [10] INFO  server.MyRequestInfoParser - 接收到客户端数据：Post:server.DAO.UserDao@RegisterUser#17391767973#123456#管理#image1#123456#1
2020-02-11 09:30:22,508 [10] INFO  server.Tool.MySqlExecuteTools - excepstion：Unknown column 'name' in 'field list'
2020-02-11 09:30:23,281 [13] INFO  server.MyRequestInfoParser - 接收到客户端数据：RequestLogin:-1
2020-02-11 09:30:24,279 [10] INFO  server.MyRequestInfoParser - 接收到客户端数据：HeartBeat:
2020-02-11 09:30:26,286 [10] INFO  server.MyRequestInfoParser - 接收到客户端数据：RequestLogin:-1
2020-02-11 09:30:29,279 [8] INFO  server.MyRequestInfoParser - 接收到客户端数据：HeartBeat:
2020-02-11 09:30:29,286 [13] INFO  server.MyRequestInfoParser - 接收到客户端数据：RequestLogin:-1
2020-02-11 09:30:32,286 [10] INFO  server.MyRequestInfoParser - 接收到客户端数据：RequestLogin:-1
2020-02-11 09:30:34,279 [12] INFO  server.MyRequestInfoParser - 接收到客户端数据：HeartBeat:
2020-02-11 09:30:35,287 [8] INFO  server.MyRequestInfoParser - 接收到客户端数据：RequestLogin:-1
2020-02-11 09:30:38,288 [10] INFO  server.MyRequestInfoParser - 接收到客户端数据：RequestLogin:-1
2020-02-11 09:30:39,280 [10] INFO  server.MyRequestInfoParser - 接收到客户端数据：HeartBeat:
2020-02-11 09:30:41,288 [10] INFO  server.MyRequestInfoParser - 接收到客户端数据：RequestLogin:-1
2020-02-11 09:30:44,280 [10] INFO  server.MyRequestInfoParser - 接收到客户端数据：HeartBeat:
2020-02-11 09:30:44,289 [13] INFO  server.MyRequestInfoParser - 接收到客户端数据：RequestLogin:-1
2020-02-11 09:30:47,289 [10] INFO  server.MyRequestInfoParser - 接收到客户端数据：RequestLogin:-1
2020-02-11 09:30:49,281 [8] INFO  server.MyRequestInfoParser - 接收到客户端数据：HeartBeat:
2020-02-11 09:30:50,290 [12] INFO  server.MyRequestInfoParser - 接收到客户端数据：RequestLogin:-1
2020-02-11 09:30:53,290 [10] INFO  server.MyRequestInfoParser - 接收到客户端数据：RequestLogin:-1
2020-02-11 09:30:54,282 [13] INFO  server.MyRequestInfoParser - 接收到客户端数据：HeartBeat:
2020-02-11 09:30:56,290 [10] INFO  server.MyRequestInfoParser - 接收到客户端数据：RequestLogin:-1
2020-02-11 09:30:59,282 [8] INFO  server.MyRequestInfoParser - 接收到客户端数据：HeartBeat:
2020-02-11 09:30:59,290 [12] INFO  server.MyRequestInfoParser - 接收到客户端数据：RequestLogin:-1
2020-02-11 09:31:02,291 [10] INFO  server.MyRequestInfoParser - 接收到客户端数据：RequestLogin:-1
2020-02-11 09:31:04,282 [7] INFO  server.MyRequestInfoParser - 接收到客户端数据：HeartBeat:
2020-02-11 09:31:05,299 [10] INFO  server.MyRequestInfoParser - 接收到客户端数据：RequestLogin:-1
2020-02-11 09:31:08,299 [10] INFO  server.MyRequestInfoParser - 接收到客户端数据：RequestLogin:-1
2020-02-11 09:31:09,283 [12] INFO  server.MyRequestInfoParser - 接收到客户端数据：HeartBeat:
2020-02-11 09:31:11,299 [10] INFO  server.MyRequestInfoParser - 接收到客户端数据：RequestLogin:-1
2020-02-11 09:31:14,283 [7] INFO  server.MyRequestInfoParser - 接收到客户端数据：HeartBeat:
2020-02-11 09:31:14,299 [13] INFO  server.MyRequestInfoParser - 接收到客户端数据：RequestLogin:-1
2020-02-11 09:31:17,299 [10] INFO  server.MyRequestInfoParser - 接收到客户端数据：RequestLogin:-1
2020-02-11 09:31:19,284 [8] INFO  server.MyRequestInfoParser - 接收到客户端数据：HeartBeat:
2020-02-11 09:31:20,300 [13] INFO  server.MyRequestInfoParser - 接收到客户端数据：RequestLogin:-1
2020-02-11 09:31:23,300 [10] INFO  server.MyRequestInfoParser - 接收到客户端数据：RequestLogin:-1
2020-02-11 09:31:24,284 [10] INFO  server.MyRequestInfoParser - 接收到客户端数据：HeartBeat:
2020-02-11 09:32:17,519 [1] INFO  PubgServerA - The server instance PubgServerA has been started!
2020-02-11 09:32:20,132 [5] INFO  PubgServerA - Session: f253b526-e6ab-46fc-8f12-f3171e94ed1b/192.168.1.3:50294
A new session connected!
2020-02-11 09:32:20,141 [10] INFO  PubgServerA - 新的客户端连接：192.168.1.3:50294
2020-02-11 09:32:23,140 [13] INFO  server.MyRequestInfoParser - 接收到客户端数据：RequestLogin:-1
2020-02-11 09:32:24,084 [10] INFO  server.MyRequestInfoParser - 接收到客户端数据：Post:server.DAO.LoginDao@CheckLogin#17391767973#123456
2020-02-11 09:32:24,086 [10] INFO  server.DAO.LoginDao - 用户登陆验证：17391767973
2020-02-11 09:32:25,127 [12] INFO  server.MyRequestInfoParser - 接收到客户端数据：HeartBeat:
2020-02-11 09:32:26,141 [10] INFO  server.MyRequestInfoParser - 接收到客户端数据：RequestLogin:-1
2020-02-11 09:32:29,141 [10] INFO  server.MyRequestInfoParser - 接收到客户端数据：RequestLogin:-1
2020-02-11 09:32:30,128 [13] INFO  server.MyRequestInfoParser - 接收到客户端数据：HeartBeat:
2020-02-11 09:32:32,142 [10] INFO  server.MyRequestInfoParser - 接收到客户端数据：RequestLogin:-1
2020-02-11 09:32:35,128 [10] INFO  server.MyRequestInfoParser - 接收到客户端数据：HeartBeat:
2020-02-11 09:32:35,142 [13] INFO  server.MyRequestInfoParser - 接收到客户端数据：RequestLogin:-1
2020-02-11 09:32:38,142 [10] INFO  server.MyRequestInfoParser - 接收到客户端数据：RequestLogin:-1
2020-02-11 09:32:40,128 [10] INFO  server.MyRequestInfoParser - 接收到客户端数据：HeartBeat:
2020-02-11 09:32:41,142 [13] INFO  server.MyRequestInfoParser - 接收到客户端数据：RequestLogin:-1
2020-02-11 09:32:44,143 [10] INFO  server.MyRequestInfoParser - 接收到客户端数据：RequestLogin:-1
2020-02-11 09:32:45,128 [13] INFO  server.MyRequestInfoParser - 接收到客户端数据：HeartBeat:
2020-02-11 09:32:47,143 [10] INFO  server.MyRequestInfoParser - 接收到客户端数据：RequestLogin:-1
2020-02-11 09:32:50,128 [10] INFO  server.MyRequestInfoParser - 接收到客户端数据：HeartBeat:
2020-02-11 09:32:50,143 [13] INFO  server.MyRequestInfoParser - 接收到客户端数据：RequestLogin:-1
2020-02-11 09:32:53,144 [13] INFO  server.MyRequestInfoParser - 接收到客户端数据：RequestLogin:-1
2020-02-11 09:32:55,128 [10] INFO  server.MyRequestInfoParser - 接收到客户端数据：HeartBeat:
2020-02-11 09:32:56,144 [13] INFO  server.MyRequestInfoParser - 接收到客户端数据：RequestLogin:-1
2020-02-11 09:32:57,836 [10] INFO  server.MyRequestInfoParser - 接收到客户端数据：Post:server.DAO.UserDao@RegisterUser#17391767973#123456#管理#image1#123456#1
2020-02-11 09:32:59,144 [10] INFO  server.MyRequestInfoParser - 接收到客户端数据：RequestLogin:-1
2020-02-11 09:33:00,128 [13] INFO  server.MyRequestInfoParser - 接收到客户端数据：HeartBeat:
2020-02-11 09:33:02,144 [10] INFO  server.MyRequestInfoParser - 接收到客户端数据：RequestLogin:-1
2020-02-11 09:33:05,128 [10] INFO  server.MyRequestInfoParser - 接收到客户端数据：HeartBeat:
2020-02-11 09:33:05,144 [13] INFO  server.MyRequestInfoParser - 接收到客户端数据：RequestLogin:-1
2020-02-11 09:33:08,145 [12] INFO  server.MyRequestInfoParser - 接收到客户端数据：RequestLogin:-1
2020-02-11 09:33:10,129 [10] INFO  server.MyRequestInfoParser - 接收到客户端数据：HeartBeat:
2020-02-11 09:33:11,145 [13] INFO  server.MyRequestInfoParser - 接收到客户端数据：RequestLogin:-1
2020-02-11 09:33:14,145 [10] INFO  server.MyRequestInfoParser - 接收到客户端数据：RequestLogin:-1
2020-02-11 09:33:15,129 [13] INFO  server.MyRequestInfoParser - 接收到客户端数据：HeartBeat:
2020-02-11 09:33:17,145 [10] INFO  server.MyRequestInfoParser - 接收到客户端数据：RequestLogin:-1
2020-02-11 09:33:20,130 [10] INFO  server.MyRequestInfoParser - 接收到客户端数据：HeartBeat:
2020-02-11 09:33:20,146 [13] INFO  server.MyRequestInfoParser - 接收到客户端数据：RequestLogin:-1
2020-02-11 09:33:23,147 [13] INFO  server.MyRequestInfoParser - 接收到客户端数据：RequestLogin:-1
2020-02-11 09:33:25,130 [10] INFO  server.MyRequestInfoParser - 接收到客户端数据：HeartBeat:
2020-02-11 09:33:26,147 [11] INFO  server.MyRequestInfoParser - 接收到客户端数据：RequestLogin:-1
2020-02-11 09:33:29,148 [10] INFO  server.MyRequestInfoParser - 接收到客户端数据：RequestLogin:-1
2020-02-11 09:33:30,130 [11] INFO  server.MyRequestInfoParser - 接收到客户端数据：HeartBeat:
2020-02-11 09:33:32,147 [10] INFO  server.MyRequestInfoParser - 接收到客户端数据：RequestLogin:-1
2020-02-11 09:33:35,131 [10] INFO  server.MyRequestInfoParser - 接收到客户端数据：HeartBeat:
2020-02-11 09:33:35,147 [11] INFO  server.MyRequestInfoParser - 接收到客户端数据：RequestLogin:-1
2020-02-11 09:33:38,148 [7] INFO  server.MyRequestInfoParser - 接收到客户端数据：RequestLogin:-1
2020-02-11 09:33:40,131 [10] INFO  server.MyRequestInfoParser - 接收到客户端数据：HeartBeat:
2020-02-11 09:33:41,148 [11] INFO  server.MyRequestInfoParser - 接收到客户端数据：RequestLogin:-1
2020-02-11 09:33:44,148 [10] INFO  server.MyRequestInfoParser - 接收到客户端数据：RequestLogin:-1
2020-02-11 09:33:45,131 [11] INFO  server.MyRequestInfoParser - 接收到客户端数据：HeartBeat:
2020-02-11 09:33:47,149 [10] INFO  server.MyRequestInfoParser - 接收到客户端数据：RequestLogin:-1
2020-02-11 09:33:50,132 [10] INFO  server.MyRequestInfoParser - 接收到客户端数据：HeartBeat:
2020-02-11 09:33:50,150 [11] INFO  server.MyRequestInfoParser - 接收到客户端数据：RequestLogin:-1
2020-02-11 09:33:53,150 [11] INFO  server.MyRequestInfoParser - 接收到客户端数据：RequestLogin:-1
2020-02-11 09:33:55,132 [10] INFO  server.MyRequestInfoParser - 接收到客户端数据：HeartBeat:
2020-02-11 09:33:56,150 [11] INFO  server.MyRequestInfoParser - 接收到客户端数据：RequestLogin:-1
2020-02-11 09:33:59,151 [10] INFO  server.MyRequestInfoParser - 接收到客户端数据：RequestLogin:-1
2020-02-11 09:34:00,132 [11] INFO  server.MyRequestInfoParser - 接收到客户端数据：HeartBeat:
2020-02-11 09:34:02,151 [10] INFO  server.MyRequestInfoParser - 接收到客户端数据：RequestLogin:-1
2020-02-11 09:34:05,133 [10] INFO  server.MyRequestInfoParser - 接收到客户端数据：HeartBeat:
2020-02-11 09:34:05,151 [11] INFO  server.MyRequestInfoParser - 接收到客户端数据：RequestLogin:-1
2020-02-11 09:34:08,151 [7] INFO  server.MyRequestInfoParser - 接收到客户端数据：RequestLogin:-1
2020-02-11 09:34:10,132 [10] INFO  server.MyRequestInfoParser - 接收到客户端数据：HeartBeat:
2020-02-11 09:34:11,151 [11] INFO  server.MyRequestInfoParser - 接收到客户端数据：RequestLogin:-1
2020-02-11 09:34:14,152 [10] INFO  server.MyRequestInfoParser - 接收到客户端数据：RequestLogin:-1
2020-02-11 09:34:15,133 [11] INFO  server.MyRequestInfoParser - 接收到客户端数据：HeartBeat:
2020-02-11 09:34:17,151 [10] INFO  server.MyRequestInfoParser - 接收到客户端数据：RequestLogin:-1
2020-02-11 09:34:20,133 [10] INFO  server.MyRequestInfoParser - 接收到客户端数据：HeartBeat:
2020-02-11 09:34:20,152 [11] INFO  server.MyRequestInfoParser - 接收到客户端数据：RequestLogin:-1
2020-02-11 09:34:23,153 [11] INFO  server.MyRequestInfoParser - 接收到客户端数据：RequestLogin:-1
2020-02-11 09:34:25,134 [10] INFO  server.MyRequestInfoParser - 接收到客户端数据：HeartBeat:
2020-02-11 09:34:26,153 [11] INFO  server.MyRequestInfoParser - 接收到客户端数据：RequestLogin:-1
2020-02-11 09:34:29,153 [10] INFO  server.MyRequestInfoParser - 接收到客户端数据：RequestLogin:-1
2020-02-11 09:34:30,134 [11] INFO  server.MyRequestInfoParser - 接收到客户端数据：HeartBeat:
2020-02-11 09:34:32,153 [10] INFO  server.MyRequestInfoParser - 接收到客户端数据：RequestLogin:-1
2020-02-11 09:34:35,134 [10] INFO  server.MyRequestInfoParser - 接收到客户端数据：HeartBeat:
2020-02-11 09:34:35,154 [11] INFO  server.MyRequestInfoParser - 接收到客户端数据：RequestLogin:-1
2020-02-11 09:34:38,154 [7] INFO  server.MyRequestInfoParser - 接收到客户端数据：RequestLogin:-1
2020-02-11 09:34:40,134 [10] INFO  server.MyRequestInfoParser - 接收到客户端数据：HeartBeat:
2020-02-11 09:34:41,155 [11] INFO  server.MyRequestInfoParser - 接收到客户端数据：RequestLogin:-1
2020-02-11 09:34:44,155 [11] INFO  server.MyRequestInfoParser - 接收到客户端数据：RequestLogin:-1
2020-02-11 09:34:45,134 [10] INFO  server.MyRequestInfoParser - 接收到客户端数据：HeartBeat:
2020-02-11 09:34:47,156 [10] INFO  server.MyRequestInfoParser - 接收到客户端数据：RequestLogin:-1
2020-02-11 09:34:50,135 [10] INFO  server.MyRequestInfoParser - 接收到客户端数据：HeartBeat:
2020-02-11 09:34:50,157 [11] INFO  server.MyRequestInfoParser - 接收到客户端数据：RequestLogin:-1
2020-02-11 09:34:53,157 [11] INFO  server.MyRequestInfoParser - 接收到客户端数据：RequestLogin:-1
2020-02-11 09:34:55,135 [10] INFO  server.MyRequestInfoParser - 接收到客户端数据：HeartBeat:
2020-02-11 09:34:56,157 [11] INFO  server.MyRequestInfoParser - 接收到客户端数据：RequestLogin:-1
2020-02-11 09:34:59,157 [10] INFO  server.MyRequestInfoParser - 接收到客户端数据：RequestLogin:-1
2020-02-11 09:35:00,136 [11] INFO  server.MyRequestInfoParser - 接收到客户端数据：HeartBeat:
2020-02-11 09:35:02,158 [10] INFO  server.MyRequestInfoParser - 接收到客户端数据：RequestLogin:-1
2020-02-11 09:35:05,136 [10] INFO  server.MyRequestInfoParser - 接收到客户端数据：HeartBeat:
2020-02-11 09:35:05,158 [11] INFO  server.MyRequestInfoParser - 接收到客户端数据：RequestLogin:-1
2020-02-11 09:35:08,158 [7] INFO  server.MyRequestInfoParser - 接收到客户端数据：RequestLogin:-1
2020-02-11 09:35:10,137 [10] INFO  server.MyRequestInfoParser - 接收到客户端数据：HeartBeat:
2020-02-11 09:35:11,158 [11] INFO  server.MyRequestInfoParser - 接收到客户端数据：RequestLogin:-1
2020-02-11 09:35:14,159 [11] INFO  server.MyRequestInfoParser - 接收到客户端数据：RequestLogin:-1
2020-02-11 09:35:15,137 [10] INFO  server.MyRequestInfoParser - 接收到客户端数据：HeartBeat:
2020-02-11 09:35:17,159 [10] INFO  server.MyRequestInfoParser - 接收到客户端数据：RequestLogin:-1
2020-02-11 09:35:20,137 [10] INFO  server.MyRequestInfoParser - 接收到客户端数据：HeartBeat:
2020-02-11 09:35:20,159 [11] INFO  server.MyRequestInfoParser - 接收到客户端数据：RequestLogin:-1
2020-02-11 09:35:23,160 [7] INFO  server.MyRequestInfoParser - 接收到客户端数据：RequestLogin:-1
2020-02-11 09:35:25,138 [10] INFO  server.MyRequestInfoParser - 接收到客户端数据：HeartBeat:
2020-02-11 09:35:26,160 [11] INFO  server.MyRequestInfoParser - 接收到客户端数据：RequestLogin:-1
2020-02-11 09:35:29,161 [7] INFO  server.MyRequestInfoParser - 接收到客户端数据：RequestLogin:-1
2020-02-11 09:35:30,138 [12] INFO  server.MyRequestInfoParser - 接收到客户端数据：HeartBeat:
2020-02-11 09:35:32,162 [10] INFO  server.MyRequestInfoParser - 接收到客户端数据：RequestLogin:-1
2020-02-11 09:35:35,138 [10] INFO  server.MyRequestInfoParser - 接收到客户端数据：HeartBeat:
2020-02-11 09:35:35,162 [11] INFO  server.MyRequestInfoParser - 接收到客户端数据：RequestLogin:-1
2020-02-11 09:35:38,162 [7] INFO  server.MyRequestInfoParser - 接收到客户端数据：RequestLogin:-1
2020-02-11 09:35:40,138 [10] INFO  server.MyRequestInfoParser - 接收到客户端数据：HeartBeat:
2020-02-11 09:35:41,163 [11] INFO  server.MyRequestInfoParser - 接收到客户端数据：RequestLogin:-1
2020-02-11 09:35:41,414 [12] INFO  PubgServerA - Session: f253b526-e6ab-46fc-8f12-f3171e94ed1b/192.168.1.3:50294
This session was closed for ClientClosing!
2020-02-11 10:04:54,327 [1] INFO  PubgServerA - The server instance PubgServerA has been started!
2020-02-11 10:05:01,104 [5] INFO  PubgServerA - Session: 607cb3b2-119f-4371-acfa-7735ccb0d11a/192.168.1.3:50605
A new session connected!
2020-02-11 10:05:01,111 [10] INFO  PubgServerA - 新的客户端连接：192.168.1.3:50605
2020-02-11 10:05:04,112 [10] INFO  server.MyRequestInfoParser - 接收到客户端数据：RequestLogin:-1
2020-02-11 10:05:05,246 [10] INFO  server.MyRequestInfoParser - 接收到客户端数据：Post:server.DAO.LoginDao@CheckLogin#17391767973#123456
2020-02-11 10:05:05,248 [10] INFO  server.DAO.LoginDao - 用户登陆验证：17391767973
2020-02-11 10:05:06,100 [10] INFO  server.MyRequestInfoParser - 接收到客户端数据：HeartBeat:
2020-02-11 10:05:07,111 [10] INFO  server.MyRequestInfoParser - 接收到客户端数据：RequestLogin:-1
2020-02-11 10:05:10,111 [13] INFO  server.MyRequestInfoParser - 接收到客户端数据：RequestLogin:-1
2020-02-11 10:05:11,100 [10] INFO  server.MyRequestInfoParser - 接收到客户端数据：HeartBeat:
2020-02-11 10:05:13,111 [10] INFO  server.MyRequestInfoParser - 接收到客户端数据：RequestLogin:-1
2020-02-11 10:05:16,100 [10] INFO  server.MyRequestInfoParser - 接收到客户端数据：HeartBeat:
2020-02-11 10:05:16,111 [13] INFO  server.MyRequestInfoParser - 接收到客户端数据：RequestLogin:-1
2020-02-11 10:05:19,112 [10] INFO  server.MyRequestInfoParser - 接收到客户端数据：RequestLogin:-1
2020-02-11 10:05:21,100 [10] INFO  server.MyRequestInfoParser - 接收到客户端数据：HeartBeat:
2020-02-11 10:05:22,112 [13] INFO  server.MyRequestInfoParser - 接收到客户端数据：RequestLogin:-1
2020-02-11 10:05:25,112 [13] INFO  server.MyRequestInfoParser - 接收到客户端数据：RequestLogin:-1
2020-02-11 10:05:26,101 [10] INFO  server.MyRequestInfoParser - 接收到客户端数据：HeartBeat:
2020-02-11 10:05:28,112 [10] INFO  server.MyRequestInfoParser - 接收到客户端数据：RequestLogin:-1
2020-02-11 10:05:31,101 [10] INFO  server.MyRequestInfoParser - 接收到客户端数据：HeartBeat:
2020-02-11 10:05:31,112 [13] INFO  server.MyRequestInfoParser - 接收到客户端数据：RequestLogin:-1
2020-02-11 10:05:34,113 [10] INFO  server.MyRequestInfoParser - 接收到客户端数据：RequestLogin:-1
2020-02-11 10:05:35,173 [10] INFO  server.MyRequestInfoParser - 接收到客户端数据：Post:server.DAO.UserDao@RegisterUser#17391767973#123456#管六安#image1#123456#1
2020-02-11 10:05:36,101 [13] INFO  server.MyRequestInfoParser - 接收到客户端数据：HeartBeat:
2020-02-11 10:05:37,113 [10] INFO  server.MyRequestInfoParser - 接收到客户端数据：RequestLogin:-1
2020-02-11 10:05:40,117 [13] INFO  server.MyRequestInfoParser - 接收到客户端数据：RequestLogin:-1
2020-02-11 10:05:41,102 [10] INFO  server.MyRequestInfoParser - 接收到客户端数据：HeartBeat:
2020-02-11 10:05:43,118 [10] INFO  server.MyRequestInfoParser - 接收到客户端数据：RequestLogin:-1
2020-02-11 10:05:46,103 [10] INFO  server.MyRequestInfoParser - 接收到客户端数据：HeartBeat:
2020-02-11 10:05:46,118 [13] INFO  server.MyRequestInfoParser - 接收到客户端数据：RequestLogin:-1
2020-02-11 10:05:49,117 [10] INFO  server.MyRequestInfoParser - 接收到客户端数据：RequestLogin:-1
2020-02-11 10:05:49,550 [10] INFO  server.MyRequestInfoParser - 接收到客户端数据：Post:server.DAO.LoginDao@CheckLogin#17391767973#123456
2020-02-11 10:05:49,550 [10] INFO  server.DAO.LoginDao - 用户登陆验证：17391767973
2020-02-11 10:05:49,666 [12] INFO  server.MyRequestInfoParser - 接收到客户端数据：Post:server.DAO.CodeDao@CheckCode#000001#31#be367d090e0f13218448182032916d36525aeba0#Desktop#Windows 10  (10.0.0) 64bit
2020-02-11 10:05:49,879 [10] INFO  server.MyRequestInfoParser - 接收到客户端数据：Post:server.DAO.SearchGrounpDao@SearchAllGrounp#31#-1
2020-02-11 10:05:49,880 [10] INFO  server.DAO.SearchGrounpDao - 查询用户下的所有队：31
2020-02-11 10:05:49,915 [10] INFO  server.Tool.MySqlExecuteTools - excepstion：类型“System.String”的对象无法转换为类型“System.Int32”。
2020-02-11 10:05:51,108 [10] INFO  server.MyRequestInfoParser - 接收到客户端数据：HeartBeat:
2020-02-11 10:05:52,118 [13] INFO  server.MyRequestInfoParser - 接收到客户端数据：RequestLogin:17391767973
2020-02-11 10:05:55,119 [13] INFO  server.MyRequestInfoParser - 接收到客户端数据：RequestLogin:17391767973
2020-02-11 10:05:56,108 [10] INFO  server.MyRequestInfoParser - 接收到客户端数据：HeartBeat:
2020-02-11 10:05:58,119 [10] INFO  server.MyRequestInfoParser - 接收到客户端数据：RequestLogin:17391767973
2020-02-11 10:06:01,108 [10] INFO  server.MyRequestInfoParser - 接收到客户端数据：HeartBeat:
2020-02-11 10:06:01,119 [13] INFO  server.MyRequestInfoParser - 接收到客户端数据：RequestLogin:17391767973
2020-02-11 10:06:04,119 [12] INFO  server.MyRequestInfoParser - 接收到客户端数据：RequestLogin:17391767973
2020-02-11 10:06:06,108 [12] INFO  server.MyRequestInfoParser - 接收到客户端数据：HeartBeat:
2020-02-11 10:06:07,120 [11] INFO  server.MyRequestInfoParser - 接收到客户端数据：RequestLogin:17391767973
2020-02-11 10:06:10,120 [8] INFO  server.MyRequestInfoParser - 接收到客户端数据：RequestLogin:17391767973
2020-02-11 10:06:11,108 [12] INFO  server.MyRequestInfoParser - 接收到客户端数据：HeartBeat:
2020-02-11 10:06:11,462 [11] INFO  PubgServerA - Session: 607cb3b2-119f-4371-acfa-7735ccb0d11a/192.168.1.3:50605
This session was closed for ClientClosing!
2020-02-11 10:06:13,744 [5] INFO  PubgServerA - Session: 9b339768-f189-46ae-beb4-4165864fbea8/192.168.1.3:50619
A new session connected!
2020-02-11 10:06:13,747 [12] INFO  PubgServerA - 新的客户端连接：192.168.1.3:50619
2020-02-11 10:06:16,759 [12] INFO  server.MyRequestInfoParser - 接收到客户端数据：RequestLogin:-1
2020-02-11 10:06:17,446 [11] INFO  server.MyRequestInfoParser - 接收到客户端数据：Post:server.DAO.LoginDao@CheckLogin#17391767973#123456
2020-02-11 10:06:17,446 [11] INFO  server.DAO.LoginDao - 用户登陆验证：17391767973
2020-02-11 10:06:17,517 [13] INFO  server.MyRequestInfoParser - 接收到客户端数据：Post:server.DAO.CodeDao@CheckCode#000001#31#be367d090e0f13218448182032916d36525aeba0#Desktop#Windows 10  (10.0.0) 64bit
2020-02-11 10:06:17,653 [11] INFO  server.MyRequestInfoParser - 接收到客户端数据：Post:server.DAO.SearchGrounpDao@SearchAllGrounp#31#-1
2020-02-11 10:06:17,653 [11] INFO  server.DAO.SearchGrounpDao - 查询用户下的所有队：31
2020-02-11 10:06:17,667 [11] INFO  server.Tool.MySqlExecuteTools - excepstion：类型“System.String”的对象无法转换为类型“System.Int32”。
2020-02-11 10:06:18,757 [12] INFO  server.MyRequestInfoParser - 接收到客户端数据：HeartBeat:
2020-02-11 10:06:19,758 [12] INFO  server.MyRequestInfoParser - 接收到客户端数据：RequestLogin:17391767973
2020-02-11 10:06:22,757 [12] INFO  server.MyRequestInfoParser - 接收到客户端数据：RequestLogin:17391767973
2020-02-11 10:06:23,757 [11] INFO  server.MyRequestInfoParser - 接收到客户端数据：HeartBeat:
2020-02-11 10:06:25,758 [8] INFO  server.MyRequestInfoParser - 接收到客户端数据：RequestLogin:17391767973
2020-02-11 10:06:28,758 [12] INFO  server.MyRequestInfoParser - 接收到客户端数据：HeartBeat:
2020-02-11 10:06:28,758 [12] INFO  server.MyRequestInfoParser - 接收到客户端数据：RequestLogin:17391767973
2020-02-11 10:06:31,758 [12] INFO  server.MyRequestInfoParser - 接收到客户端数据：RequestLogin:17391767973
2020-02-11 10:06:33,759 [12] INFO  server.MyRequestInfoParser - 接收到客户端数据：HeartBeat:
2020-02-11 10:06:34,759 [11] INFO  server.MyRequestInfoParser - 接收到客户端数据：RequestLogin:17391767973
2020-02-11 10:06:37,759 [12] INFO  server.MyRequestInfoParser - 接收到客户端数据：RequestLogin:17391767973
2020-02-11 10:06:38,759 [8] INFO  server.MyRequestInfoParser - 接收到客户端数据：HeartBeat:
2020-02-11 10:06:40,759 [8] INFO  server.MyRequestInfoParser - 接收到客户端数据：RequestLogin:17391767973
2020-02-11 10:06:43,759 [12] INFO  server.MyRequestInfoParser - 接收到客户端数据：HeartBeat:
2020-02-11 10:06:43,759 [13] INFO  server.MyRequestInfoParser - 接收到客户端数据：RequestLogin:17391767973
2020-02-11 10:06:46,759 [12] INFO  server.MyRequestInfoParser - 接收到客户端数据：RequestLogin:17391767973
2020-02-11 10:06:48,759 [12] INFO  server.MyRequestInfoParser - 接收到客户端数据：HeartBeat:
2020-02-11 10:06:49,759 [12] INFO  server.MyRequestInfoParser - 接收到客户端数据：RequestLogin:17391767973
2020-02-11 10:06:52,760 [12] INFO  server.MyRequestInfoParser - 接收到客户端数据：RequestLogin:17391767973
2020-02-11 10:06:53,759 [11] INFO  server.MyRequestInfoParser - 接收到客户端数据：HeartBeat:
2020-02-11 10:06:55,760 [8] INFO  server.MyRequestInfoParser - 接收到客户端数据：RequestLogin:17391767973
2020-02-11 10:06:58,759 [12] INFO  server.MyRequestInfoParser - 接收到客户端数据：HeartBeat:
2020-02-11 10:06:58,760 [13] INFO  server.MyRequestInfoParser - 接收到客户端数据：RequestLogin:17391767973
2020-02-11 10:07:01,760 [12] INFO  server.MyRequestInfoParser - 接收到客户端数据：RequestLogin:17391767973
2020-02-11 10:07:03,760 [12] INFO  server.MyRequestInfoParser - 接收到客户端数据：HeartBeat:
2020-02-11 10:07:04,760 [12] INFO  server.MyRequestInfoParser - 接收到客户端数据：RequestLogin:17391767973
2020-02-11 10:07:07,139 [12] INFO  PubgServerA - Session: 9b339768-f189-46ae-beb4-4165864fbea8/192.168.1.3:50619
This session was closed for ClientClosing!
2020-02-11 10:07:12,872 [5] INFO  PubgServerA - Session: 9db8bf30-2193-4372-ab6b-bcd4877af2da/192.168.1.3:50634
A new session connected!
2020-02-11 10:07:12,874 [12] INFO  PubgServerA - 新的客户端连接：192.168.1.3:50634
2020-02-11 10:07:15,886 [8] INFO  server.MyRequestInfoParser - 接收到客户端数据：RequestLogin:-1
2020-02-11 10:07:17,879 [12] INFO  server.MyRequestInfoParser - 接收到客户端数据：HeartBeat:
2020-02-11 10:07:18,886 [11] INFO  server.MyRequestInfoParser - 接收到客户端数据：RequestLogin:-1
2020-02-11 10:07:21,886 [12] INFO  server.MyRequestInfoParser - 接收到客户端数据：RequestLogin:-1
2020-02-11 10:07:22,879 [11] INFO  server.MyRequestInfoParser - 接收到客户端数据：HeartBeat:
2020-02-11 10:07:24,887 [7] INFO  server.MyRequestInfoParser - 接收到客户端数据：RequestLogin:-1
2020-02-11 10:07:27,879 [12] INFO  server.MyRequestInfoParser - 接收到客户端数据：HeartBeat:
2020-02-11 10:07:27,887 [8] INFO  server.MyRequestInfoParser - 接收到客户端数据：RequestLogin:-1
2020-02-11 10:07:30,887 [7] INFO  server.MyRequestInfoParser - 接收到客户端数据：RequestLogin:-1
2020-02-11 10:07:32,879 [13] INFO  server.MyRequestInfoParser - 接收到客户端数据：HeartBeat:
2020-02-11 10:07:33,888 [8] INFO  server.MyRequestInfoParser - 接收到客户端数据：RequestLogin:-1
2020-02-11 10:07:36,888 [13] INFO  server.MyRequestInfoParser - 接收到客户端数据：RequestLogin:-1
2020-02-11 10:07:37,880 [8] INFO  server.MyRequestInfoParser - 接收到客户端数据：HeartBeat:
2020-02-11 10:07:39,888 [7] INFO  server.MyRequestInfoParser - 接收到客户端数据：RequestLogin:-1
2020-02-11 10:07:42,880 [13] INFO  server.MyRequestInfoParser - 接收到客户端数据：HeartBeat:
2020-02-11 10:07:42,888 [8] INFO  server.MyRequestInfoParser - 接收到客户端数据：RequestLogin:-1
2020-02-11 10:07:45,888 [8] INFO  server.MyRequestInfoParser - 接收到客户端数据：RequestLogin:-1
2020-02-11 10:07:47,880 [13] INFO  server.MyRequestInfoParser - 接收到客户端数据：HeartBeat:
2020-02-11 10:07:48,889 [13] INFO  server.MyRequestInfoParser - 接收到客户端数据：RequestLogin:-1
2020-02-11 10:10:49,969 [1] INFO  PubgServerA - The server instance PubgServerA has been started!
2020-02-11 10:11:00,584 [7] INFO  PubgServerA - Session: 989e3714-fd18-47d6-b540-8eeffd1ea9aa/192.168.1.3:50699
A new session connected!
2020-02-11 10:11:00,592 [10] INFO  PubgServerA - 新的客户端连接：192.168.1.3:50699
2020-02-11 10:11:03,589 [10] INFO  server.MyRequestInfoParser - 接收到客户端数据：RequestLogin:-1
2020-02-11 10:11:05,271 [10] INFO  server.MyRequestInfoParser - 接收到客户端数据：Post:server.DAO.LoginDao@CheckLogin#17391767973#123456
2020-02-11 10:11:05,273 [10] INFO  server.DAO.LoginDao - 用户登陆验证：17391767973
2020-02-11 10:11:05,376 [13] INFO  server.MyRequestInfoParser - 接收到客户端数据：Post:server.DAO.CodeDao@CheckCode#000001#31#1#be367d090e0f13218448182032916d36525aeba0#Desktop#Windows 10  (10.0.0) 64bit
2020-02-11 10:11:05,582 [12] INFO  server.MyRequestInfoParser - 接收到客户端数据：HeartBeat:
2020-02-11 10:11:06,585 [10] INFO  server.MyRequestInfoParser - 接收到客户端数据：RequestLogin:17391767973
2020-02-11 10:11:09,584 [10] INFO  server.MyRequestInfoParser - 接收到客户端数据：RequestLogin:17391767973
2020-02-11 10:11:10,583 [14] INFO  server.MyRequestInfoParser - 接收到客户端数据：HeartBeat:
2020-02-11 10:11:12,584 [10] INFO  server.MyRequestInfoParser - 接收到客户端数据：RequestLogin:17391767973
2020-02-11 10:11:13,053 [13] INFO  PubgServerA - Session: 989e3714-fd18-47d6-b540-8eeffd1ea9aa/192.168.1.3:50699
This session was closed for ClientClosing!
2020-02-11 10:12:07,979 [6] INFO  PubgServerA - Session: 9baaa00b-2630-45dc-a799-8fa6e5dc806d/192.168.1.3:50707
A new session connected!
2020-02-11 10:12:07,980 [10] INFO  PubgServerA - 新的客户端连接：192.168.1.3:50707
2020-02-11 10:12:10,993 [11] INFO  server.MyRequestInfoParser - 接收到客户端数据：RequestLogin:-1
2020-02-11 10:12:12,986 [10] INFO  server.MyRequestInfoParser - 接收到客户端数据：HeartBeat:
2020-02-11 10:12:13,992 [13] INFO  server.MyRequestInfoParser - 接收到客户端数据：RequestLogin:-1
2020-02-11 10:12:16,393 [13] INFO  server.MyRequestInfoParser - 接收到客户端数据：Post:server.DAO.LoginDao@CheckLogin#17391767973#123456
2020-02-11 10:12:16,393 [13] INFO  server.DAO.LoginDao - 用户登陆验证：17391767973
2020-02-11 10:12:16,466 [11] INFO  server.MyRequestInfoParser - 接收到客户端数据：Post:server.DAO.CodeDao@CheckCode#000001#31#1#be367d090e0f13218448182032916d36525aeba0#Desktop#Windows 10  (10.0.0) 64bit
2020-02-11 10:12:16,997 [12] INFO  server.MyRequestInfoParser - 接收到客户端数据：RequestLogin:17391767973
2020-02-11 10:12:17,986 [10] INFO  server.MyRequestInfoParser - 接收到客户端数据：HeartBeat:
2020-02-11 10:12:19,998 [12] INFO  server.MyRequestInfoParser - 接收到客户端数据：RequestLogin:17391767973
2020-02-11 10:12:21,527 [10] INFO  server.MyRequestInfoParser - 接收到客户端数据：Post:server.DAO.CodeDao@CheckCode#000003#31#1#be367d090e0f13218448182032916d36525aeba0#Desktop#Windows 10  (10.0.0) 64bit
2020-02-11 10:12:21,693 [14] INFO  server.MyRequestInfoParser - 接收到客户端数据：Post:server.DAO.SearchGrounpDao@SearchAllGrounp#31#-1
2020-02-11 10:12:21,694 [14] INFO  server.DAO.SearchGrounpDao - 查询用户下的所有队：31
2020-02-11 10:12:21,727 [14] INFO  server.Tool.MySqlExecuteTools - excepstion：类型“System.String”的对象无法转换为类型“System.Int32”。
2020-02-11 10:12:22,991 [12] INFO  server.MyRequestInfoParser - 接收到客户端数据：HeartBeat:
2020-02-11 10:12:22,998 [11] INFO  server.MyRequestInfoParser - 接收到客户端数据：RequestLogin:17391767973
2020-02-11 10:12:23,990 [10] INFO  PubgServerA - Session: 9baaa00b-2630-45dc-a799-8fa6e5dc806d/192.168.1.3:50707
This session was closed for ClientClosing!
2020-02-11 10:12:31,709 [6] INFO  PubgServerA - Session: 30994955-b7c2-4db6-ba80-72293abd966c/192.168.1.3:50712
A new session connected!
2020-02-11 10:12:31,711 [12] INFO  PubgServerA - 新的客户端连接：192.168.1.3:50712
2020-02-11 10:12:34,724 [12] INFO  server.MyRequestInfoParser - 接收到客户端数据：RequestLogin:-1
2020-02-11 10:12:36,717 [12] INFO  server.MyRequestInfoParser - 接收到客户端数据：HeartBeat:
2020-02-11 10:12:37,723 [14] INFO  server.MyRequestInfoParser - 接收到客户端数据：RequestLogin:-1
2020-02-11 10:12:40,724 [12] INFO  server.MyRequestInfoParser - 接收到客户端数据：RequestLogin:-1
2020-02-11 10:12:41,717 [12] INFO  server.MyRequestInfoParser - 接收到客户端数据：HeartBeat:
2020-02-11 10:12:43,724 [12] INFO  server.MyRequestInfoParser - 接收到客户端数据：RequestLogin:-1
2020-02-11 10:12:46,717 [12] INFO  server.MyRequestInfoParser - 接收到客户端数据：HeartBeat:
2020-02-11 10:12:46,725 [14] INFO  server.MyRequestInfoParser - 接收到客户端数据：RequestLogin:-1
2020-02-11 10:12:49,725 [12] INFO  server.MyRequestInfoParser - 接收到客户端数据：RequestLogin:-1
2020-02-11 10:12:51,717 [12] INFO  server.MyRequestInfoParser - 接收到客户端数据：HeartBeat:
2020-02-11 10:12:51,836 [14] INFO  server.MyRequestInfoParser - 接收到客户端数据：Post:server.DAO.UserDao@RegisterUser#17391767972#123456#天涯#image1#123456#0
2020-02-11 10:12:52,726 [12] INFO  server.MyRequestInfoParser - 接收到客户端数据：RequestLogin:-1
2020-02-11 10:12:55,730 [11] INFO  server.MyRequestInfoParser - 接收到客户端数据：RequestLogin:-1
2020-02-11 10:12:56,718 [12] INFO  server.MyRequestInfoParser - 接收到客户端数据：HeartBeat:
2020-02-11 10:12:58,730 [12] INFO  server.MyRequestInfoParser - 接收到客户端数据：RequestLogin:-1
2020-02-11 10:13:01,419 [12] INFO  server.MyRequestInfoParser - 接收到客户端数据：Post:server.DAO.LoginDao@CheckLogin#17391767972#123456
2020-02-11 10:13:01,419 [12] INFO  server.DAO.LoginDao - 用户登陆验证：17391767972
2020-02-11 10:13:01,485 [14] INFO  server.MyRequestInfoParser - 接收到客户端数据：Post:server.DAO.CodeDao@CheckCode#000003#32#0#be367d090e0f13218448182032916d36525aeba0#Desktop#Windows 10  (10.0.0) 64bit
2020-02-11 10:13:01,723 [13] INFO  server.MyRequestInfoParser - 接收到客户端数据：HeartBeat:
2020-02-11 10:13:01,731 [11] INFO  server.MyRequestInfoParser - 接收到客户端数据：RequestLogin:17391767972
2020-02-11 10:13:04,731 [12] INFO  server.MyRequestInfoParser - 接收到客户端数据：RequestLogin:17391767972
2020-02-11 10:13:05,865 [14] INFO  server.MyRequestInfoParser - 接收到客户端数据：Post:server.DAO.CodeDao@CheckCode#000001#32#0#be367d090e0f13218448182032916d36525aeba0#Desktop#Windows 10  (10.0.0) 64bit
2020-02-11 10:13:06,035 [13] INFO  server.MyRequestInfoParser - 接收到客户端数据：Post:server.DAO.SearchGrounpDao@SearchAllGrounp#0#-1
2020-02-11 10:13:06,035 [13] INFO  server.DAO.SearchGrounpDao - 查询用户下的所有队：0
2020-02-11 10:13:06,050 [13] INFO  server.Tool.MySqlExecuteTools - excepstion：类型“System.String”的对象无法转换为类型“System.Int32”。
2020-02-11 10:13:06,050 [13] INFO  server.MyRequestInfoParser - 接收到客户端数据：Post:server.DAO.JoinRoomDao@SearchEnterRoomState#32
2020-02-11 10:13:06,728 [14] INFO  server.MyRequestInfoParser - 接收到客户端数据：HeartBeat:
2020-02-11 10:13:07,731 [12] INFO  server.MyRequestInfoParser - 接收到客户端数据：RequestLogin:17391767972
2020-02-11 10:13:08,073 [14] INFO  server.MyRequestInfoParser - 接收到客户端数据：Post:server.DAO.JoinRoomDao@SearchEnterRoomState#32
2020-02-11 10:13:08,324 [13] INFO  PubgServerA - Session: 30994955-b7c2-4db6-ba80-72293abd966c/192.168.1.3:50712
This session was closed for ClientClosing!
2020-02-11 10:49:32,338 [6] INFO  PubgServerA - Session: adc96540-c39f-45d1-bb10-c06daa632e65/192.168.1.3:50968
A new session connected!
2020-02-11 10:49:32,339 [12] INFO  PubgServerA - 新的客户端连接：192.168.1.3:50968
2020-02-11 10:49:35,354 [12] INFO  server.MyRequestInfoParser - 接收到客户端数据：RequestLogin:-1
2020-02-11 10:49:37,350 [14] INFO  server.MyRequestInfoParser - 接收到客户端数据：HeartBeat:
2020-02-11 10:49:38,352 [12] INFO  server.MyRequestInfoParser - 接收到客户端数据：RequestLogin:-1
2020-02-11 10:49:41,352 [14] INFO  server.MyRequestInfoParser - 接收到客户端数据：RequestLogin:-1
2020-02-11 10:49:42,350 [14] INFO  server.MyRequestInfoParser - 接收到客户端数据：HeartBeat:
2020-02-11 10:49:44,352 [12] INFO  server.MyRequestInfoParser - 接收到客户端数据：RequestLogin:-1
2020-02-11 10:49:47,350 [17] INFO  server.MyRequestInfoParser - 接收到客户端数据：HeartBeat:
2020-02-11 10:49:47,351 [14] INFO  server.MyRequestInfoParser - 接收到客户端数据：RequestLogin:-1
2020-02-11 10:49:50,352 [14] INFO  server.MyRequestInfoParser - 接收到客户端数据：RequestLogin:-1
2020-02-11 10:49:52,351 [12] INFO  server.MyRequestInfoParser - 接收到客户端数据：HeartBeat:
2020-02-11 10:49:53,352 [11] INFO  server.MyRequestInfoParser - 接收到客户端数据：RequestLogin:-1
2020-02-11 10:49:56,353 [12] INFO  server.MyRequestInfoParser - 接收到客户端数据：RequestLogin:-1
2020-02-11 10:49:57,351 [12] INFO  server.MyRequestInfoParser - 接收到客户端数据：HeartBeat:
2020-02-11 10:49:59,354 [12] INFO  server.MyRequestInfoParser - 接收到客户端数据：RequestLogin:-1
2020-02-11 10:50:02,351 [12] INFO  server.MyRequestInfoParser - 接收到客户端数据：HeartBeat:
2020-02-11 10:50:02,354 [17] INFO  server.MyRequestInfoParser - 接收到客户端数据：RequestLogin:-1
2020-02-11 10:50:05,354 [12] INFO  server.MyRequestInfoParser - 接收到客户端数据：RequestLogin:-1
2020-02-11 10:50:07,351 [12] INFO  server.MyRequestInfoParser - 接收到客户端数据：HeartBeat:
2020-02-11 10:50:08,354 [12] INFO  server.MyRequestInfoParser - 接收到客户端数据：RequestLogin:-1
2020-02-11 10:50:11,355 [14] INFO  server.MyRequestInfoParser - 接收到客户端数据：RequestLogin:-1
2020-02-11 10:50:12,351 [14] INFO  server.MyRequestInfoParser - 接收到客户端数据：HeartBeat:
2020-02-11 10:50:14,355 [12] INFO  server.MyRequestInfoParser - 接收到客户端数据：RequestLogin:-1
2020-02-11 10:50:17,352 [17] INFO  server.MyRequestInfoParser - 接收到客户端数据：HeartBeat:
2020-02-11 10:50:17,356 [12] INFO  server.MyRequestInfoParser - 接收到客户端数据：RequestLogin:-1
2020-02-11 10:50:20,356 [12] INFO  server.MyRequestInfoParser - 接收到客户端数据：RequestLogin:-1
2020-02-11 10:50:22,351 [11] INFO  server.MyRequestInfoParser - 接收到客户端数据：HeartBeat:
2020-02-11 10:50:23,356 [12] INFO  server.MyRequestInfoParser - 接收到客户端数据：RequestLogin:-1
2020-02-11 10:50:26,356 [12] INFO  server.MyRequestInfoParser - 接收到客户端数据：RequestLogin:-1
2020-02-11 10:50:27,351 [12] INFO  server.MyRequestInfoParser - 接收到客户端数据：HeartBeat:
2020-02-11 10:50:29,356 [12] INFO  server.MyRequestInfoParser - 接收到客户端数据：RequestLogin:-1
2020-02-11 10:50:32,352 [12] INFO  server.MyRequestInfoParser - 接收到客户端数据：HeartBeat:
2020-02-11 10:50:32,357 [14] INFO  server.MyRequestInfoParser - 接收到客户端数据：RequestLogin:-1
2020-02-11 10:50:35,358 [12] INFO  server.MyRequestInfoParser - 接收到客户端数据：RequestLogin:-1
2020-02-11 10:50:37,352 [12] INFO  server.MyRequestInfoParser - 接收到客户端数据：HeartBeat:
2020-02-11 10:50:38,358 [12] INFO  server.MyRequestInfoParser - 接收到客户端数据：RequestLogin:-1
2020-02-11 10:50:41,358 [14] INFO  server.MyRequestInfoParser - 接收到客户端数据：RequestLogin:-1
2020-02-11 10:50:42,353 [14] INFO  server.MyRequestInfoParser - 接收到客户端数据：HeartBeat:
2020-02-11 10:50:44,358 [12] INFO  server.MyRequestInfoParser - 接收到客户端数据：RequestLogin:-1
2020-02-11 10:50:47,353 [17] INFO  server.MyRequestInfoParser - 接收到客户端数据：HeartBeat:
2020-02-11 10:50:47,359 [14] INFO  server.MyRequestInfoParser - 接收到客户端数据：RequestLogin:-1
2020-02-11 10:50:50,359 [12] INFO  server.MyRequestInfoParser - 接收到客户端数据：RequestLogin:-1
2020-02-11 10:50:52,353 [17] INFO  server.MyRequestInfoParser - 接收到客户端数据：HeartBeat:
2020-02-11 10:50:53,360 [12] INFO  server.MyRequestInfoParser - 接收到客户端数据：RequestLogin:-1
2020-02-11 10:50:56,360 [12] INFO  server.MyRequestInfoParser - 接收到客户端数据：RequestLogin:-1
2020-02-11 10:50:57,373 [12] INFO  PubgServerA - Session: adc96540-c39f-45d1-bb10-c06daa632e65/192.168.1.3:50968
This session was closed for ClientClosing!
2020-02-11 10:51:04,496 [6] INFO  PubgServerA - Session: 90108464-5339-4e43-a206-16cce38a5488/192.168.1.3:50987
A new session connected!
2020-02-11 10:51:04,496 [12] INFO  PubgServerA - 新的客户端连接：192.168.1.3:50987
2020-02-11 10:51:07,509 [17] INFO  server.MyRequestInfoParser - 接收到客户端数据：RequestLogin:-1
2020-02-11 10:51:09,503 [12] INFO  server.MyRequestInfoParser - 接收到客户端数据：HeartBeat:
2020-02-11 10:51:10,509 [11] INFO  server.MyRequestInfoParser - 接收到客户端数据：RequestLogin:-1
2020-02-11 10:51:13,509 [12] INFO  server.MyRequestInfoParser - 接收到客户端数据：RequestLogin:-1
2020-02-11 10:51:14,504 [11] INFO  server.MyRequestInfoParser - 接收到客户端数据：HeartBeat:
2020-02-11 10:51:16,509 [12] INFO  server.MyRequestInfoParser - 接收到客户端数据：RequestLogin:-1
2020-02-11 10:51:19,504 [12] INFO  server.MyRequestInfoParser - 接收到客户端数据：HeartBeat:
2020-02-11 10:51:19,510 [11] INFO  server.MyRequestInfoParser - 接收到客户端数据：RequestLogin:-1
2020-02-11 10:51:20,468 [12] INFO  server.MyRequestInfoParser - 接收到客户端数据：Post:server.DAO.LoginDao@CheckLogin#17391767972#123456
2020-02-11 10:51:20,468 [12] INFO  server.DAO.LoginDao - 用户登陆验证：17391767972
2020-02-11 10:51:20,544 [14] INFO  server.MyRequestInfoParser - 接收到客户端数据：Post:server.DAO.CodeDao@CheckCode#000001#32#0#be367d090e0f13218448182032916d36525aeba0#Desktop#Windows 10  (10.0.0) 64bit
2020-02-11 10:51:20,672 [12] INFO  server.MyRequestInfoParser - 接收到客户端数据：Post:server.DAO.SearchGrounpDao@SearchAllGrounp#0#-1
2020-02-11 10:51:20,672 [12] INFO  server.DAO.SearchGrounpDao - 查询用户下的所有队：0
2020-02-11 10:51:20,686 [12] INFO  server.Tool.MySqlExecuteTools - excepstion：类型“System.String”的对象无法转换为类型“System.Int32”。
2020-02-11 10:51:20,686 [12] INFO  server.MyRequestInfoParser - 接收到客户端数据：Post:server.DAO.JoinRoomDao@SearchEnterRoomState#32
2020-02-11 10:51:22,515 [12] INFO  server.MyRequestInfoParser - 接收到客户端数据：RequestLogin:17391767972
2020-02-11 10:51:22,737 [11] INFO  server.MyRequestInfoParser - 接收到客户端数据：Post:server.DAO.JoinRoomDao@SearchEnterRoomState#32
2020-02-11 10:51:24,505 [12] INFO  server.MyRequestInfoParser - 接收到客户端数据：HeartBeat:
2020-02-11 10:51:24,742 [11] INFO  server.MyRequestInfoParser - 接收到客户端数据：Post:server.DAO.JoinRoomDao@SearchEnterRoomState#32
2020-02-11 10:51:25,516 [14] INFO  server.MyRequestInfoParser - 接收到客户端数据：RequestLogin:17391767972
2020-02-11 10:51:26,746 [17] INFO  server.MyRequestInfoParser - 接收到客户端数据：Post:server.DAO.JoinRoomDao@SearchEnterRoomState#32
2020-02-11 10:51:27,312 [11] INFO  PubgServerA - Session: 90108464-5339-4e43-a206-16cce38a5488/192.168.1.3:50987
This session was closed for ClientClosing!
2020-02-11 10:51:30,511 [6] INFO  PubgServerA - Session: e576e059-6484-45c4-b0be-a74b056a78a3/192.168.1.3:50991
A new session connected!
2020-02-11 10:51:30,512 [12] INFO  PubgServerA - 新的客户端连接：192.168.1.3:50991
2020-02-11 10:51:31,520 [17] INFO  server.MyRequestInfoParser - 接收到客户端数据：RequestLogin:-1
2020-02-11 10:51:33,622 [12] INFO  server.MyRequestInfoParser - 接收到客户端数据：Post:server.DAO.LoginDao@CheckLogin#17391767973#123456
2020-02-11 10:51:33,623 [12] INFO  server.DAO.LoginDao - 用户登陆验证：17391767973
2020-02-11 10:51:33,781 [11] INFO  server.MyRequestInfoParser - 接收到客户端数据：Post:server.DAO.SearchGrounpDao@SearchAllGrounp#31#-1
2020-02-11 10:51:33,781 [11] INFO  server.DAO.SearchGrounpDao - 查询用户下的所有队：31
2020-02-11 10:51:33,795 [11] INFO  server.Tool.MySqlExecuteTools - excepstion：类型“System.String”的对象无法转换为类型“System.Int32”。
2020-02-11 10:51:34,509 [12] INFO  server.MyRequestInfoParser - 接收到客户端数据：HeartBeat:
2020-02-11 10:51:34,521 [17] INFO  server.MyRequestInfoParser - 接收到客户端数据：RequestLogin:17391767973
2020-02-11 10:51:37,094 [17] INFO  PubgServerA - Session: e576e059-6484-45c4-b0be-a74b056a78a3/192.168.1.3:50991
This session was closed for ClientClosing!
2020-02-11 11:06:04,386 [18] INFO  PubgServerA - Session: a981af4c-ec00-4bcf-a8b0-dbce46efc849/192.168.1.3:51328
A new session connected!
2020-02-11 11:06:04,387 [12] INFO  PubgServerA - 新的客户端连接：192.168.1.3:51328
2020-02-11 11:06:07,400 [17] INFO  server.MyRequestInfoParser - 接收到客户端数据：RequestLogin:-1
2020-02-11 11:06:09,396 [12] INFO  server.MyRequestInfoParser - 接收到客户端数据：HeartBeat:
2020-02-11 11:06:10,012 [11] INFO  server.MyRequestInfoParser - 接收到客户端数据：Post:server.DAO.LoginDao@CheckLogin#17391767973#123456
2020-02-11 11:06:10,012 [11] INFO  server.DAO.LoginDao - 用户登陆验证：17391767973
2020-02-11 11:06:10,086 [12] INFO  server.MyRequestInfoParser - 接收到客户端数据：Post:server.DAO.CodeDao@CheckCode#000001#31#1#be367d090e0f13218448182032916d36525aeba0#Desktop#Windows 10  (10.0.0) 64bit
2020-02-11 11:06:10,404 [17] INFO  server.MyRequestInfoParser - 接收到客户端数据：RequestLogin:17391767973
2020-02-11 11:06:13,404 [12] INFO  server.MyRequestInfoParser - 接收到客户端数据：RequestLogin:17391767973
2020-02-11 11:06:14,371 [11] INFO  server.MyRequestInfoParser - 接收到客户端数据：Post:server.DAO.CodeDao@CheckCode#000003#31#1#be367d090e0f13218448182032916d36525aeba0#Desktop#Windows 10  (10.0.0) 64bit
2020-02-11 11:06:14,395 [14] INFO  server.MyRequestInfoParser - 接收到客户端数据：HeartBeat:
2020-02-11 11:06:14,509 [17] INFO  server.MyRequestInfoParser - 接收到客户端数据：Post:server.DAO.SearchGrounpDao@SearchAllGrounp#31#-1
2020-02-11 11:06:14,509 [17] INFO  server.DAO.SearchGrounpDao - 查询用户下的所有队：31
2020-02-11 11:06:14,523 [17] INFO  server.Tool.MySqlExecuteTools - excepstion：类型“System.String”的对象无法转换为类型“System.Int32”。
2020-02-11 11:06:16,405 [12] INFO  server.MyRequestInfoParser - 接收到客户端数据：RequestLogin:17391767973
2020-02-11 11:06:19,395 [12] INFO  server.MyRequestInfoParser - 接收到客户端数据：HeartBeat:
2020-02-11 11:06:19,406 [11] INFO  server.MyRequestInfoParser - 接收到客户端数据：RequestLogin:17391767973
2020-02-11 11:06:22,405 [12] INFO  server.MyRequestInfoParser - 接收到客户端数据：RequestLogin:17391767973
2020-02-11 11:06:24,396 [12] INFO  server.MyRequestInfoParser - 接收到客户端数据：HeartBeat:
2020-02-11 11:06:25,407 [11] INFO  server.MyRequestInfoParser - 接收到客户端数据：RequestLogin:17391767973
2020-02-11 11:06:26,707 [12] INFO  PubgServerA - Session: a981af4c-ec00-4bcf-a8b0-dbce46efc849/192.168.1.3:51328
This session was closed for ClientClosing!
2020-02-11 16:36:07,091 [1] INFO  PubgServerA - The server instance PubgServerA has been started!
2020-02-11 16:36:19,022 [8] INFO  PubgServerA - Session: 7a4d6071-1acc-4b5a-90c3-2fdd6b9b4505/192.168.1.3:56187
A new session connected!
2020-02-11 16:36:19,032 [10] INFO  PubgServerA - 新的客户端连接：192.168.1.3:56187
2020-02-11 16:36:22,040 [10] INFO  server.MyRequestInfoParser - 接收到客户端数据：RequestLogin:-1
2020-02-11 16:36:24,032 [10] INFO  server.MyRequestInfoParser - 接收到客户端数据：HeartBeat:
2020-02-11 16:36:25,031 [13] INFO  server.MyRequestInfoParser - 接收到客户端数据：RequestLogin:-1
2020-02-11 16:36:28,032 [13] INFO  server.MyRequestInfoParser - 接收到客户端数据：RequestLogin:-1
2020-02-11 16:36:29,032 [10] INFO  server.MyRequestInfoParser - 接收到客户端数据：HeartBeat:
2020-02-11 16:36:31,032 [10] INFO  server.MyRequestInfoParser - 接收到客户端数据：RequestLogin:-1
2020-02-11 16:36:34,033 [10] INFO  server.MyRequestInfoParser - 接收到客户端数据：HeartBeat:
2020-02-11 16:36:34,033 [10] INFO  server.MyRequestInfoParser - 接收到客户端数据：RequestLogin:-1
2020-02-11 16:36:37,032 [10] INFO  server.MyRequestInfoParser - 接收到客户端数据：RequestLogin:-1
2020-02-11 16:36:39,033 [10] INFO  server.MyRequestInfoParser - 接收到客户端数据：HeartBeat:
2020-02-11 16:36:40,033 [13] INFO  server.MyRequestInfoParser - 接收到客户端数据：RequestLogin:-1
2020-02-11 16:36:43,033 [11] INFO  server.MyRequestInfoParser - 接收到客户端数据：RequestLogin:-1
2020-02-11 16:36:44,033 [10] INFO  server.MyRequestInfoParser - 接收到客户端数据：HeartBeat:
2020-02-11 16:36:45,771 [10] INFO  server.MyRequestInfoParser - 接收到客户端数据：Post:server.DAO.UserDao@RegisterUser#17391767974#123456#二管家#image1#123456#1
2020-02-11 16:36:46,034 [13] INFO  server.MyRequestInfoParser - 接收到客户端数据：RequestLogin:-1
2020-02-11 16:36:49,039 [10] INFO  server.MyRequestInfoParser - 接收到客户端数据：HeartBeat:
2020-02-11 16:36:49,039 [10] INFO  server.MyRequestInfoParser - 接收到客户端数据：RequestLogin:-1
2020-02-11 16:36:52,040 [10] INFO  server.MyRequestInfoParser - 接收到客户端数据：RequestLogin:-1
2020-02-11 16:36:54,039 [10] INFO  server.MyRequestInfoParser - 接收到客户端数据：HeartBeat:
2020-02-11 16:36:55,039 [13] INFO  server.MyRequestInfoParser - 接收到客户端数据：RequestLogin:-1
2020-02-11 16:36:58,039 [14] INFO  server.MyRequestInfoParser - 接收到客户端数据：RequestLogin:-1
2020-02-11 16:36:59,039 [10] INFO  server.MyRequestInfoParser - 接收到客户端数据：HeartBeat:
2020-02-11 16:37:01,039 [10] INFO  server.MyRequestInfoParser - 接收到客户端数据：RequestLogin:-1
2020-02-11 16:37:04,039 [10] INFO  server.MyRequestInfoParser - 接收到客户端数据：HeartBeat:
2020-02-11 16:37:04,040 [10] INFO  server.MyRequestInfoParser - 接收到客户端数据：RequestLogin:-1
2020-02-11 16:37:07,041 [10] INFO  server.MyRequestInfoParser - 接收到客户端数据：RequestLogin:-1
2020-02-11 16:37:09,039 [10] INFO  server.MyRequestInfoParser - 接收到客户端数据：HeartBeat:
2020-02-11 16:37:10,041 [13] INFO  server.MyRequestInfoParser - 接收到客户端数据：RequestLogin:-1
2020-02-11 16:37:13,042 [11] INFO  server.MyRequestInfoParser - 接收到客户端数据：RequestLogin:-1
2020-02-11 16:37:14,040 [10] INFO  server.MyRequestInfoParser - 接收到客户端数据：HeartBeat:
2020-02-11 16:37:16,042 [10] INFO  server.MyRequestInfoParser - 接收到客户端数据：RequestLogin:-1
2020-02-11 16:37:19,041 [10] INFO  server.MyRequestInfoParser - 接收到客户端数据：HeartBeat:
2020-02-11 16:37:19,043 [11] INFO  server.MyRequestInfoParser - 接收到客户端数据：RequestLogin:-1
2020-02-11 16:37:22,043 [10] INFO  server.MyRequestInfoParser - 接收到客户端数据：RequestLogin:-1
2020-02-11 16:37:24,041 [10] INFO  server.MyRequestInfoParser - 接收到客户端数据：HeartBeat:
2020-02-11 16:37:25,044 [11] INFO  server.MyRequestInfoParser - 接收到客户端数据：RequestLogin:-1
2020-02-11 16:37:28,044 [10] INFO  server.MyRequestInfoParser - 接收到客户端数据：RequestLogin:-1
2020-02-11 16:37:29,042 [10] INFO  server.MyRequestInfoParser - 接收到客户端数据：HeartBeat:
2020-02-11 16:37:31,044 [10] INFO  server.MyRequestInfoParser - 接收到客户端数据：RequestLogin:-1
2020-02-11 16:37:34,042 [10] INFO  server.MyRequestInfoParser - 接收到客户端数据：HeartBeat:
2020-02-11 16:37:34,044 [11] INFO  server.MyRequestInfoParser - 接收到客户端数据：RequestLogin:-1
2020-02-11 16:37:37,045 [10] INFO  server.MyRequestInfoParser - 接收到客户端数据：RequestLogin:-1
2020-02-11 16:37:39,043 [10] INFO  server.MyRequestInfoParser - 接收到客户端数据：HeartBeat:
2020-02-11 16:37:40,046 [11] INFO  server.MyRequestInfoParser - 接收到客户端数据：RequestLogin:-1
2020-02-11 16:37:43,045 [14] INFO  server.MyRequestInfoParser - 接收到客户端数据：RequestLogin:-1
2020-02-11 16:37:44,043 [10] INFO  server.MyRequestInfoParser - 接收到客户端数据：HeartBeat:
2020-02-11 16:37:46,046 [10] INFO  server.MyRequestInfoParser - 接收到客户端数据：RequestLogin:-1
2020-02-11 16:37:49,043 [10] INFO  server.MyRequestInfoParser - 接收到客户端数据：HeartBeat:
2020-02-11 16:37:49,046 [11] INFO  server.MyRequestInfoParser - 接收到客户端数据：RequestLogin:-1
2020-02-11 16:37:52,046 [10] INFO  server.MyRequestInfoParser - 接收到客户端数据：RequestLogin:-1
2020-02-11 16:37:54,043 [10] INFO  server.MyRequestInfoParser - 接收到客户端数据：HeartBeat:
2020-02-11 16:37:55,047 [11] INFO  server.MyRequestInfoParser - 接收到客户端数据：RequestLogin:-1
2020-02-11 16:37:58,048 [10] INFO  server.MyRequestInfoParser - 接收到客户端数据：RequestLogin:-1
2020-02-11 16:37:59,044 [10] INFO  server.MyRequestInfoParser - 接收到客户端数据：HeartBeat:
2020-02-11 16:38:01,048 [10] INFO  server.MyRequestInfoParser - 接收到客户端数据：RequestLogin:-1
2020-02-11 16:38:04,044 [10] INFO  server.MyRequestInfoParser - 接收到客户端数据：HeartBeat:
2020-02-11 16:38:04,048 [11] INFO  server.MyRequestInfoParser - 接收到客户端数据：RequestLogin:-1
2020-02-11 16:38:07,049 [10] INFO  server.MyRequestInfoParser - 接收到客户端数据：RequestLogin:-1
2020-02-11 16:38:09,044 [10] INFO  server.MyRequestInfoParser - 接收到客户端数据：HeartBeat:
2020-02-11 16:38:10,048 [11] INFO  server.MyRequestInfoParser - 接收到客户端数据：RequestLogin:-1
2020-02-11 16:38:13,049 [14] INFO  server.MyRequestInfoParser - 接收到客户端数据：RequestLogin:-1
2020-02-11 16:38:14,045 [10] INFO  server.MyRequestInfoParser - 接收到客户端数据：HeartBeat:
2020-02-11 16:38:16,049 [10] INFO  server.MyRequestInfoParser - 接收到客户端数据：RequestLogin:-1
2020-02-11 16:38:19,045 [10] INFO  server.MyRequestInfoParser - 接收到客户端数据：HeartBeat:
2020-02-11 16:38:19,050 [11] INFO  server.MyRequestInfoParser - 接收到客户端数据：RequestLogin:-1
2020-02-11 16:38:22,050 [10] INFO  server.MyRequestInfoParser - 接收到客户端数据：RequestLogin:-1
2020-02-11 16:38:24,046 [10] INFO  server.MyRequestInfoParser - 接收到客户端数据：HeartBeat:
2020-02-11 16:38:25,050 [11] INFO  server.MyRequestInfoParser - 接收到客户端数据：RequestLogin:-1
2020-02-11 16:38:28,050 [10] INFO  server.MyRequestInfoParser - 接收到客户端数据：RequestLogin:-1
2020-02-11 16:38:29,046 [10] INFO  server.MyRequestInfoParser - 接收到客户端数据：HeartBeat:
2020-02-11 16:38:31,051 [10] INFO  server.MyRequestInfoParser - 接收到客户端数据：RequestLogin:-1
2020-02-11 16:38:34,046 [10] INFO  server.MyRequestInfoParser - 接收到客户端数据：HeartBeat:
2020-02-11 16:38:34,051 [11] INFO  server.MyRequestInfoParser - 接收到客户端数据：RequestLogin:-1
2020-02-11 16:38:37,051 [10] INFO  server.MyRequestInfoParser - 接收到客户端数据：RequestLogin:-1
2020-02-11 16:38:37,349 [14] INFO  PubgServerA - Session: 7a4d6071-1acc-4b5a-90c3-2fdd6b9b4505/192.168.1.3:56187
This session was closed for ClientClosing!
