2020-02-05 09:18:52,955 Performance - ---------------------------------------------------
CPU Usage: 0.00%, Physical Memory Usage: 58,920,960.00, Total Thread Count: 19
AvailableWorkingThreads: 2046, AvailableCompletionPortThreads: 1000
MaxWorkingThreads: 2047, MaxCompletionPortThreads: 1000
PubgServerA ----------------------------------
Started Time: 2020/2/5 星期三 9:18:52
Is Running: True
Total Connections: 0
Maximum Allowed Connection Number: 5000
Total Handled Requests: 0
Request Handling Speed (#/second): 0
Avialable Sending Queue Items: 833
Total Sending Queue Items: 833

2020-02-05 09:20:07,145 Performance - ---------------------------------------------------
CPU Usage: 0.00%, Physical Memory Usage: 52,002,816.00, Total Thread Count: 23
AvailableWorkingThreads: 2046, AvailableCompletionPortThreads: 1000
MaxWorkingThreads: 2047, MaxCompletionPortThreads: 1000
PubgServerA ----------------------------------
Started Time: 2020/2/5 星期三 9:20:07
Is Running: True
Total Connections: 0
Maximum Allowed Connection Number: 5000
Total Handled Requests: 0
Request Handling Speed (#/second): 0
Avialable Sending Queue Items: 833
Total Sending Queue Items: 833

2020-02-05 09:20:50,977 Performance - ---------------------------------------------------
CPU Usage: 0.00%, Physical Memory Usage: 56,471,552.00, Total Thread Count: 23
AvailableWorkingThreads: 2046, AvailableCompletionPortThreads: 1000
MaxWorkingThreads: 2047, MaxCompletionPortThreads: 1000
PubgServerA ----------------------------------
Started Time: 2020/2/5 星期三 9:20:50
Is Running: True
Total Connections: 0
Maximum Allowed Connection Number: 5000
Total Handled Requests: 0
Request Handling Speed (#/second): 0
Avialable Sending Queue Items: 833
Total Sending Queue Items: 833

2020-02-05 09:21:49,810 Performance - ---------------------------------------------------
CPU Usage: 0.00%, Physical Memory Usage: 57,348,096.00, Total Thread Count: 23
AvailableWorkingThreads: 2046, AvailableCompletionPortThreads: 1000
MaxWorkingThreads: 2047, MaxCompletionPortThreads: 1000
PubgServerA ----------------------------------
Started Time: 2020/2/5 星期三 9:21:49
Is Running: True
Total Connections: 0
Maximum Allowed Connection Number: 5000
Total Handled Requests: 0
Request Handling Speed (#/second): 0
Avialable Sending Queue Items: 833
Total Sending Queue Items: 833

2020-02-05 09:22:49,778 Performance - ---------------------------------------------------
CPU Usage: 0.03%, Physical Memory Usage: 62,832,640.00, Total Thread Count: 24
AvailableWorkingThreads: 2046, AvailableCompletionPortThreads: 1000
MaxWorkingThreads: 2047, MaxCompletionPortThreads: 1000
PubgServerA ----------------------------------
Started Time: 2020/2/5 星期三 9:21:49
Is Running: True
Total Connections: 0
Maximum Allowed Connection Number: 5000
Total Handled Requests: 0
Request Handling Speed (#/second): 0
Avialable Sending Queue Items: 833
Total Sending Queue Items: 833

2020-02-05 09:23:49,802 Performance - ---------------------------------------------------
CPU Usage: 0.01%, Physical Memory Usage: 63,090,688.00, Total Thread Count: 19
AvailableWorkingThreads: 2046, AvailableCompletionPortThreads: 1000
MaxWorkingThreads: 2047, MaxCompletionPortThreads: 1000
PubgServerA ----------------------------------
Started Time: 2020/2/5 星期三 9:21:49
Is Running: True
Total Connections: 0
Maximum Allowed Connection Number: 5000
Total Handled Requests: 0
Request Handling Speed (#/second): 0
Avialable Sending Queue Items: 833
Total Sending Queue Items: 833

2020-02-05 09:44:49,874 Performance - ---------------------------------------------------
CPU Usage: 0.00%, Physical Memory Usage: 50,880,512.00, Total Thread Count: 23
AvailableWorkingThreads: 2046, AvailableCompletionPortThreads: 1000
MaxWorkingThreads: 2047, MaxCompletionPortThreads: 1000
PubgServerA ----------------------------------
Started Time: 2020/2/5 星期三 9:44:49
Is Running: True
Total Connections: 0
Maximum Allowed Connection Number: 5000
Total Handled Requests: 0
Request Handling Speed (#/second): 0
Avialable Sending Queue Items: 833
Total Sending Queue Items: 833

2020-02-05 09:45:49,840 Performance - ---------------------------------------------------
CPU Usage: 0.02%, Physical Memory Usage: 52,850,688.00, Total Thread Count: 23
AvailableWorkingThreads: 2046, AvailableCompletionPortThreads: 1000
MaxWorkingThreads: 2047, MaxCompletionPortThreads: 1000
PubgServerA ----------------------------------
Started Time: 2020/2/5 星期三 9:44:49
Is Running: True
Total Connections: 0
Maximum Allowed Connection Number: 5000
Total Handled Requests: 0
Request Handling Speed (#/second): 0
Avialable Sending Queue Items: 833
Total Sending Queue Items: 833

2020-02-05 09:46:49,863 Performance - ---------------------------------------------------
CPU Usage: 0.00%, Physical Memory Usage: 53,059,584.00, Total Thread Count: 18
AvailableWorkingThreads: 2046, AvailableCompletionPortThreads: 1000
MaxWorkingThreads: 2047, MaxCompletionPortThreads: 1000
PubgServerA ----------------------------------
Started Time: 2020/2/5 星期三 9:44:49
Is Running: True
Total Connections: 0
Maximum Allowed Connection Number: 5000
Total Handled Requests: 0
Request Handling Speed (#/second): 0
Avialable Sending Queue Items: 833
Total Sending Queue Items: 833

2020-02-05 09:48:53,937 Performance - ---------------------------------------------------
CPU Usage: 0.02%, Physical Memory Usage: 55,341,056.00, Total Thread Count: 22
AvailableWorkingThreads: 2043, AvailableCompletionPortThreads: 999
MaxWorkingThreads: 2047, MaxCompletionPortThreads: 1000
PubgServerA ----------------------------------
Started Time: 2020/2/5 星期三 9:44:49
Is Running: True
Total Connections: 0
Maximum Allowed Connection Number: 5000
Total Handled Requests: 0
Request Handling Speed (#/second): 0
Avialable Sending Queue Items: 833
Total Sending Queue Items: 833

2020-02-05 09:49:51,846 Performance - ---------------------------------------------------
CPU Usage: 0.00%, Physical Memory Usage: 55,603,200.00, Total Thread Count: 19
AvailableWorkingThreads: 2045, AvailableCompletionPortThreads: 1000
MaxWorkingThreads: 2047, MaxCompletionPortThreads: 1000
PubgServerA ----------------------------------
Started Time: 2020/2/5 星期三 9:44:49
Is Running: True
Total Connections: 0
Maximum Allowed Connection Number: 5000
Total Handled Requests: 0
Request Handling Speed (#/second): 0
Avialable Sending Queue Items: 833
Total Sending Queue Items: 833

2020-02-05 09:50:51,860 Performance - ---------------------------------------------------
CPU Usage: 0.00%, Physical Memory Usage: 56,152,064.00, Total Thread Count: 20
AvailableWorkingThreads: 2045, AvailableCompletionPortThreads: 1000
MaxWorkingThreads: 2047, MaxCompletionPortThreads: 1000
PubgServerA ----------------------------------
Started Time: 2020/2/5 星期三 9:44:49
Is Running: True
Total Connections: 0
Maximum Allowed Connection Number: 5000
Total Handled Requests: 0
Request Handling Speed (#/second): 0
Avialable Sending Queue Items: 833
Total Sending Queue Items: 833

2020-02-05 09:51:51,872 Performance - ---------------------------------------------------
CPU Usage: 0.00%, Physical Memory Usage: 56,647,680.00, Total Thread Count: 20
AvailableWorkingThreads: 2045, AvailableCompletionPortThreads: 1000
MaxWorkingThreads: 2047, MaxCompletionPortThreads: 1000
PubgServerA ----------------------------------
Started Time: 2020/2/5 星期三 9:44:49
Is Running: True
Total Connections: 0
Maximum Allowed Connection Number: 5000
Total Handled Requests: 0
Request Handling Speed (#/second): 0
Avialable Sending Queue Items: 833
Total Sending Queue Items: 833

2020-02-05 09:52:51,886 Performance - ---------------------------------------------------
CPU Usage: 0.01%, Physical Memory Usage: 57,065,472.00, Total Thread Count: 19
AvailableWorkingThreads: 2045, AvailableCompletionPortThreads: 1000
MaxWorkingThreads: 2047, MaxCompletionPortThreads: 1000
PubgServerA ----------------------------------
Started Time: 2020/2/5 星期三 9:44:49
Is Running: True
Total Connections: 0
Maximum Allowed Connection Number: 5000
Total Handled Requests: 0
Request Handling Speed (#/second): 0
Avialable Sending Queue Items: 833
Total Sending Queue Items: 833

2020-02-05 09:53:51,900 Performance - ---------------------------------------------------
CPU Usage: 0.01%, Physical Memory Usage: 57,552,896.00, Total Thread Count: 19
AvailableWorkingThreads: 2045, AvailableCompletionPortThreads: 1000
MaxWorkingThreads: 2047, MaxCompletionPortThreads: 1000
PubgServerA ----------------------------------
Started Time: 2020/2/5 星期三 9:44:49
Is Running: True
Total Connections: 0
Maximum Allowed Connection Number: 5000
Total Handled Requests: 0
Request Handling Speed (#/second): 0
Avialable Sending Queue Items: 833
Total Sending Queue Items: 833

2020-02-05 09:54:51,913 Performance - ---------------------------------------------------
CPU Usage: 0.01%, Physical Memory Usage: 57,999,360.00, Total Thread Count: 19
AvailableWorkingThreads: 2045, AvailableCompletionPortThreads: 1000
MaxWorkingThreads: 2047, MaxCompletionPortThreads: 1000
PubgServerA ----------------------------------
Started Time: 2020/2/5 星期三 9:44:49
Is Running: True
Total Connections: 0
Maximum Allowed Connection Number: 5000
Total Handled Requests: 0
Request Handling Speed (#/second): 0
Avialable Sending Queue Items: 833
Total Sending Queue Items: 833

2020-02-05 09:55:51,925 Performance - ---------------------------------------------------
CPU Usage: 0.00%, Physical Memory Usage: 58,441,728.00, Total Thread Count: 19
AvailableWorkingThreads: 2045, AvailableCompletionPortThreads: 1000
MaxWorkingThreads: 2047, MaxCompletionPortThreads: 1000
PubgServerA ----------------------------------
Started Time: 2020/2/5 星期三 9:44:49
Is Running: True
Total Connections: 0
Maximum Allowed Connection Number: 5000
Total Handled Requests: 0
Request Handling Speed (#/second): 0
Avialable Sending Queue Items: 833
Total Sending Queue Items: 833

2020-02-05 10:13:05,721 Performance - ---------------------------------------------------
CPU Usage: 0.00%, Physical Memory Usage: 50,921,472.00, Total Thread Count: 23
AvailableWorkingThreads: 2046, AvailableCompletionPortThreads: 1000
MaxWorkingThreads: 2047, MaxCompletionPortThreads: 1000
PubgServerA ----------------------------------
Started Time: 2020/2/5 星期三 10:13:05
Is Running: True
Total Connections: 0
Maximum Allowed Connection Number: 5000
Total Handled Requests: 0
Request Handling Speed (#/second): 0
Avialable Sending Queue Items: 833
Total Sending Queue Items: 833

2020-02-05 10:14:05,699 Performance - ---------------------------------------------------
CPU Usage: 0.01%, Physical Memory Usage: 51,675,136.00, Total Thread Count: 22
AvailableWorkingThreads: 2045, AvailableCompletionPortThreads: 1000
MaxWorkingThreads: 2047, MaxCompletionPortThreads: 1000
PubgServerA ----------------------------------
Started Time: 2020/2/5 星期三 10:13:05
Is Running: True
Total Connections: 0
Maximum Allowed Connection Number: 5000
Total Handled Requests: 0
Request Handling Speed (#/second): 0
Avialable Sending Queue Items: 833
Total Sending Queue Items: 833

2020-02-05 10:15:05,711 Performance - ---------------------------------------------------
CPU Usage: 0.00%, Physical Memory Usage: 51,724,288.00, Total Thread Count: 19
AvailableWorkingThreads: 2045, AvailableCompletionPortThreads: 1000
MaxWorkingThreads: 2047, MaxCompletionPortThreads: 1000
PubgServerA ----------------------------------
Started Time: 2020/2/5 星期三 10:13:05
Is Running: True
Total Connections: 0
Maximum Allowed Connection Number: 5000
Total Handled Requests: 0
Request Handling Speed (#/second): 0
Avialable Sending Queue Items: 833
Total Sending Queue Items: 833

2020-02-05 10:16:05,740 Performance - ---------------------------------------------------
CPU Usage: 0.01%, Physical Memory Usage: 52,875,264.00, Total Thread Count: 19
AvailableWorkingThreads: 2045, AvailableCompletionPortThreads: 1000
MaxWorkingThreads: 2047, MaxCompletionPortThreads: 1000
PubgServerA ----------------------------------
Started Time: 2020/2/5 星期三 10:13:05
Is Running: True
Total Connections: 0
Maximum Allowed Connection Number: 5000
Total Handled Requests: 0
Request Handling Speed (#/second): 0
Avialable Sending Queue Items: 833
Total Sending Queue Items: 833

2020-02-05 10:17:05,738 Performance - ---------------------------------------------------
CPU Usage: 0.00%, Physical Memory Usage: 53,362,688.00, Total Thread Count: 19
AvailableWorkingThreads: 2045, AvailableCompletionPortThreads: 1000
MaxWorkingThreads: 2047, MaxCompletionPortThreads: 1000
PubgServerA ----------------------------------
Started Time: 2020/2/5 星期三 10:13:05
Is Running: True
Total Connections: 0
Maximum Allowed Connection Number: 5000
Total Handled Requests: 0
Request Handling Speed (#/second): 0
Avialable Sending Queue Items: 833
Total Sending Queue Items: 833

2020-02-05 10:18:05,752 Performance - ---------------------------------------------------
CPU Usage: 0.00%, Physical Memory Usage: 53,805,056.00, Total Thread Count: 19
AvailableWorkingThreads: 2044, AvailableCompletionPortThreads: 1000
MaxWorkingThreads: 2047, MaxCompletionPortThreads: 1000
PubgServerA ----------------------------------
Started Time: 2020/2/5 星期三 10:13:05
Is Running: True
Total Connections: 0
Maximum Allowed Connection Number: 5000
Total Handled Requests: 0
Request Handling Speed (#/second): 0
Avialable Sending Queue Items: 833
Total Sending Queue Items: 833

2020-02-05 10:19:05,766 Performance - ---------------------------------------------------
CPU Usage: 0.01%, Physical Memory Usage: 55,799,808.00, Total Thread Count: 19
AvailableWorkingThreads: 2045, AvailableCompletionPortThreads: 1000
MaxWorkingThreads: 2047, MaxCompletionPortThreads: 1000
PubgServerA ----------------------------------
Started Time: 2020/2/5 星期三 10:13:05
Is Running: True
Total Connections: 0
Maximum Allowed Connection Number: 5000
Total Handled Requests: 0
Request Handling Speed (#/second): 0
Avialable Sending Queue Items: 833
Total Sending Queue Items: 833

2020-02-05 10:20:05,779 Performance - ---------------------------------------------------
CPU Usage: 0.00%, Physical Memory Usage: 56,242,176.00, Total Thread Count: 19
AvailableWorkingThreads: 2044, AvailableCompletionPortThreads: 1000
MaxWorkingThreads: 2047, MaxCompletionPortThreads: 1000
PubgServerA ----------------------------------
Started Time: 2020/2/5 星期三 10:13:05
Is Running: True
Total Connections: 0
Maximum Allowed Connection Number: 5000
Total Handled Requests: 0
Request Handling Speed (#/second): 0
Avialable Sending Queue Items: 833
Total Sending Queue Items: 833

2020-02-05 10:21:05,789 Performance - ---------------------------------------------------
CPU Usage: 0.01%, Physical Memory Usage: 56,692,736.00, Total Thread Count: 18
AvailableWorkingThreads: 2045, AvailableCompletionPortThreads: 1000
MaxWorkingThreads: 2047, MaxCompletionPortThreads: 1000
PubgServerA ----------------------------------
Started Time: 2020/2/5 星期三 10:13:05
Is Running: True
Total Connections: 0
Maximum Allowed Connection Number: 5000
Total Handled Requests: 0
Request Handling Speed (#/second): 0
Avialable Sending Queue Items: 833
Total Sending Queue Items: 833

2020-02-05 10:22:05,805 Performance - ---------------------------------------------------
CPU Usage: 0.00%, Physical Memory Usage: 57,139,200.00, Total Thread Count: 18
AvailableWorkingThreads: 2045, AvailableCompletionPortThreads: 1000
MaxWorkingThreads: 2047, MaxCompletionPortThreads: 1000
PubgServerA ----------------------------------
Started Time: 2020/2/5 星期三 10:13:05
Is Running: True
Total Connections: 0
Maximum Allowed Connection Number: 5000
Total Handled Requests: 0
Request Handling Speed (#/second): 0
Avialable Sending Queue Items: 833
Total Sending Queue Items: 833

2020-02-05 10:23:05,820 Performance - ---------------------------------------------------
CPU Usage: 0.00%, Physical Memory Usage: 57,585,664.00, Total Thread Count: 18
AvailableWorkingThreads: 2045, AvailableCompletionPortThreads: 1000
MaxWorkingThreads: 2047, MaxCompletionPortThreads: 1000
PubgServerA ----------------------------------
Started Time: 2020/2/5 星期三 10:13:05
Is Running: True
Total Connections: 0
Maximum Allowed Connection Number: 5000
Total Handled Requests: 0
Request Handling Speed (#/second): 0
Avialable Sending Queue Items: 833
Total Sending Queue Items: 833

2020-02-05 10:24:05,835 Performance - ---------------------------------------------------
CPU Usage: 0.00%, Physical Memory Usage: 58,019,840.00, Total Thread Count: 18
AvailableWorkingThreads: 2045, AvailableCompletionPortThreads: 1000
MaxWorkingThreads: 2047, MaxCompletionPortThreads: 1000
PubgServerA ----------------------------------
Started Time: 2020/2/5 星期三 10:13:05
Is Running: True
Total Connections: 0
Maximum Allowed Connection Number: 5000
Total Handled Requests: 0
Request Handling Speed (#/second): 0
Avialable Sending Queue Items: 833
Total Sending Queue Items: 833

2020-02-05 10:25:05,847 Performance - ---------------------------------------------------
CPU Usage: 0.00%, Physical Memory Usage: 58,155,008.00, Total Thread Count: 18
AvailableWorkingThreads: 2045, AvailableCompletionPortThreads: 1000
MaxWorkingThreads: 2047, MaxCompletionPortThreads: 1000
PubgServerA ----------------------------------
Started Time: 2020/2/5 星期三 10:13:05
Is Running: True
Total Connections: 0
Maximum Allowed Connection Number: 5000
Total Handled Requests: 0
Request Handling Speed (#/second): 0
Avialable Sending Queue Items: 833
Total Sending Queue Items: 833

2020-02-05 10:26:05,859 Performance - ---------------------------------------------------
CPU Usage: 0.00%, Physical Memory Usage: 58,249,216.00, Total Thread Count: 18
AvailableWorkingThreads: 2045, AvailableCompletionPortThreads: 1000
MaxWorkingThreads: 2047, MaxCompletionPortThreads: 1000
PubgServerA ----------------------------------
Started Time: 2020/2/5 星期三 10:13:05
Is Running: True
Total Connections: 0
Maximum Allowed Connection Number: 5000
Total Handled Requests: 0
Request Handling Speed (#/second): 0
Avialable Sending Queue Items: 833
Total Sending Queue Items: 833

2020-02-05 10:27:05,873 Performance - ---------------------------------------------------
CPU Usage: 0.00%, Physical Memory Usage: 58,368,000.00, Total Thread Count: 19
AvailableWorkingThreads: 2045, AvailableCompletionPortThreads: 1000
MaxWorkingThreads: 2047, MaxCompletionPortThreads: 1000
PubgServerA ----------------------------------
Started Time: 2020/2/5 星期三 10:13:05
Is Running: True
Total Connections: 0
Maximum Allowed Connection Number: 5000
Total Handled Requests: 0
Request Handling Speed (#/second): 0
Avialable Sending Queue Items: 833
Total Sending Queue Items: 833

2020-02-05 10:28:05,888 Performance - ---------------------------------------------------
CPU Usage: 0.00%, Physical Memory Usage: 58,421,248.00, Total Thread Count: 18
AvailableWorkingThreads: 2045, AvailableCompletionPortThreads: 1000
MaxWorkingThreads: 2047, MaxCompletionPortThreads: 1000
PubgServerA ----------------------------------
Started Time: 2020/2/5 星期三 10:13:05
Is Running: True
Total Connections: 0
Maximum Allowed Connection Number: 5000
Total Handled Requests: 0
Request Handling Speed (#/second): 0
Avialable Sending Queue Items: 833
Total Sending Queue Items: 833

2020-02-05 10:29:05,900 Performance - ---------------------------------------------------
CPU Usage: 0.00%, Physical Memory Usage: 58,507,264.00, Total Thread Count: 18
AvailableWorkingThreads: 2045, AvailableCompletionPortThreads: 1000
MaxWorkingThreads: 2047, MaxCompletionPortThreads: 1000
PubgServerA ----------------------------------
Started Time: 2020/2/5 星期三 10:13:05
Is Running: True
Total Connections: 0
Maximum Allowed Connection Number: 5000
Total Handled Requests: 0
Request Handling Speed (#/second): 0
Avialable Sending Queue Items: 833
Total Sending Queue Items: 833

2020-02-05 10:30:05,915 Performance - ---------------------------------------------------
CPU Usage: 0.00%, Physical Memory Usage: 58,613,760.00, Total Thread Count: 18
AvailableWorkingThreads: 2045, AvailableCompletionPortThreads: 1000
MaxWorkingThreads: 2047, MaxCompletionPortThreads: 1000
PubgServerA ----------------------------------
Started Time: 2020/2/5 星期三 10:13:05
Is Running: True
Total Connections: 0
Maximum Allowed Connection Number: 5000
Total Handled Requests: 0
Request Handling Speed (#/second): 0
Avialable Sending Queue Items: 833
Total Sending Queue Items: 833

2020-02-05 10:31:05,927 Performance - ---------------------------------------------------
CPU Usage: 0.00%, Physical Memory Usage: 58,691,584.00, Total Thread Count: 18
AvailableWorkingThreads: 2045, AvailableCompletionPortThreads: 1000
MaxWorkingThreads: 2047, MaxCompletionPortThreads: 1000
PubgServerA ----------------------------------
Started Time: 2020/2/5 星期三 10:13:05
Is Running: True
Total Connections: 0
Maximum Allowed Connection Number: 5000
Total Handled Requests: 0
Request Handling Speed (#/second): 0
Avialable Sending Queue Items: 833
Total Sending Queue Items: 833

2020-02-05 10:32:05,941 Performance - ---------------------------------------------------
CPU Usage: 0.00%, Physical Memory Usage: 58,793,984.00, Total Thread Count: 18
AvailableWorkingThreads: 2045, AvailableCompletionPortThreads: 1000
MaxWorkingThreads: 2047, MaxCompletionPortThreads: 1000
PubgServerA ----------------------------------
Started Time: 2020/2/5 星期三 10:13:05
Is Running: True
Total Connections: 0
Maximum Allowed Connection Number: 5000
Total Handled Requests: 0
Request Handling Speed (#/second): 0
Avialable Sending Queue Items: 833
Total Sending Queue Items: 833

2020-02-05 10:33:05,957 Performance - ---------------------------------------------------
CPU Usage: 0.00%, Physical Memory Usage: 58,966,016.00, Total Thread Count: 18
AvailableWorkingThreads: 2045, AvailableCompletionPortThreads: 1000
MaxWorkingThreads: 2047, MaxCompletionPortThreads: 1000
PubgServerA ----------------------------------
Started Time: 2020/2/5 星期三 10:13:05
Is Running: True
Total Connections: 0
Maximum Allowed Connection Number: 5000
Total Handled Requests: 0
Request Handling Speed (#/second): 0
Avialable Sending Queue Items: 833
Total Sending Queue Items: 833

2020-02-05 10:34:05,968 Performance - ---------------------------------------------------
CPU Usage: 0.00%, Physical Memory Usage: 59,084,800.00, Total Thread Count: 18
AvailableWorkingThreads: 2045, AvailableCompletionPortThreads: 1000
MaxWorkingThreads: 2047, MaxCompletionPortThreads: 1000
PubgServerA ----------------------------------
Started Time: 2020/2/5 星期三 10:13:05
Is Running: True
Total Connections: 0
Maximum Allowed Connection Number: 5000
Total Handled Requests: 0
Request Handling Speed (#/second): 0
Avialable Sending Queue Items: 833
Total Sending Queue Items: 833

2020-02-05 10:42:41,154 Performance - ---------------------------------------------------
CPU Usage: 0.00%, Physical Memory Usage: 59,158,528.00, Total Thread Count: 23
AvailableWorkingThreads: 2046, AvailableCompletionPortThreads: 1000
MaxWorkingThreads: 2047, MaxCompletionPortThreads: 1000
PubgServerA ----------------------------------
Started Time: 2020/2/5 星期三 10:42:41
Is Running: True
Total Connections: 0
Maximum Allowed Connection Number: 5000
Total Handled Requests: 0
Request Handling Speed (#/second): 0
Avialable Sending Queue Items: 833
Total Sending Queue Items: 833

2020-02-05 10:43:41,135 Performance - ---------------------------------------------------
CPU Usage: 0.01%, Physical Memory Usage: 59,895,808.00, Total Thread Count: 21
AvailableWorkingThreads: 2045, AvailableCompletionPortThreads: 1000
MaxWorkingThreads: 2047, MaxCompletionPortThreads: 1000
PubgServerA ----------------------------------
Started Time: 2020/2/5 星期三 10:42:41
Is Running: True
Total Connections: 0
Maximum Allowed Connection Number: 5000
Total Handled Requests: 0
Request Handling Speed (#/second): 0
Avialable Sending Queue Items: 833
Total Sending Queue Items: 833

2020-02-05 10:44:41,148 Performance - ---------------------------------------------------
CPU Usage: 0.00%, Physical Memory Usage: 60,051,456.00, Total Thread Count: 20
AvailableWorkingThreads: 2045, AvailableCompletionPortThreads: 1000
MaxWorkingThreads: 2047, MaxCompletionPortThreads: 1000
PubgServerA ----------------------------------
Started Time: 2020/2/5 星期三 10:42:41
Is Running: True
Total Connections: 0
Maximum Allowed Connection Number: 5000
Total Handled Requests: 0
Request Handling Speed (#/second): 0
Avialable Sending Queue Items: 833
Total Sending Queue Items: 833

2020-02-05 10:45:41,158 Performance - ---------------------------------------------------
CPU Usage: 0.02%, Physical Memory Usage: 60,608,512.00, Total Thread Count: 20
AvailableWorkingThreads: 2045, AvailableCompletionPortThreads: 1000
MaxWorkingThreads: 2047, MaxCompletionPortThreads: 1000
PubgServerA ----------------------------------
Started Time: 2020/2/5 星期三 10:42:41
Is Running: True
Total Connections: 1
Maximum Allowed Connection Number: 5000
Total Handled Requests: 4
Request Handling Speed (#/second): 0
Avialable Sending Queue Items: 832
Total Sending Queue Items: 833

2020-02-05 10:46:41,177 Performance - ---------------------------------------------------
CPU Usage: 0.06%, Physical Memory Usage: 61,632,512.00, Total Thread Count: 19
AvailableWorkingThreads: 2045, AvailableCompletionPortThreads: 1000
MaxWorkingThreads: 2047, MaxCompletionPortThreads: 1000
PubgServerA ----------------------------------
Started Time: 2020/2/5 星期三 10:42:41
Is Running: True
Total Connections: 0
Maximum Allowed Connection Number: 5000
Total Handled Requests: 17
Request Handling Speed (#/second): 0
Avialable Sending Queue Items: 833
Total Sending Queue Items: 833

2020-02-05 10:47:41,184 Performance - ---------------------------------------------------
CPU Usage: 0.03%, Physical Memory Usage: 61,886,464.00, Total Thread Count: 19
AvailableWorkingThreads: 2045, AvailableCompletionPortThreads: 1000
MaxWorkingThreads: 2047, MaxCompletionPortThreads: 1000
PubgServerA ----------------------------------
Started Time: 2020/2/5 星期三 10:42:41
Is Running: True
Total Connections: 1
Maximum Allowed Connection Number: 5000
Total Handled Requests: 25
Request Handling Speed (#/second): 0
Avialable Sending Queue Items: 832
Total Sending Queue Items: 833

2020-02-05 10:49:50,949 Performance - ---------------------------------------------------
CPU Usage: 0.00%, Physical Memory Usage: 66,551,808.00, Total Thread Count: 24
AvailableWorkingThreads: 2046, AvailableCompletionPortThreads: 1000
MaxWorkingThreads: 2047, MaxCompletionPortThreads: 1000
PubgServerA ----------------------------------
Started Time: 2020/2/5 星期三 10:49:43
Is Running: True
Total Connections: 0
Maximum Allowed Connection Number: 5000
Total Handled Requests: 0
Request Handling Speed (#/second): 0
Avialable Sending Queue Items: 833
Total Sending Queue Items: 833

2020-02-05 10:50:43,603 Performance - ---------------------------------------------------
CPU Usage: 0.05%, Physical Memory Usage: 68,075,520.00, Total Thread Count: 25
AvailableWorkingThreads: 2045, AvailableCompletionPortThreads: 1000
MaxWorkingThreads: 2047, MaxCompletionPortThreads: 1000
PubgServerA ----------------------------------
Started Time: 2020/2/5 星期三 10:49:43
Is Running: True
Total Connections: 1
Maximum Allowed Connection Number: 5000
Total Handled Requests: 15
Request Handling Speed (#/second): 0
Avialable Sending Queue Items: 832
Total Sending Queue Items: 833

2020-02-05 10:51:43,614 Performance - ---------------------------------------------------
CPU Usage: 0.05%, Physical Memory Usage: 68,120,576.00, Total Thread Count: 21
AvailableWorkingThreads: 2045, AvailableCompletionPortThreads: 1000
MaxWorkingThreads: 2047, MaxCompletionPortThreads: 1000
PubgServerA ----------------------------------
Started Time: 2020/2/5 星期三 10:49:43
Is Running: True
Total Connections: 1
Maximum Allowed Connection Number: 5000
Total Handled Requests: 35
Request Handling Speed (#/second): 0
Avialable Sending Queue Items: 832
Total Sending Queue Items: 833

2020-02-05 10:52:43,631 Performance - ---------------------------------------------------
CPU Usage: 0.00%, Physical Memory Usage: 68,292,608.00, Total Thread Count: 20
AvailableWorkingThreads: 2045, AvailableCompletionPortThreads: 1000
MaxWorkingThreads: 2047, MaxCompletionPortThreads: 1000
PubgServerA ----------------------------------
Started Time: 2020/2/5 星期三 10:49:43
Is Running: True
Total Connections: 0
Maximum Allowed Connection Number: 5000
Total Handled Requests: 37
Request Handling Speed (#/second): 0
Avialable Sending Queue Items: 833
Total Sending Queue Items: 833

2020-02-05 10:53:43,641 Performance - ---------------------------------------------------
CPU Usage: 0.01%, Physical Memory Usage: 68,476,928.00, Total Thread Count: 20
AvailableWorkingThreads: 2044, AvailableCompletionPortThreads: 1000
MaxWorkingThreads: 2047, MaxCompletionPortThreads: 1000
PubgServerA ----------------------------------
Started Time: 2020/2/5 星期三 10:49:43
Is Running: True
Total Connections: 0
Maximum Allowed Connection Number: 5000
Total Handled Requests: 37
Request Handling Speed (#/second): 0
Avialable Sending Queue Items: 833
Total Sending Queue Items: 833

2020-02-05 10:54:43,656 Performance - ---------------------------------------------------
CPU Usage: 0.00%, Physical Memory Usage: 68,718,592.00, Total Thread Count: 20
AvailableWorkingThreads: 2044, AvailableCompletionPortThreads: 1000
MaxWorkingThreads: 2047, MaxCompletionPortThreads: 1000
PubgServerA ----------------------------------
Started Time: 2020/2/5 星期三 10:49:43
Is Running: True
Total Connections: 1
Maximum Allowed Connection Number: 5000
Total Handled Requests: 53
Request Handling Speed (#/second): 0
Avialable Sending Queue Items: 832
Total Sending Queue Items: 833

2020-02-05 10:55:43,666 Performance - ---------------------------------------------------
CPU Usage: 0.03%, Physical Memory Usage: 69,844,992.00, Total Thread Count: 21
AvailableWorkingThreads: 2045, AvailableCompletionPortThreads: 1000
MaxWorkingThreads: 2047, MaxCompletionPortThreads: 1000
PubgServerA ----------------------------------
Started Time: 2020/2/5 星期三 10:49:43
Is Running: True
Total Connections: 1
Maximum Allowed Connection Number: 5000
Total Handled Requests: 65
Request Handling Speed (#/second): 0
Avialable Sending Queue Items: 832
Total Sending Queue Items: 833

2020-02-05 10:56:43,680 Performance - ---------------------------------------------------
CPU Usage: 0.00%, Physical Memory Usage: 69,980,160.00, Total Thread Count: 20
AvailableWorkingThreads: 2045, AvailableCompletionPortThreads: 1000
MaxWorkingThreads: 2047, MaxCompletionPortThreads: 1000
PubgServerA ----------------------------------
Started Time: 2020/2/5 星期三 10:49:43
Is Running: True
Total Connections: 1
Maximum Allowed Connection Number: 5000
Total Handled Requests: 81
Request Handling Speed (#/second): 0
Avialable Sending Queue Items: 832
Total Sending Queue Items: 833

