2019-08-02 08:59:59,840 Performance - ---------------------------------------------------
CPU Usage: 0.00%, Physical Memory Usage: 43,679,744.00, Total Thread Count: 26
AvailableWorkingThreads: 2046, AvailableCompletionPortThreads: 1000
MaxWorkingThreads: 2047, MaxCompletionPortThreads: 1000
PubgServerA ----------------------------------
Started Time: 2019/8/2 星期五 8:59:59
Is Running: True
Total Connections: 0
Maximum Allowed Connection Number: 5000
Total Handled Requests: 0
Request Handling Speed (#/second): 0
Avialable Sending Queue Items: 833
Total Sending Queue Items: 833

2019-08-02 09:00:59,786 Performance - ---------------------------------------------------
CPU Usage: 0.00%, Physical Memory Usage: 43,847,680.00, Total Thread Count: 28
AvailableWorkingThreads: 2046, AvailableCompletionPortThreads: 1000
MaxWorkingThreads: 2047, MaxCompletionPortThreads: 1000
PubgServerA ----------------------------------
Started Time: 2019/8/2 星期五 8:59:59
Is Running: True
Total Connections: 0
Maximum Allowed Connection Number: 5000
Total Handled Requests: 0
Request Handling Speed (#/second): 0
Avialable Sending Queue Items: 833
Total Sending Queue Items: 833

2019-08-02 09:01:59,790 Performance - ---------------------------------------------------
CPU Usage: 0.01%, Physical Memory Usage: 44,748,800.00, Total Thread Count: 26
AvailableWorkingThreads: 2046, AvailableCompletionPortThreads: 1000
MaxWorkingThreads: 2047, MaxCompletionPortThreads: 1000
PubgServerA ----------------------------------
Started Time: 2019/8/2 星期五 8:59:59
Is Running: True
Total Connections: 0
Maximum Allowed Connection Number: 5000
Total Handled Requests: 0
Request Handling Speed (#/second): 0
Avialable Sending Queue Items: 833
Total Sending Queue Items: 833

2019-08-02 09:02:59,801 Performance - ---------------------------------------------------
CPU Usage: 0.03%, Physical Memory Usage: 46,559,232.00, Total Thread Count: 25
AvailableWorkingThreads: 2046, AvailableCompletionPortThreads: 1000
MaxWorkingThreads: 2047, MaxCompletionPortThreads: 1000
PubgServerA ----------------------------------
Started Time: 2019/8/2 星期五 8:59:59
Is Running: True
Total Connections: 0
Maximum Allowed Connection Number: 5000
Total Handled Requests: 0
Request Handling Speed (#/second): 0
Avialable Sending Queue Items: 833
Total Sending Queue Items: 833

2019-08-02 09:03:59,798 Performance - ---------------------------------------------------
CPU Usage: 0.01%, Physical Memory Usage: 47,566,848.00, Total Thread Count: 25
AvailableWorkingThreads: 2046, AvailableCompletionPortThreads: 1000
MaxWorkingThreads: 2047, MaxCompletionPortThreads: 1000
PubgServerA ----------------------------------
Started Time: 2019/8/2 星期五 8:59:59
Is Running: True
Total Connections: 0
Maximum Allowed Connection Number: 5000
Total Handled Requests: 0
Request Handling Speed (#/second): 0
Avialable Sending Queue Items: 833
Total Sending Queue Items: 833

2019-08-02 09:04:59,804 Performance - ---------------------------------------------------
CPU Usage: 0.01%, Physical Memory Usage: 48,578,560.00, Total Thread Count: 24
AvailableWorkingThreads: 2046, AvailableCompletionPortThreads: 1000
MaxWorkingThreads: 2047, MaxCompletionPortThreads: 1000
PubgServerA ----------------------------------
Started Time: 2019/8/2 星期五 8:59:59
Is Running: True
Total Connections: 0
Maximum Allowed Connection Number: 5000
Total Handled Requests: 0
Request Handling Speed (#/second): 0
Avialable Sending Queue Items: 833
Total Sending Queue Items: 833

2019-08-02 09:05:59,810 Performance - ---------------------------------------------------
CPU Usage: 0.01%, Physical Memory Usage: 49,647,616.00, Total Thread Count: 24
AvailableWorkingThreads: 2046, AvailableCompletionPortThreads: 1000
MaxWorkingThreads: 2047, MaxCompletionPortThreads: 1000
PubgServerA ----------------------------------
Started Time: 2019/8/2 星期五 8:59:59
Is Running: True
Total Connections: 0
Maximum Allowed Connection Number: 5000
Total Handled Requests: 0
Request Handling Speed (#/second): 0
Avialable Sending Queue Items: 833
Total Sending Queue Items: 833

2019-08-02 09:06:59,801 Performance - ---------------------------------------------------
CPU Usage: 0.00%, Physical Memory Usage: 50,524,160.00, Total Thread Count: 25
AvailableWorkingThreads: 2046, AvailableCompletionPortThreads: 1000
MaxWorkingThreads: 2047, MaxCompletionPortThreads: 1000
PubgServerA ----------------------------------
Started Time: 2019/8/2 星期五 8:59:59
Is Running: True
Total Connections: 0
Maximum Allowed Connection Number: 5000
Total Handled Requests: 0
Request Handling Speed (#/second): 0
Avialable Sending Queue Items: 833
Total Sending Queue Items: 833

2019-08-02 09:07:59,800 Performance - ---------------------------------------------------
CPU Usage: 0.03%, Physical Memory Usage: 51,253,248.00, Total Thread Count: 26
AvailableWorkingThreads: 2046, AvailableCompletionPortThreads: 1000
MaxWorkingThreads: 2047, MaxCompletionPortThreads: 1000
PubgServerA ----------------------------------
Started Time: 2019/8/2 星期五 8:59:59
Is Running: True
Total Connections: 1
Maximum Allowed Connection Number: 5000
Total Handled Requests: 7
Request Handling Speed (#/second): 0
Avialable Sending Queue Items: 832
Total Sending Queue Items: 833

2019-08-02 09:08:59,815 Performance - ---------------------------------------------------
CPU Usage: 0.03%, Physical Memory Usage: 52,248,576.00, Total Thread Count: 26
AvailableWorkingThreads: 2046, AvailableCompletionPortThreads: 1000
MaxWorkingThreads: 2047, MaxCompletionPortThreads: 1000
PubgServerA ----------------------------------
Started Time: 2019/8/2 星期五 8:59:59
Is Running: True
Total Connections: 1
Maximum Allowed Connection Number: 5000
Total Handled Requests: 24
Request Handling Speed (#/second): 0
Avialable Sending Queue Items: 832
Total Sending Queue Items: 833

2019-08-02 09:09:59,834 Performance - ---------------------------------------------------
CPU Usage: 0.03%, Physical Memory Usage: 52,486,144.00, Total Thread Count: 26
AvailableWorkingThreads: 2046, AvailableCompletionPortThreads: 1000
MaxWorkingThreads: 2047, MaxCompletionPortThreads: 1000
PubgServerA ----------------------------------
Started Time: 2019/8/2 星期五 8:59:59
Is Running: True
Total Connections: 1
Maximum Allowed Connection Number: 5000
Total Handled Requests: 48
Request Handling Speed (#/second): 0
Avialable Sending Queue Items: 832
Total Sending Queue Items: 833

2019-08-02 09:10:59,837 Performance - ---------------------------------------------------
CPU Usage: 0.02%, Physical Memory Usage: 52,137,984.00, Total Thread Count: 26
AvailableWorkingThreads: 2046, AvailableCompletionPortThreads: 1000
MaxWorkingThreads: 2047, MaxCompletionPortThreads: 1000
PubgServerA ----------------------------------
Started Time: 2019/8/2 星期五 8:59:59
Is Running: True
Total Connections: 1
Maximum Allowed Connection Number: 5000
Total Handled Requests: 67
Request Handling Speed (#/second): 0
Avialable Sending Queue Items: 832
Total Sending Queue Items: 833

2019-08-02 09:11:59,817 Performance - ---------------------------------------------------
CPU Usage: 0.03%, Physical Memory Usage: 52,428,800.00, Total Thread Count: 25
AvailableWorkingThreads: 2046, AvailableCompletionPortThreads: 1000
MaxWorkingThreads: 2047, MaxCompletionPortThreads: 1000
PubgServerA ----------------------------------
Started Time: 2019/8/2 星期五 8:59:59
Is Running: True
Total Connections: 1
Maximum Allowed Connection Number: 5000
Total Handled Requests: 82
Request Handling Speed (#/second): 0
Avialable Sending Queue Items: 832
Total Sending Queue Items: 833

2019-08-02 09:12:59,845 Performance - ---------------------------------------------------
CPU Usage: 0.02%, Physical Memory Usage: 52,678,656.00, Total Thread Count: 25
AvailableWorkingThreads: 2046, AvailableCompletionPortThreads: 1000
MaxWorkingThreads: 2047, MaxCompletionPortThreads: 1000
PubgServerA ----------------------------------
Started Time: 2019/8/2 星期五 8:59:59
Is Running: True
Total Connections: 1
Maximum Allowed Connection Number: 5000
Total Handled Requests: 94
Request Handling Speed (#/second): 0
Avialable Sending Queue Items: 832
Total Sending Queue Items: 833

2019-08-02 09:13:59,846 Performance - ---------------------------------------------------
CPU Usage: 0.02%, Physical Memory Usage: 52,977,664.00, Total Thread Count: 26
AvailableWorkingThreads: 2046, AvailableCompletionPortThreads: 1000
MaxWorkingThreads: 2047, MaxCompletionPortThreads: 1000
PubgServerA ----------------------------------
Started Time: 2019/8/2 星期五 8:59:59
Is Running: True
Total Connections: 1
Maximum Allowed Connection Number: 5000
Total Handled Requests: 106
Request Handling Speed (#/second): 0
Avialable Sending Queue Items: 832
Total Sending Queue Items: 833

2019-08-02 09:14:59,845 Performance - ---------------------------------------------------
CPU Usage: 0.02%, Physical Memory Usage: 52,785,152.00, Total Thread Count: 26
AvailableWorkingThreads: 2046, AvailableCompletionPortThreads: 1000
MaxWorkingThreads: 2047, MaxCompletionPortThreads: 1000
PubgServerA ----------------------------------
Started Time: 2019/8/2 星期五 8:59:59
Is Running: True
Total Connections: 1
Maximum Allowed Connection Number: 5000
Total Handled Requests: 118
Request Handling Speed (#/second): 0
Avialable Sending Queue Items: 832
Total Sending Queue Items: 833

2019-08-02 09:15:59,847 Performance - ---------------------------------------------------
CPU Usage: 0.01%, Physical Memory Usage: 53,018,624.00, Total Thread Count: 26
AvailableWorkingThreads: 2046, AvailableCompletionPortThreads: 1000
MaxWorkingThreads: 2047, MaxCompletionPortThreads: 1000
PubgServerA ----------------------------------
Started Time: 2019/8/2 星期五 8:59:59
Is Running: True
Total Connections: 1
Maximum Allowed Connection Number: 5000
Total Handled Requests: 131
Request Handling Speed (#/second): 0
Avialable Sending Queue Items: 832
Total Sending Queue Items: 833

2019-08-02 09:16:59,861 Performance - ---------------------------------------------------
CPU Usage: 0.01%, Physical Memory Usage: 53,256,192.00, Total Thread Count: 26
AvailableWorkingThreads: 2046, AvailableCompletionPortThreads: 1000
MaxWorkingThreads: 2047, MaxCompletionPortThreads: 1000
PubgServerA ----------------------------------
Started Time: 2019/8/2 星期五 8:59:59
Is Running: True
Total Connections: 1
Maximum Allowed Connection Number: 5000
Total Handled Requests: 153
Request Handling Speed (#/second): 0
Avialable Sending Queue Items: 832
Total Sending Queue Items: 833

2019-08-02 09:17:59,874 Performance - ---------------------------------------------------
CPU Usage: 0.01%, Physical Memory Usage: 49,975,296.00, Total Thread Count: 25
AvailableWorkingThreads: 2046, AvailableCompletionPortThreads: 1000
MaxWorkingThreads: 2047, MaxCompletionPortThreads: 1000
PubgServerA ----------------------------------
Started Time: 2019/8/2 星期五 8:59:59
Is Running: True
Total Connections: 0
Maximum Allowed Connection Number: 5000
Total Handled Requests: 160
Request Handling Speed (#/second): 0
Avialable Sending Queue Items: 833
Total Sending Queue Items: 833

2019-08-02 09:19:42,683 Performance - ---------------------------------------------------
CPU Usage: 0.00%, Physical Memory Usage: 43,626,496.00, Total Thread Count: 26
AvailableWorkingThreads: 2046, AvailableCompletionPortThreads: 1000
MaxWorkingThreads: 2047, MaxCompletionPortThreads: 1000
PubgServerA ----------------------------------
Started Time: 2019/8/2 星期五 9:19:42
Is Running: True
Total Connections: 0
Maximum Allowed Connection Number: 5000
Total Handled Requests: 0
Request Handling Speed (#/second): 0
Avialable Sending Queue Items: 833
Total Sending Queue Items: 833

2019-08-02 09:59:46,972 Performance - ---------------------------------------------------
CPU Usage: 0.00%, Physical Memory Usage: 43,700,224.00, Total Thread Count: 26
AvailableWorkingThreads: 2046, AvailableCompletionPortThreads: 1000
MaxWorkingThreads: 2047, MaxCompletionPortThreads: 1000
PubgServerA ----------------------------------
Started Time: 2019/8/2 星期五 9:59:46
Is Running: True
Total Connections: 0
Maximum Allowed Connection Number: 5000
Total Handled Requests: 0
Request Handling Speed (#/second): 0
Avialable Sending Queue Items: 833
Total Sending Queue Items: 833

2019-08-02 10:00:46,935 Performance - ---------------------------------------------------
CPU Usage: 0.02%, Physical Memory Usage: 45,121,536.00, Total Thread Count: 28
AvailableWorkingThreads: 2046, AvailableCompletionPortThreads: 1000
MaxWorkingThreads: 2047, MaxCompletionPortThreads: 1000
PubgServerA ----------------------------------
Started Time: 2019/8/2 星期五 9:59:46
Is Running: True
Total Connections: 0
Maximum Allowed Connection Number: 5000
Total Handled Requests: 0
Request Handling Speed (#/second): 0
Avialable Sending Queue Items: 833
Total Sending Queue Items: 833

2019-08-02 10:01:46,977 Performance - ---------------------------------------------------
CPU Usage: 0.02%, Physical Memory Usage: 46,022,656.00, Total Thread Count: 28
AvailableWorkingThreads: 2046, AvailableCompletionPortThreads: 1000
MaxWorkingThreads: 2047, MaxCompletionPortThreads: 1000
PubgServerA ----------------------------------
Started Time: 2019/8/2 星期五 9:59:46
Is Running: True
Total Connections: 0
Maximum Allowed Connection Number: 5000
Total Handled Requests: 0
Request Handling Speed (#/second): 0
Avialable Sending Queue Items: 833
Total Sending Queue Items: 833

2019-08-02 10:02:46,983 Performance - ---------------------------------------------------
CPU Usage: 0.10%, Physical Memory Usage: 48,861,184.00, Total Thread Count: 27
AvailableWorkingThreads: 2046, AvailableCompletionPortThreads: 1000
MaxWorkingThreads: 2047, MaxCompletionPortThreads: 1000
PubgServerA ----------------------------------
Started Time: 2019/8/2 星期五 9:59:46
Is Running: True
Total Connections: 1
Maximum Allowed Connection Number: 5000
Total Handled Requests: 13
Request Handling Speed (#/second): 0
Avialable Sending Queue Items: 832
Total Sending Queue Items: 833

2019-08-02 10:03:46,950 Performance - ---------------------------------------------------
CPU Usage: 0.01%, Physical Memory Usage: 50,065,408.00, Total Thread Count: 27
AvailableWorkingThreads: 2044, AvailableCompletionPortThreads: 1000
MaxWorkingThreads: 2047, MaxCompletionPortThreads: 1000
PubgServerA ----------------------------------
Started Time: 2019/8/2 星期五 9:59:46
Is Running: True
Total Connections: 1
Maximum Allowed Connection Number: 5000
Total Handled Requests: 15
Request Handling Speed (#/second): 0
Avialable Sending Queue Items: 832
Total Sending Queue Items: 833

2019-08-02 10:04:46,974 Performance - ---------------------------------------------------
CPU Usage: 0.01%, Physical Memory Usage: 51,118,080.00, Total Thread Count: 25
AvailableWorkingThreads: 2044, AvailableCompletionPortThreads: 1000
MaxWorkingThreads: 2047, MaxCompletionPortThreads: 1000
PubgServerA ----------------------------------
Started Time: 2019/8/2 星期五 9:59:46
Is Running: True
Total Connections: 1
Maximum Allowed Connection Number: 5000
Total Handled Requests: 15
Request Handling Speed (#/second): 0
Avialable Sending Queue Items: 832
Total Sending Queue Items: 833

2019-08-02 10:05:46,974 Performance - ---------------------------------------------------
CPU Usage: 0.01%, Physical Memory Usage: 52,146,176.00, Total Thread Count: 25
AvailableWorkingThreads: 2044, AvailableCompletionPortThreads: 1000
MaxWorkingThreads: 2047, MaxCompletionPortThreads: 1000
PubgServerA ----------------------------------
Started Time: 2019/8/2 星期五 9:59:46
Is Running: True
Total Connections: 1
Maximum Allowed Connection Number: 5000
Total Handled Requests: 15
Request Handling Speed (#/second): 0
Avialable Sending Queue Items: 832
Total Sending Queue Items: 833

2019-08-02 10:06:46,981 Performance - ---------------------------------------------------
CPU Usage: 0.01%, Physical Memory Usage: 52,916,224.00, Total Thread Count: 25
AvailableWorkingThreads: 2044, AvailableCompletionPortThreads: 1000
MaxWorkingThreads: 2047, MaxCompletionPortThreads: 1000
PubgServerA ----------------------------------
Started Time: 2019/8/2 星期五 9:59:46
Is Running: True
Total Connections: 1
Maximum Allowed Connection Number: 5000
Total Handled Requests: 15
Request Handling Speed (#/second): 0
Avialable Sending Queue Items: 832
Total Sending Queue Items: 833

2019-08-02 10:07:46,990 Performance - ---------------------------------------------------
CPU Usage: 0.00%, Physical Memory Usage: 53,157,888.00, Total Thread Count: 25
AvailableWorkingThreads: 2044, AvailableCompletionPortThreads: 1000
MaxWorkingThreads: 2047, MaxCompletionPortThreads: 1000
PubgServerA ----------------------------------
Started Time: 2019/8/2 星期五 9:59:46
Is Running: True
Total Connections: 1
Maximum Allowed Connection Number: 5000
Total Handled Requests: 15
Request Handling Speed (#/second): 0
Avialable Sending Queue Items: 832
Total Sending Queue Items: 833

2019-08-02 10:08:47,011 Performance - ---------------------------------------------------
CPU Usage: 0.01%, Physical Memory Usage: 53,448,704.00, Total Thread Count: 25
AvailableWorkingThreads: 2044, AvailableCompletionPortThreads: 1000
MaxWorkingThreads: 2047, MaxCompletionPortThreads: 1000
PubgServerA ----------------------------------
Started Time: 2019/8/2 星期五 9:59:46
Is Running: True
Total Connections: 1
Maximum Allowed Connection Number: 5000
Total Handled Requests: 15
Request Handling Speed (#/second): 0
Avialable Sending Queue Items: 832
Total Sending Queue Items: 833

2019-08-02 10:09:47,005 Performance - ---------------------------------------------------
CPU Usage: 0.00%, Physical Memory Usage: 53,690,368.00, Total Thread Count: 25
AvailableWorkingThreads: 2044, AvailableCompletionPortThreads: 1000
MaxWorkingThreads: 2047, MaxCompletionPortThreads: 1000
PubgServerA ----------------------------------
Started Time: 2019/8/2 星期五 9:59:46
Is Running: True
Total Connections: 1
Maximum Allowed Connection Number: 5000
Total Handled Requests: 15
Request Handling Speed (#/second): 0
Avialable Sending Queue Items: 832
Total Sending Queue Items: 833

2019-08-02 10:11:46,270 Performance - ---------------------------------------------------
CPU Usage: 0.00%, Physical Memory Usage: 43,905,024.00, Total Thread Count: 26
AvailableWorkingThreads: 2046, AvailableCompletionPortThreads: 1000
MaxWorkingThreads: 2047, MaxCompletionPortThreads: 1000
PubgServerA ----------------------------------
Started Time: 2019/8/2 星期五 10:11:46
Is Running: True
Total Connections: 0
Maximum Allowed Connection Number: 5000
Total Handled Requests: 0
Request Handling Speed (#/second): 0
Avialable Sending Queue Items: 833
Total Sending Queue Items: 833

2019-08-02 10:12:46,261 Performance - ---------------------------------------------------
CPU Usage: 0.10%, Physical Memory Usage: 46,784,512.00, Total Thread Count: 29
AvailableWorkingThreads: 2045, AvailableCompletionPortThreads: 1000
MaxWorkingThreads: 2047, MaxCompletionPortThreads: 1000
PubgServerA ----------------------------------
Started Time: 2019/8/2 星期五 10:11:46
Is Running: True
Total Connections: 1
Maximum Allowed Connection Number: 5000
Total Handled Requests: 11
Request Handling Speed (#/second): 0
Avialable Sending Queue Items: 832
Total Sending Queue Items: 833

2019-08-02 10:13:46,289 Performance - ---------------------------------------------------
CPU Usage: 0.01%, Physical Memory Usage: 47,697,920.00, Total Thread Count: 27
AvailableWorkingThreads: 2044, AvailableCompletionPortThreads: 1000
MaxWorkingThreads: 2047, MaxCompletionPortThreads: 1000
PubgServerA ----------------------------------
Started Time: 2019/8/2 星期五 10:11:46
Is Running: True
Total Connections: 0
Maximum Allowed Connection Number: 5000
Total Handled Requests: 14
Request Handling Speed (#/second): 0
Avialable Sending Queue Items: 833
Total Sending Queue Items: 833

2019-08-02 10:14:46,265 Performance - ---------------------------------------------------
CPU Usage: 0.04%, Physical Memory Usage: 49,872,896.00, Total Thread Count: 27
AvailableWorkingThreads: 2045, AvailableCompletionPortThreads: 1000
MaxWorkingThreads: 2047, MaxCompletionPortThreads: 1000
PubgServerA ----------------------------------
Started Time: 2019/8/2 星期五 10:11:46
Is Running: True
Total Connections: 0
Maximum Allowed Connection Number: 5000
Total Handled Requests: 14
Request Handling Speed (#/second): 0
Avialable Sending Queue Items: 833
Total Sending Queue Items: 833

2019-08-02 10:15:46,257 Performance - ---------------------------------------------------
CPU Usage: 0.01%, Physical Memory Usage: 50,999,296.00, Total Thread Count: 27
AvailableWorkingThreads: 2045, AvailableCompletionPortThreads: 1000
MaxWorkingThreads: 2047, MaxCompletionPortThreads: 1000
PubgServerA ----------------------------------
Started Time: 2019/8/2 星期五 10:11:46
Is Running: True
Total Connections: 1
Maximum Allowed Connection Number: 5000
Total Handled Requests: 24
Request Handling Speed (#/second): 0
Avialable Sending Queue Items: 832
Total Sending Queue Items: 833

2019-08-02 10:16:46,253 Performance - ---------------------------------------------------
CPU Usage: 0.01%, Physical Memory Usage: 52,023,296.00, Total Thread Count: 26
AvailableWorkingThreads: 2045, AvailableCompletionPortThreads: 1000
MaxWorkingThreads: 2047, MaxCompletionPortThreads: 1000
PubgServerA ----------------------------------
Started Time: 2019/8/2 星期五 10:11:46
Is Running: True
Total Connections: 1
Maximum Allowed Connection Number: 5000
Total Handled Requests: 27
Request Handling Speed (#/second): 0
Avialable Sending Queue Items: 832
Total Sending Queue Items: 833

2019-08-02 10:18:02,381 Performance - ---------------------------------------------------
CPU Usage: 0.00%, Physical Memory Usage: 43,819,008.00, Total Thread Count: 26
AvailableWorkingThreads: 2046, AvailableCompletionPortThreads: 1000
MaxWorkingThreads: 2047, MaxCompletionPortThreads: 1000
PubgServerA ----------------------------------
Started Time: 2019/8/2 星期五 10:18:02
Is Running: True
Total Connections: 0
Maximum Allowed Connection Number: 5000
Total Handled Requests: 0
Request Handling Speed (#/second): 0
Avialable Sending Queue Items: 833
Total Sending Queue Items: 833

2019-08-02 10:32:13,919 Performance - ---------------------------------------------------
CPU Usage: 0.00%, Physical Memory Usage: 44,175,360.00, Total Thread Count: 26
AvailableWorkingThreads: 2046, AvailableCompletionPortThreads: 1000
MaxWorkingThreads: 2047, MaxCompletionPortThreads: 1000
PubgServerA ----------------------------------
Started Time: 2019/8/2 星期五 10:32:13
Is Running: True
Total Connections: 0
Maximum Allowed Connection Number: 5000
Total Handled Requests: 0
Request Handling Speed (#/second): 0
Avialable Sending Queue Items: 833
Total Sending Queue Items: 833

2019-08-02 10:33:13,885 Performance - ---------------------------------------------------
CPU Usage: 0.05%, Physical Memory Usage: 46,051,328.00, Total Thread Count: 29
AvailableWorkingThreads: 2046, AvailableCompletionPortThreads: 1000
MaxWorkingThreads: 2047, MaxCompletionPortThreads: 1000
PubgServerA ----------------------------------
Started Time: 2019/8/2 星期五 10:32:13
Is Running: True
Total Connections: 1
Maximum Allowed Connection Number: 5000
Total Handled Requests: 1
Request Handling Speed (#/second): 0
Avialable Sending Queue Items: 832
Total Sending Queue Items: 833

2019-08-02 10:34:13,913 Performance - ---------------------------------------------------
CPU Usage: 0.07%, Physical Memory Usage: 48,099,328.00, Total Thread Count: 27
AvailableWorkingThreads: 2044, AvailableCompletionPortThreads: 1000
MaxWorkingThreads: 2047, MaxCompletionPortThreads: 1000
PubgServerA ----------------------------------
Started Time: 2019/8/2 星期五 10:32:13
Is Running: True
Total Connections: 2
Maximum Allowed Connection Number: 5000
Total Handled Requests: 13
Request Handling Speed (#/second): 0
Avialable Sending Queue Items: 831
Total Sending Queue Items: 833

2019-08-02 10:35:13,894 Performance - ---------------------------------------------------
CPU Usage: 0.02%, Physical Memory Usage: 49,721,344.00, Total Thread Count: 27
AvailableWorkingThreads: 2043, AvailableCompletionPortThreads: 1000
MaxWorkingThreads: 2047, MaxCompletionPortThreads: 1000
PubgServerA ----------------------------------
Started Time: 2019/8/2 星期五 10:32:13
Is Running: True
Total Connections: 1
Maximum Allowed Connection Number: 5000
Total Handled Requests: 13
Request Handling Speed (#/second): 0
Avialable Sending Queue Items: 832
Total Sending Queue Items: 833

2019-08-02 10:36:16,989 Performance - ---------------------------------------------------
CPU Usage: 0.02%, Physical Memory Usage: 51,302,400.00, Total Thread Count: 28
AvailableWorkingThreads: 2042, AvailableCompletionPortThreads: 1000
MaxWorkingThreads: 2047, MaxCompletionPortThreads: 1000
PubgServerA ----------------------------------
Started Time: 2019/8/2 星期五 10:32:13
Is Running: True
Total Connections: 1
Maximum Allowed Connection Number: 5000
Total Handled Requests: 13
Request Handling Speed (#/second): 0
Avialable Sending Queue Items: 832
Total Sending Queue Items: 833

2019-08-02 10:37:40,666 Performance - ---------------------------------------------------
CPU Usage: 0.00%, Physical Memory Usage: 43,741,184.00, Total Thread Count: 26
AvailableWorkingThreads: 2046, AvailableCompletionPortThreads: 1000
MaxWorkingThreads: 2047, MaxCompletionPortThreads: 1000
PubgServerA ----------------------------------
Started Time: 2019/8/2 星期五 10:37:40
Is Running: True
Total Connections: 0
Maximum Allowed Connection Number: 5000
Total Handled Requests: 0
Request Handling Speed (#/second): 0
Avialable Sending Queue Items: 833
Total Sending Queue Items: 833

2019-08-02 10:38:40,661 Performance - ---------------------------------------------------
CPU Usage: 0.12%, Physical Memory Usage: 46,755,840.00, Total Thread Count: 29
AvailableWorkingThreads: 2045, AvailableCompletionPortThreads: 1000
MaxWorkingThreads: 2047, MaxCompletionPortThreads: 1000
PubgServerA ----------------------------------
Started Time: 2019/8/2 星期五 10:37:40
Is Running: True
Total Connections: 1
Maximum Allowed Connection Number: 5000
Total Handled Requests: 8
Request Handling Speed (#/second): 0
Avialable Sending Queue Items: 832
Total Sending Queue Items: 833

2019-08-02 10:39:40,644 Performance - ---------------------------------------------------
CPU Usage: 0.03%, Physical Memory Usage: 47,702,016.00, Total Thread Count: 27
AvailableWorkingThreads: 2044, AvailableCompletionPortThreads: 1000
MaxWorkingThreads: 2047, MaxCompletionPortThreads: 1000
PubgServerA ----------------------------------
Started Time: 2019/8/2 星期五 10:37:40
Is Running: True
Total Connections: 1
Maximum Allowed Connection Number: 5000
Total Handled Requests: 14
Request Handling Speed (#/second): 0
Avialable Sending Queue Items: 832
Total Sending Queue Items: 833

2019-08-02 10:40:40,671 Performance - ---------------------------------------------------
CPU Usage: 0.02%, Physical Memory Usage: 49,557,504.00, Total Thread Count: 27
AvailableWorkingThreads: 2044, AvailableCompletionPortThreads: 1000
MaxWorkingThreads: 2047, MaxCompletionPortThreads: 1000
PubgServerA ----------------------------------
Started Time: 2019/8/2 星期五 10:37:40
Is Running: True
Total Connections: 2
Maximum Allowed Connection Number: 5000
Total Handled Requests: 22
Request Handling Speed (#/second): 0
Avialable Sending Queue Items: 831
Total Sending Queue Items: 833

2019-08-02 10:41:40,653 Performance - ---------------------------------------------------
CPU Usage: 0.01%, Physical Memory Usage: 50,577,408.00, Total Thread Count: 27
AvailableWorkingThreads: 2044, AvailableCompletionPortThreads: 1000
MaxWorkingThreads: 2047, MaxCompletionPortThreads: 1000
PubgServerA ----------------------------------
Started Time: 2019/8/2 星期五 10:37:40
Is Running: True
Total Connections: 0
Maximum Allowed Connection Number: 5000
Total Handled Requests: 26
Request Handling Speed (#/second): 0
Avialable Sending Queue Items: 833
Total Sending Queue Items: 833

2019-08-02 10:42:40,679 Performance - ---------------------------------------------------
CPU Usage: 0.03%, Physical Memory Usage: 51,617,792.00, Total Thread Count: 26
AvailableWorkingThreads: 2045, AvailableCompletionPortThreads: 1000
MaxWorkingThreads: 2047, MaxCompletionPortThreads: 1000
PubgServerA ----------------------------------
Started Time: 2019/8/2 星期五 10:37:40
Is Running: True
Total Connections: 1
Maximum Allowed Connection Number: 5000
Total Handled Requests: 28
Request Handling Speed (#/second): 0
Avialable Sending Queue Items: 832
Total Sending Queue Items: 833

2019-08-02 10:43:40,655 Performance - ---------------------------------------------------
CPU Usage: 0.03%, Physical Memory Usage: 52,813,824.00, Total Thread Count: 28
AvailableWorkingThreads: 2044, AvailableCompletionPortThreads: 1000
MaxWorkingThreads: 2047, MaxCompletionPortThreads: 1000
PubgServerA ----------------------------------
Started Time: 2019/8/2 星期五 10:37:40
Is Running: True
Total Connections: 2
Maximum Allowed Connection Number: 5000
Total Handled Requests: 38
Request Handling Speed (#/second): 0
Avialable Sending Queue Items: 831
Total Sending Queue Items: 833

2019-08-02 10:44:40,675 Performance - ---------------------------------------------------
CPU Usage: 0.04%, Physical Memory Usage: 53,305,344.00, Total Thread Count: 28
AvailableWorkingThreads: 2044, AvailableCompletionPortThreads: 1000
MaxWorkingThreads: 2047, MaxCompletionPortThreads: 1000
PubgServerA ----------------------------------
Started Time: 2019/8/2 星期五 10:37:40
Is Running: True
Total Connections: 2
Maximum Allowed Connection Number: 5000
Total Handled Requests: 52
Request Handling Speed (#/second): 0
Avialable Sending Queue Items: 831
Total Sending Queue Items: 833

2019-08-02 10:45:40,674 Performance - ---------------------------------------------------
CPU Usage: 0.01%, Physical Memory Usage: 53,506,048.00, Total Thread Count: 27
AvailableWorkingThreads: 2045, AvailableCompletionPortThreads: 1000
MaxWorkingThreads: 2047, MaxCompletionPortThreads: 1000
PubgServerA ----------------------------------
Started Time: 2019/8/2 星期五 10:37:40
Is Running: True
Total Connections: 1
Maximum Allowed Connection Number: 5000
Total Handled Requests: 63
Request Handling Speed (#/second): 0
Avialable Sending Queue Items: 832
Total Sending Queue Items: 833

2019-08-02 10:50:48,631 Performance - ---------------------------------------------------
CPU Usage: 0.00%, Physical Memory Usage: 43,880,448.00, Total Thread Count: 26
AvailableWorkingThreads: 2046, AvailableCompletionPortThreads: 1000
MaxWorkingThreads: 2047, MaxCompletionPortThreads: 1000
PubgServerA ----------------------------------
Started Time: 2019/8/2 星期五 10:50:48
Is Running: True
Total Connections: 0
Maximum Allowed Connection Number: 5000
Total Handled Requests: 0
Request Handling Speed (#/second): 0
Avialable Sending Queue Items: 833
Total Sending Queue Items: 833

2019-08-05 22:33:50,301 Performance - ---------------------------------------------------
CPU Usage: 0.00%, Physical Memory Usage: 40,087,552.00, Total Thread Count: 19
AvailableWorkingThreads: 2046, AvailableCompletionPortThreads: 1000
MaxWorkingThreads: 2047, MaxCompletionPortThreads: 1000
PubgServerA ----------------------------------
Started Time: 2019/8/5 22:33:50
Is Running: True
Total Connections: 0
Maximum Allowed Connection Number: 5000
Total Handled Requests: 0
Request Handling Speed (#/second): 0
Avialable Sending Queue Items: 833
Total Sending Queue Items: 833

2019-08-05 22:34:50,169 Performance - ---------------------------------------------------
CPU Usage: 0.26%, Physical Memory Usage: 33,505,280.00, Total Thread Count: 19
AvailableWorkingThreads: 2046, AvailableCompletionPortThreads: 1000
MaxWorkingThreads: 2047, MaxCompletionPortThreads: 1000
PubgServerA ----------------------------------
Started Time: 2019/8/5 22:33:50
Is Running: True
Total Connections: 0
Maximum Allowed Connection Number: 5000
Total Handled Requests: 0
Request Handling Speed (#/second): 0
Avialable Sending Queue Items: 833
Total Sending Queue Items: 833

2019-08-05 22:35:50,177 Performance - ---------------------------------------------------
CPU Usage: 0.16%, Physical Memory Usage: 22,716,416.00, Total Thread Count: 21
AvailableWorkingThreads: 2046, AvailableCompletionPortThreads: 1000
MaxWorkingThreads: 2047, MaxCompletionPortThreads: 1000
PubgServerA ----------------------------------
Started Time: 2019/8/5 22:33:50
Is Running: True
Total Connections: 0
Maximum Allowed Connection Number: 5000
Total Handled Requests: 0
Request Handling Speed (#/second): 0
Avialable Sending Queue Items: 833
Total Sending Queue Items: 833

2019-08-05 22:36:50,185 Performance - ---------------------------------------------------
CPU Usage: 0.08%, Physical Memory Usage: 20,123,648.00, Total Thread Count: 19
AvailableWorkingThreads: 2046, AvailableCompletionPortThreads: 1000
MaxWorkingThreads: 2047, MaxCompletionPortThreads: 1000
PubgServerA ----------------------------------
Started Time: 2019/8/5 22:33:50
Is Running: True
Total Connections: 0
Maximum Allowed Connection Number: 5000
Total Handled Requests: 0
Request Handling Speed (#/second): 0
Avialable Sending Queue Items: 833
Total Sending Queue Items: 833

2019-08-05 22:37:50,194 Performance - ---------------------------------------------------
CPU Usage: 0.16%, Physical Memory Usage: 16,715,776.00, Total Thread Count: 19
AvailableWorkingThreads: 2046, AvailableCompletionPortThreads: 1000
MaxWorkingThreads: 2047, MaxCompletionPortThreads: 1000
PubgServerA ----------------------------------
Started Time: 2019/8/5 22:33:50
Is Running: True
Total Connections: 0
Maximum Allowed Connection Number: 5000
Total Handled Requests: 0
Request Handling Speed (#/second): 0
Avialable Sending Queue Items: 833
Total Sending Queue Items: 833

2019-08-05 22:38:50,920 Performance - ---------------------------------------------------
CPU Usage: 0.08%, Physical Memory Usage: 16,699,392.00, Total Thread Count: 16
AvailableWorkingThreads: 2046, AvailableCompletionPortThreads: 1000
MaxWorkingThreads: 2047, MaxCompletionPortThreads: 1000
PubgServerA ----------------------------------
Started Time: 2019/8/5 22:33:50
Is Running: True
Total Connections: 0
Maximum Allowed Connection Number: 5000
Total Handled Requests: 0
Request Handling Speed (#/second): 0
Avialable Sending Queue Items: 833
Total Sending Queue Items: 833

2019-08-05 22:39:50,655 Performance - ---------------------------------------------------
CPU Usage: 0.03%, Physical Memory Usage: 16,781,312.00, Total Thread Count: 16
AvailableWorkingThreads: 2046, AvailableCompletionPortThreads: 1000
MaxWorkingThreads: 2047, MaxCompletionPortThreads: 1000
PubgServerA ----------------------------------
Started Time: 2019/8/5 22:33:50
Is Running: True
Total Connections: 0
Maximum Allowed Connection Number: 5000
Total Handled Requests: 0
Request Handling Speed (#/second): 0
Avialable Sending Queue Items: 833
Total Sending Queue Items: 833

2019-08-05 22:40:50,656 Performance - ---------------------------------------------------
CPU Usage: 0.03%, Physical Memory Usage: 17,448,960.00, Total Thread Count: 18
AvailableWorkingThreads: 2046, AvailableCompletionPortThreads: 1000
MaxWorkingThreads: 2047, MaxCompletionPortThreads: 1000
PubgServerA ----------------------------------
Started Time: 2019/8/5 22:33:50
Is Running: True
Total Connections: 0
Maximum Allowed Connection Number: 5000
Total Handled Requests: 0
Request Handling Speed (#/second): 0
Avialable Sending Queue Items: 833
Total Sending Queue Items: 833

2019-08-05 22:41:50,664 Performance - ---------------------------------------------------
CPU Usage: 0.00%, Physical Memory Usage: 17,747,968.00, Total Thread Count: 15
AvailableWorkingThreads: 2046, AvailableCompletionPortThreads: 1000
MaxWorkingThreads: 2047, MaxCompletionPortThreads: 1000
PubgServerA ----------------------------------
Started Time: 2019/8/5 22:33:50
Is Running: True
Total Connections: 0
Maximum Allowed Connection Number: 5000
Total Handled Requests: 0
Request Handling Speed (#/second): 0
Avialable Sending Queue Items: 833
Total Sending Queue Items: 833

2019-08-05 22:42:50,672 Performance - ---------------------------------------------------
CPU Usage: 0.00%, Physical Memory Usage: 18,149,376.00, Total Thread Count: 15
AvailableWorkingThreads: 2046, AvailableCompletionPortThreads: 1000
MaxWorkingThreads: 2047, MaxCompletionPortThreads: 1000
PubgServerA ----------------------------------
Started Time: 2019/8/5 22:33:50
Is Running: True
Total Connections: 0
Maximum Allowed Connection Number: 5000
Total Handled Requests: 0
Request Handling Speed (#/second): 0
Avialable Sending Queue Items: 833
Total Sending Queue Items: 833

2019-08-05 22:43:50,672 Performance - ---------------------------------------------------
CPU Usage: 0.00%, Physical Memory Usage: 18,534,400.00, Total Thread Count: 15
AvailableWorkingThreads: 2046, AvailableCompletionPortThreads: 1000
MaxWorkingThreads: 2047, MaxCompletionPortThreads: 1000
PubgServerA ----------------------------------
Started Time: 2019/8/5 22:33:50
Is Running: True
Total Connections: 0
Maximum Allowed Connection Number: 5000
Total Handled Requests: 0
Request Handling Speed (#/second): 0
Avialable Sending Queue Items: 833
Total Sending Queue Items: 833

2019-08-05 22:44:50,688 Performance - ---------------------------------------------------
CPU Usage: 0.00%, Physical Memory Usage: 18,927,616.00, Total Thread Count: 15
AvailableWorkingThreads: 2046, AvailableCompletionPortThreads: 1000
MaxWorkingThreads: 2047, MaxCompletionPortThreads: 1000
PubgServerA ----------------------------------
Started Time: 2019/8/5 22:33:50
Is Running: True
Total Connections: 0
Maximum Allowed Connection Number: 5000
Total Handled Requests: 0
Request Handling Speed (#/second): 0
Avialable Sending Queue Items: 833
Total Sending Queue Items: 833

2019-08-05 22:45:50,689 Performance - ---------------------------------------------------
CPU Usage: 0.03%, Physical Memory Usage: 19,320,832.00, Total Thread Count: 15
AvailableWorkingThreads: 2046, AvailableCompletionPortThreads: 1000
MaxWorkingThreads: 2047, MaxCompletionPortThreads: 1000
PubgServerA ----------------------------------
Started Time: 2019/8/5 22:33:50
Is Running: True
Total Connections: 0
Maximum Allowed Connection Number: 5000
Total Handled Requests: 0
Request Handling Speed (#/second): 0
Avialable Sending Queue Items: 833
Total Sending Queue Items: 833

2019-08-05 22:46:50,697 Performance - ---------------------------------------------------
CPU Usage: 0.03%, Physical Memory Usage: 19,709,952.00, Total Thread Count: 15
AvailableWorkingThreads: 2046, AvailableCompletionPortThreads: 1000
MaxWorkingThreads: 2047, MaxCompletionPortThreads: 1000
PubgServerA ----------------------------------
Started Time: 2019/8/5 22:33:50
Is Running: True
Total Connections: 0
Maximum Allowed Connection Number: 5000
Total Handled Requests: 0
Request Handling Speed (#/second): 0
Avialable Sending Queue Items: 833
Total Sending Queue Items: 833

2019-08-05 22:47:50,705 Performance - ---------------------------------------------------
CPU Usage: 0.00%, Physical Memory Usage: 20,107,264.00, Total Thread Count: 15
AvailableWorkingThreads: 2046, AvailableCompletionPortThreads: 1000
MaxWorkingThreads: 2047, MaxCompletionPortThreads: 1000
PubgServerA ----------------------------------
Started Time: 2019/8/5 22:33:50
Is Running: True
Total Connections: 0
Maximum Allowed Connection Number: 5000
Total Handled Requests: 0
Request Handling Speed (#/second): 0
Avialable Sending Queue Items: 833
Total Sending Queue Items: 833

2019-08-05 22:48:50,705 Performance - ---------------------------------------------------
CPU Usage: 0.05%, Physical Memory Usage: 19,275,776.00, Total Thread Count: 15
AvailableWorkingThreads: 2046, AvailableCompletionPortThreads: 1000
MaxWorkingThreads: 2047, MaxCompletionPortThreads: 1000
PubgServerA ----------------------------------
Started Time: 2019/8/5 22:33:50
Is Running: True
Total Connections: 0
Maximum Allowed Connection Number: 5000
Total Handled Requests: 0
Request Handling Speed (#/second): 0
Avialable Sending Queue Items: 833
Total Sending Queue Items: 833

2019-08-05 22:49:50,706 Performance - ---------------------------------------------------
CPU Usage: 0.00%, Physical Memory Usage: 19,341,312.00, Total Thread Count: 15
AvailableWorkingThreads: 2046, AvailableCompletionPortThreads: 1000
MaxWorkingThreads: 2047, MaxCompletionPortThreads: 1000
PubgServerA ----------------------------------
Started Time: 2019/8/5 22:33:50
Is Running: True
Total Connections: 0
Maximum Allowed Connection Number: 5000
Total Handled Requests: 0
Request Handling Speed (#/second): 0
Avialable Sending Queue Items: 833
Total Sending Queue Items: 833

2019-08-05 22:50:50,714 Performance - ---------------------------------------------------
CPU Usage: 0.00%, Physical Memory Usage: 19,423,232.00, Total Thread Count: 15
AvailableWorkingThreads: 2046, AvailableCompletionPortThreads: 1000
MaxWorkingThreads: 2047, MaxCompletionPortThreads: 1000
PubgServerA ----------------------------------
Started Time: 2019/8/5 22:33:50
Is Running: True
Total Connections: 0
Maximum Allowed Connection Number: 5000
Total Handled Requests: 0
Request Handling Speed (#/second): 0
Avialable Sending Queue Items: 833
Total Sending Queue Items: 833

2019-08-05 22:51:50,721 Performance - ---------------------------------------------------
CPU Usage: 0.00%, Physical Memory Usage: 19,492,864.00, Total Thread Count: 15
AvailableWorkingThreads: 2046, AvailableCompletionPortThreads: 1000
MaxWorkingThreads: 2047, MaxCompletionPortThreads: 1000
PubgServerA ----------------------------------
Started Time: 2019/8/5 22:33:50
Is Running: True
Total Connections: 0
Maximum Allowed Connection Number: 5000
Total Handled Requests: 0
Request Handling Speed (#/second): 0
Avialable Sending Queue Items: 833
Total Sending Queue Items: 833

2019-08-05 22:52:50,721 Performance - ---------------------------------------------------
CPU Usage: 0.00%, Physical Memory Usage: 19,558,400.00, Total Thread Count: 15
AvailableWorkingThreads: 2046, AvailableCompletionPortThreads: 1000
MaxWorkingThreads: 2047, MaxCompletionPortThreads: 1000
PubgServerA ----------------------------------
Started Time: 2019/8/5 22:33:50
Is Running: True
Total Connections: 0
Maximum Allowed Connection Number: 5000
Total Handled Requests: 0
Request Handling Speed (#/second): 0
Avialable Sending Queue Items: 833
Total Sending Queue Items: 833

2019-08-05 22:53:50,722 Performance - ---------------------------------------------------
CPU Usage: 0.00%, Physical Memory Usage: 19,619,840.00, Total Thread Count: 15
AvailableWorkingThreads: 2046, AvailableCompletionPortThreads: 1000
MaxWorkingThreads: 2047, MaxCompletionPortThreads: 1000
PubgServerA ----------------------------------
Started Time: 2019/8/5 22:33:50
Is Running: True
Total Connections: 0
Maximum Allowed Connection Number: 5000
Total Handled Requests: 0
Request Handling Speed (#/second): 0
Avialable Sending Queue Items: 833
Total Sending Queue Items: 833

2019-08-05 22:54:50,729 Performance - ---------------------------------------------------
CPU Usage: 0.00%, Physical Memory Usage: 19,685,376.00, Total Thread Count: 15
AvailableWorkingThreads: 2046, AvailableCompletionPortThreads: 1000
MaxWorkingThreads: 2047, MaxCompletionPortThreads: 1000
PubgServerA ----------------------------------
Started Time: 2019/8/5 22:33:50
Is Running: True
Total Connections: 0
Maximum Allowed Connection Number: 5000
Total Handled Requests: 0
Request Handling Speed (#/second): 0
Avialable Sending Queue Items: 833
Total Sending Queue Items: 833

2019-08-05 22:55:50,729 Performance - ---------------------------------------------------
CPU Usage: 0.00%, Physical Memory Usage: 19,750,912.00, Total Thread Count: 15
AvailableWorkingThreads: 2045, AvailableCompletionPortThreads: 1000
MaxWorkingThreads: 2047, MaxCompletionPortThreads: 1000
PubgServerA ----------------------------------
Started Time: 2019/8/5 22:33:50
Is Running: True
Total Connections: 0
Maximum Allowed Connection Number: 5000
Total Handled Requests: 0
Request Handling Speed (#/second): 0
Avialable Sending Queue Items: 833
Total Sending Queue Items: 833

2019-08-05 22:56:50,737 Performance - ---------------------------------------------------
CPU Usage: 0.00%, Physical Memory Usage: 19,812,352.00, Total Thread Count: 15
AvailableWorkingThreads: 2046, AvailableCompletionPortThreads: 1000
MaxWorkingThreads: 2047, MaxCompletionPortThreads: 1000
PubgServerA ----------------------------------
Started Time: 2019/8/5 22:33:50
Is Running: True
Total Connections: 0
Maximum Allowed Connection Number: 5000
Total Handled Requests: 0
Request Handling Speed (#/second): 0
Avialable Sending Queue Items: 833
Total Sending Queue Items: 833

2019-08-05 22:57:50,745 Performance - ---------------------------------------------------
CPU Usage: 0.00%, Physical Memory Usage: 19,877,888.00, Total Thread Count: 15
AvailableWorkingThreads: 2046, AvailableCompletionPortThreads: 1000
MaxWorkingThreads: 2047, MaxCompletionPortThreads: 1000
PubgServerA ----------------------------------
Started Time: 2019/8/5 22:33:50
Is Running: True
Total Connections: 0
Maximum Allowed Connection Number: 5000
Total Handled Requests: 0
Request Handling Speed (#/second): 0
Avialable Sending Queue Items: 833
Total Sending Queue Items: 833

2019-08-05 22:58:50,753 Performance - ---------------------------------------------------
CPU Usage: 0.00%, Physical Memory Usage: 19,947,520.00, Total Thread Count: 15
AvailableWorkingThreads: 2046, AvailableCompletionPortThreads: 1000
MaxWorkingThreads: 2047, MaxCompletionPortThreads: 1000
PubgServerA ----------------------------------
Started Time: 2019/8/5 22:33:50
Is Running: True
Total Connections: 0
Maximum Allowed Connection Number: 5000
Total Handled Requests: 0
Request Handling Speed (#/second): 0
Avialable Sending Queue Items: 833
Total Sending Queue Items: 833

2019-08-05 22:59:50,761 Performance - ---------------------------------------------------
CPU Usage: 0.00%, Physical Memory Usage: 20,021,248.00, Total Thread Count: 15
AvailableWorkingThreads: 2046, AvailableCompletionPortThreads: 1000
MaxWorkingThreads: 2047, MaxCompletionPortThreads: 1000
PubgServerA ----------------------------------
Started Time: 2019/8/5 22:33:50
Is Running: True
Total Connections: 0
Maximum Allowed Connection Number: 5000
Total Handled Requests: 0
Request Handling Speed (#/second): 0
Avialable Sending Queue Items: 833
Total Sending Queue Items: 833

2019-08-05 23:00:50,760 Performance - ---------------------------------------------------
CPU Usage: 0.00%, Physical Memory Usage: 20,086,784.00, Total Thread Count: 15
AvailableWorkingThreads: 2046, AvailableCompletionPortThreads: 1000
MaxWorkingThreads: 2047, MaxCompletionPortThreads: 1000
PubgServerA ----------------------------------
Started Time: 2019/8/5 22:33:50
Is Running: True
Total Connections: 0
Maximum Allowed Connection Number: 5000
Total Handled Requests: 0
Request Handling Speed (#/second): 0
Avialable Sending Queue Items: 833
Total Sending Queue Items: 833

2019-08-05 23:01:50,768 Performance - ---------------------------------------------------
CPU Usage: 0.00%, Physical Memory Usage: 20,152,320.00, Total Thread Count: 15
AvailableWorkingThreads: 2046, AvailableCompletionPortThreads: 1000
MaxWorkingThreads: 2047, MaxCompletionPortThreads: 1000
PubgServerA ----------------------------------
Started Time: 2019/8/5 22:33:50
Is Running: True
Total Connections: 0
Maximum Allowed Connection Number: 5000
Total Handled Requests: 0
Request Handling Speed (#/second): 0
Avialable Sending Queue Items: 833
Total Sending Queue Items: 833

2019-08-05 23:02:50,776 Performance - ---------------------------------------------------
CPU Usage: 0.00%, Physical Memory Usage: 20,492,288.00, Total Thread Count: 15
AvailableWorkingThreads: 2046, AvailableCompletionPortThreads: 1000
MaxWorkingThreads: 2047, MaxCompletionPortThreads: 1000
PubgServerA ----------------------------------
Started Time: 2019/8/5 22:33:50
Is Running: True
Total Connections: 0
Maximum Allowed Connection Number: 5000
Total Handled Requests: 0
Request Handling Speed (#/second): 0
Avialable Sending Queue Items: 833
Total Sending Queue Items: 833

2019-08-05 23:03:50,909 Performance - ---------------------------------------------------
CPU Usage: 0.08%, Physical Memory Usage: 20,955,136.00, Total Thread Count: 15
AvailableWorkingThreads: 2046, AvailableCompletionPortThreads: 1000
MaxWorkingThreads: 2047, MaxCompletionPortThreads: 1000
PubgServerA ----------------------------------
Started Time: 2019/8/5 22:33:50
Is Running: True
Total Connections: 0
Maximum Allowed Connection Number: 5000
Total Handled Requests: 0
Request Handling Speed (#/second): 0
Avialable Sending Queue Items: 833
Total Sending Queue Items: 833

2019-08-05 23:04:50,792 Performance - ---------------------------------------------------
CPU Usage: 0.03%, Physical Memory Usage: 21,319,680.00, Total Thread Count: 15
AvailableWorkingThreads: 2046, AvailableCompletionPortThreads: 1000
MaxWorkingThreads: 2047, MaxCompletionPortThreads: 1000
PubgServerA ----------------------------------
Started Time: 2019/8/5 22:33:50
Is Running: True
Total Connections: 0
Maximum Allowed Connection Number: 5000
Total Handled Requests: 0
Request Handling Speed (#/second): 0
Avialable Sending Queue Items: 833
Total Sending Queue Items: 833

2019-08-05 23:05:50,792 Performance - ---------------------------------------------------
CPU Usage: 0.00%, Physical Memory Usage: 21,696,512.00, Total Thread Count: 15
AvailableWorkingThreads: 2046, AvailableCompletionPortThreads: 1000
MaxWorkingThreads: 2047, MaxCompletionPortThreads: 1000
PubgServerA ----------------------------------
Started Time: 2019/8/5 22:33:50
Is Running: True
Total Connections: 0
Maximum Allowed Connection Number: 5000
Total Handled Requests: 0
Request Handling Speed (#/second): 0
Avialable Sending Queue Items: 833
Total Sending Queue Items: 833

2019-08-05 23:06:50,800 Performance - ---------------------------------------------------
CPU Usage: 0.00%, Physical Memory Usage: 22,065,152.00, Total Thread Count: 15
AvailableWorkingThreads: 2046, AvailableCompletionPortThreads: 1000
MaxWorkingThreads: 2047, MaxCompletionPortThreads: 1000
PubgServerA ----------------------------------
Started Time: 2019/8/5 22:33:50
Is Running: True
Total Connections: 0
Maximum Allowed Connection Number: 5000
Total Handled Requests: 0
Request Handling Speed (#/second): 0
Avialable Sending Queue Items: 833
Total Sending Queue Items: 833

2019-08-05 23:07:50,807 Performance - ---------------------------------------------------
CPU Usage: 0.00%, Physical Memory Usage: 22,441,984.00, Total Thread Count: 15
AvailableWorkingThreads: 2046, AvailableCompletionPortThreads: 1000
MaxWorkingThreads: 2047, MaxCompletionPortThreads: 1000
PubgServerA ----------------------------------
Started Time: 2019/8/5 22:33:50
Is Running: True
Total Connections: 0
Maximum Allowed Connection Number: 5000
Total Handled Requests: 0
Request Handling Speed (#/second): 0
Avialable Sending Queue Items: 833
Total Sending Queue Items: 833

2019-08-05 23:08:50,815 Performance - ---------------------------------------------------
CPU Usage: 0.00%, Physical Memory Usage: 22,806,528.00, Total Thread Count: 15
AvailableWorkingThreads: 2046, AvailableCompletionPortThreads: 1000
MaxWorkingThreads: 2047, MaxCompletionPortThreads: 1000
PubgServerA ----------------------------------
Started Time: 2019/8/5 22:33:50
Is Running: True
Total Connections: 0
Maximum Allowed Connection Number: 5000
Total Handled Requests: 0
Request Handling Speed (#/second): 0
Avialable Sending Queue Items: 833
Total Sending Queue Items: 833

2019-08-05 23:09:50,823 Performance - ---------------------------------------------------
CPU Usage: 0.00%, Physical Memory Usage: 22,994,944.00, Total Thread Count: 15
AvailableWorkingThreads: 2046, AvailableCompletionPortThreads: 1000
MaxWorkingThreads: 2047, MaxCompletionPortThreads: 1000
PubgServerA ----------------------------------
Started Time: 2019/8/5 22:33:50
Is Running: True
Total Connections: 0
Maximum Allowed Connection Number: 5000
Total Handled Requests: 0
Request Handling Speed (#/second): 0
Avialable Sending Queue Items: 833
Total Sending Queue Items: 833

2019-08-05 23:10:50,831 Performance - ---------------------------------------------------
CPU Usage: 0.00%, Physical Memory Usage: 23,056,384.00, Total Thread Count: 15
AvailableWorkingThreads: 2046, AvailableCompletionPortThreads: 1000
MaxWorkingThreads: 2047, MaxCompletionPortThreads: 1000
PubgServerA ----------------------------------
Started Time: 2019/8/5 22:33:50
Is Running: True
Total Connections: 0
Maximum Allowed Connection Number: 5000
Total Handled Requests: 0
Request Handling Speed (#/second): 0
Avialable Sending Queue Items: 833
Total Sending Queue Items: 833

2019-08-05 23:11:50,839 Performance - ---------------------------------------------------
CPU Usage: 0.00%, Physical Memory Usage: 23,117,824.00, Total Thread Count: 15
AvailableWorkingThreads: 2046, AvailableCompletionPortThreads: 1000
MaxWorkingThreads: 2047, MaxCompletionPortThreads: 1000
PubgServerA ----------------------------------
Started Time: 2019/8/5 22:33:50
Is Running: True
Total Connections: 0
Maximum Allowed Connection Number: 5000
Total Handled Requests: 0
Request Handling Speed (#/second): 0
Avialable Sending Queue Items: 833
Total Sending Queue Items: 833

2019-08-05 23:12:50,846 Performance - ---------------------------------------------------
CPU Usage: 0.00%, Physical Memory Usage: 23,183,360.00, Total Thread Count: 15
AvailableWorkingThreads: 2046, AvailableCompletionPortThreads: 1000
MaxWorkingThreads: 2047, MaxCompletionPortThreads: 1000
PubgServerA ----------------------------------
Started Time: 2019/8/5 22:33:50
Is Running: True
Total Connections: 0
Maximum Allowed Connection Number: 5000
Total Handled Requests: 0
Request Handling Speed (#/second): 0
Avialable Sending Queue Items: 833
Total Sending Queue Items: 833

2019-08-05 23:13:50,846 Performance - ---------------------------------------------------
CPU Usage: 0.00%, Physical Memory Usage: 23,252,992.00, Total Thread Count: 15
AvailableWorkingThreads: 2046, AvailableCompletionPortThreads: 1000
MaxWorkingThreads: 2047, MaxCompletionPortThreads: 1000
PubgServerA ----------------------------------
Started Time: 2019/8/5 22:33:50
Is Running: True
Total Connections: 0
Maximum Allowed Connection Number: 5000
Total Handled Requests: 0
Request Handling Speed (#/second): 0
Avialable Sending Queue Items: 833
Total Sending Queue Items: 833

2019-08-05 23:14:50,854 Performance - ---------------------------------------------------
CPU Usage: 0.00%, Physical Memory Usage: 23,310,336.00, Total Thread Count: 15
AvailableWorkingThreads: 2046, AvailableCompletionPortThreads: 1000
MaxWorkingThreads: 2047, MaxCompletionPortThreads: 1000
PubgServerA ----------------------------------
Started Time: 2019/8/5 22:33:50
Is Running: True
Total Connections: 0
Maximum Allowed Connection Number: 5000
Total Handled Requests: 0
Request Handling Speed (#/second): 0
Avialable Sending Queue Items: 833
Total Sending Queue Items: 833

2019-08-05 23:15:50,862 Performance - ---------------------------------------------------
CPU Usage: 0.00%, Physical Memory Usage: 23,379,968.00, Total Thread Count: 15
AvailableWorkingThreads: 2046, AvailableCompletionPortThreads: 1000
MaxWorkingThreads: 2047, MaxCompletionPortThreads: 1000
PubgServerA ----------------------------------
Started Time: 2019/8/5 22:33:50
Is Running: True
Total Connections: 0
Maximum Allowed Connection Number: 5000
Total Handled Requests: 0
Request Handling Speed (#/second): 0
Avialable Sending Queue Items: 833
Total Sending Queue Items: 833

2019-08-05 23:16:50,870 Performance - ---------------------------------------------------
CPU Usage: 0.00%, Physical Memory Usage: 23,445,504.00, Total Thread Count: 15
AvailableWorkingThreads: 2046, AvailableCompletionPortThreads: 1000
MaxWorkingThreads: 2047, MaxCompletionPortThreads: 1000
PubgServerA ----------------------------------
Started Time: 2019/8/5 22:33:50
Is Running: True
Total Connections: 0
Maximum Allowed Connection Number: 5000
Total Handled Requests: 0
Request Handling Speed (#/second): 0
Avialable Sending Queue Items: 833
Total Sending Queue Items: 833

2019-08-05 23:17:50,878 Performance - ---------------------------------------------------
CPU Usage: 0.00%, Physical Memory Usage: 23,511,040.00, Total Thread Count: 15
AvailableWorkingThreads: 2046, AvailableCompletionPortThreads: 1000
MaxWorkingThreads: 2047, MaxCompletionPortThreads: 1000
PubgServerA ----------------------------------
Started Time: 2019/8/5 22:33:50
Is Running: True
Total Connections: 0
Maximum Allowed Connection Number: 5000
Total Handled Requests: 0
Request Handling Speed (#/second): 0
Avialable Sending Queue Items: 833
Total Sending Queue Items: 833

2019-08-05 23:18:50,878 Performance - ---------------------------------------------------
CPU Usage: 0.00%, Physical Memory Usage: 23,572,480.00, Total Thread Count: 15
AvailableWorkingThreads: 2046, AvailableCompletionPortThreads: 1000
MaxWorkingThreads: 2047, MaxCompletionPortThreads: 1000
PubgServerA ----------------------------------
Started Time: 2019/8/5 22:33:50
Is Running: True
Total Connections: 0
Maximum Allowed Connection Number: 5000
Total Handled Requests: 0
Request Handling Speed (#/second): 0
Avialable Sending Queue Items: 833
Total Sending Queue Items: 833

2019-08-05 23:19:50,878 Performance - ---------------------------------------------------
CPU Usage: 0.00%, Physical Memory Usage: 23,642,112.00, Total Thread Count: 15
AvailableWorkingThreads: 2046, AvailableCompletionPortThreads: 1000
MaxWorkingThreads: 2047, MaxCompletionPortThreads: 1000
PubgServerA ----------------------------------
Started Time: 2019/8/5 22:33:50
Is Running: True
Total Connections: 0
Maximum Allowed Connection Number: 5000
Total Handled Requests: 0
Request Handling Speed (#/second): 0
Avialable Sending Queue Items: 833
Total Sending Queue Items: 833

2019-08-05 23:20:50,885 Performance - ---------------------------------------------------
CPU Usage: 0.00%, Physical Memory Usage: 23,711,744.00, Total Thread Count: 15
AvailableWorkingThreads: 2046, AvailableCompletionPortThreads: 1000
MaxWorkingThreads: 2047, MaxCompletionPortThreads: 1000
PubgServerA ----------------------------------
Started Time: 2019/8/5 22:33:50
Is Running: True
Total Connections: 0
Maximum Allowed Connection Number: 5000
Total Handled Requests: 0
Request Handling Speed (#/second): 0
Avialable Sending Queue Items: 833
Total Sending Queue Items: 833

2019-08-05 23:21:50,893 Performance - ---------------------------------------------------
CPU Usage: 0.00%, Physical Memory Usage: 23,781,376.00, Total Thread Count: 15
AvailableWorkingThreads: 2046, AvailableCompletionPortThreads: 1000
MaxWorkingThreads: 2047, MaxCompletionPortThreads: 1000
PubgServerA ----------------------------------
Started Time: 2019/8/5 22:33:50
Is Running: True
Total Connections: 0
Maximum Allowed Connection Number: 5000
Total Handled Requests: 0
Request Handling Speed (#/second): 0
Avialable Sending Queue Items: 833
Total Sending Queue Items: 833

2019-08-05 23:22:50,901 Performance - ---------------------------------------------------
CPU Usage: 0.00%, Physical Memory Usage: 23,846,912.00, Total Thread Count: 15
AvailableWorkingThreads: 2046, AvailableCompletionPortThreads: 1000
MaxWorkingThreads: 2047, MaxCompletionPortThreads: 1000
PubgServerA ----------------------------------
Started Time: 2019/8/5 22:33:50
Is Running: True
Total Connections: 0
Maximum Allowed Connection Number: 5000
Total Handled Requests: 0
Request Handling Speed (#/second): 0
Avialable Sending Queue Items: 833
Total Sending Queue Items: 833

2019-08-05 23:23:50,909 Performance - ---------------------------------------------------
CPU Usage: 0.00%, Physical Memory Usage: 23,912,448.00, Total Thread Count: 15
AvailableWorkingThreads: 2046, AvailableCompletionPortThreads: 1000
MaxWorkingThreads: 2047, MaxCompletionPortThreads: 1000
PubgServerA ----------------------------------
Started Time: 2019/8/5 22:33:50
Is Running: True
Total Connections: 0
Maximum Allowed Connection Number: 5000
Total Handled Requests: 0
Request Handling Speed (#/second): 0
Avialable Sending Queue Items: 833
Total Sending Queue Items: 833

2019-08-05 23:24:50,925 Performance - ---------------------------------------------------
CPU Usage: 0.00%, Physical Memory Usage: 23,977,984.00, Total Thread Count: 15
AvailableWorkingThreads: 2046, AvailableCompletionPortThreads: 1000
MaxWorkingThreads: 2047, MaxCompletionPortThreads: 1000
PubgServerA ----------------------------------
Started Time: 2019/8/5 22:33:50
Is Running: True
Total Connections: 0
Maximum Allowed Connection Number: 5000
Total Handled Requests: 0
Request Handling Speed (#/second): 0
Avialable Sending Queue Items: 833
Total Sending Queue Items: 833

2019-08-05 23:25:50,925 Performance - ---------------------------------------------------
CPU Usage: 0.00%, Physical Memory Usage: 24,039,424.00, Total Thread Count: 15
AvailableWorkingThreads: 2046, AvailableCompletionPortThreads: 1000
MaxWorkingThreads: 2047, MaxCompletionPortThreads: 1000
PubgServerA ----------------------------------
Started Time: 2019/8/5 22:33:50
Is Running: True
Total Connections: 0
Maximum Allowed Connection Number: 5000
Total Handled Requests: 0
Request Handling Speed (#/second): 0
Avialable Sending Queue Items: 833
Total Sending Queue Items: 833

2019-08-05 23:26:50,932 Performance - ---------------------------------------------------
CPU Usage: 0.00%, Physical Memory Usage: 24,113,152.00, Total Thread Count: 15
AvailableWorkingThreads: 2046, AvailableCompletionPortThreads: 1000
MaxWorkingThreads: 2047, MaxCompletionPortThreads: 1000
PubgServerA ----------------------------------
Started Time: 2019/8/5 22:33:50
Is Running: True
Total Connections: 0
Maximum Allowed Connection Number: 5000
Total Handled Requests: 0
Request Handling Speed (#/second): 0
Avialable Sending Queue Items: 833
Total Sending Queue Items: 833

2019-08-05 23:27:50,940 Performance - ---------------------------------------------------
CPU Usage: 0.00%, Physical Memory Usage: 24,174,592.00, Total Thread Count: 15
AvailableWorkingThreads: 2046, AvailableCompletionPortThreads: 1000
MaxWorkingThreads: 2047, MaxCompletionPortThreads: 1000
PubgServerA ----------------------------------
Started Time: 2019/8/5 22:33:50
Is Running: True
Total Connections: 0
Maximum Allowed Connection Number: 5000
Total Handled Requests: 0
Request Handling Speed (#/second): 0
Avialable Sending Queue Items: 833
Total Sending Queue Items: 833

2019-08-05 23:28:50,948 Performance - ---------------------------------------------------
CPU Usage: 0.00%, Physical Memory Usage: 24,240,128.00, Total Thread Count: 15
AvailableWorkingThreads: 2046, AvailableCompletionPortThreads: 1000
MaxWorkingThreads: 2047, MaxCompletionPortThreads: 1000
PubgServerA ----------------------------------
Started Time: 2019/8/5 22:33:50
Is Running: True
Total Connections: 0
Maximum Allowed Connection Number: 5000
Total Handled Requests: 0
Request Handling Speed (#/second): 0
Avialable Sending Queue Items: 833
Total Sending Queue Items: 833

2019-08-05 23:29:50,956 Performance - ---------------------------------------------------
CPU Usage: 0.00%, Physical Memory Usage: 24,305,664.00, Total Thread Count: 15
AvailableWorkingThreads: 2046, AvailableCompletionPortThreads: 1000
MaxWorkingThreads: 2047, MaxCompletionPortThreads: 1000
PubgServerA ----------------------------------
Started Time: 2019/8/5 22:33:50
Is Running: True
Total Connections: 0
Maximum Allowed Connection Number: 5000
Total Handled Requests: 0
Request Handling Speed (#/second): 0
Avialable Sending Queue Items: 833
Total Sending Queue Items: 833

2019-08-05 23:30:50,964 Performance - ---------------------------------------------------
CPU Usage: 0.00%, Physical Memory Usage: 24,371,200.00, Total Thread Count: 15
AvailableWorkingThreads: 2046, AvailableCompletionPortThreads: 1000
MaxWorkingThreads: 2047, MaxCompletionPortThreads: 1000
PubgServerA ----------------------------------
Started Time: 2019/8/5 22:33:50
Is Running: True
Total Connections: 0
Maximum Allowed Connection Number: 5000
Total Handled Requests: 0
Request Handling Speed (#/second): 0
Avialable Sending Queue Items: 833
Total Sending Queue Items: 833

2019-08-05 23:31:50,979 Performance - ---------------------------------------------------
CPU Usage: 0.00%, Physical Memory Usage: 24,428,544.00, Total Thread Count: 15
AvailableWorkingThreads: 2046, AvailableCompletionPortThreads: 1000
MaxWorkingThreads: 2047, MaxCompletionPortThreads: 1000
PubgServerA ----------------------------------
Started Time: 2019/8/5 22:33:50
Is Running: True
Total Connections: 0
Maximum Allowed Connection Number: 5000
Total Handled Requests: 0
Request Handling Speed (#/second): 0
Avialable Sending Queue Items: 833
Total Sending Queue Items: 833

2019-08-05 23:32:50,979 Performance - ---------------------------------------------------
CPU Usage: 0.00%, Physical Memory Usage: 24,498,176.00, Total Thread Count: 15
AvailableWorkingThreads: 2046, AvailableCompletionPortThreads: 1000
MaxWorkingThreads: 2047, MaxCompletionPortThreads: 1000
PubgServerA ----------------------------------
Started Time: 2019/8/5 22:33:50
Is Running: True
Total Connections: 0
Maximum Allowed Connection Number: 5000
Total Handled Requests: 0
Request Handling Speed (#/second): 0
Avialable Sending Queue Items: 833
Total Sending Queue Items: 833

2019-08-05 23:33:51,026 Performance - ---------------------------------------------------
CPU Usage: 0.05%, Physical Memory Usage: 24,563,712.00, Total Thread Count: 15
AvailableWorkingThreads: 2046, AvailableCompletionPortThreads: 1000
MaxWorkingThreads: 2047, MaxCompletionPortThreads: 1000
PubgServerA ----------------------------------
Started Time: 2019/8/5 22:33:50
Is Running: True
Total Connections: 0
Maximum Allowed Connection Number: 5000
Total Handled Requests: 0
Request Handling Speed (#/second): 0
Avialable Sending Queue Items: 833
Total Sending Queue Items: 833

2019-08-05 23:34:51,003 Performance - ---------------------------------------------------
CPU Usage: 0.00%, Physical Memory Usage: 24,633,344.00, Total Thread Count: 15
AvailableWorkingThreads: 2046, AvailableCompletionPortThreads: 1000
MaxWorkingThreads: 2047, MaxCompletionPortThreads: 1000
PubgServerA ----------------------------------
Started Time: 2019/8/5 22:33:50
Is Running: True
Total Connections: 0
Maximum Allowed Connection Number: 5000
Total Handled Requests: 0
Request Handling Speed (#/second): 0
Avialable Sending Queue Items: 833
Total Sending Queue Items: 833

2019-08-05 23:35:51,003 Performance - ---------------------------------------------------
CPU Usage: 0.03%, Physical Memory Usage: 24,702,976.00, Total Thread Count: 15
AvailableWorkingThreads: 2046, AvailableCompletionPortThreads: 1000
MaxWorkingThreads: 2047, MaxCompletionPortThreads: 1000
PubgServerA ----------------------------------
Started Time: 2019/8/5 22:33:50
Is Running: True
Total Connections: 0
Maximum Allowed Connection Number: 5000
Total Handled Requests: 0
Request Handling Speed (#/second): 0
Avialable Sending Queue Items: 833
Total Sending Queue Items: 833

2019-08-05 23:36:51,011 Performance - ---------------------------------------------------
CPU Usage: 0.00%, Physical Memory Usage: 24,768,512.00, Total Thread Count: 15
AvailableWorkingThreads: 2046, AvailableCompletionPortThreads: 1000
MaxWorkingThreads: 2047, MaxCompletionPortThreads: 1000
PubgServerA ----------------------------------
Started Time: 2019/8/5 22:33:50
Is Running: True
Total Connections: 0
Maximum Allowed Connection Number: 5000
Total Handled Requests: 0
Request Handling Speed (#/second): 0
Avialable Sending Queue Items: 833
Total Sending Queue Items: 833

2019-08-05 23:37:51,018 Performance - ---------------------------------------------------
CPU Usage: 0.00%, Physical Memory Usage: 24,838,144.00, Total Thread Count: 15
AvailableWorkingThreads: 2046, AvailableCompletionPortThreads: 1000
MaxWorkingThreads: 2047, MaxCompletionPortThreads: 1000
PubgServerA ----------------------------------
Started Time: 2019/8/5 22:33:50
Is Running: True
Total Connections: 0
Maximum Allowed Connection Number: 5000
Total Handled Requests: 0
Request Handling Speed (#/second): 0
Avialable Sending Queue Items: 833
Total Sending Queue Items: 833

2019-08-05 23:38:51,026 Performance - ---------------------------------------------------
CPU Usage: 0.00%, Physical Memory Usage: 24,891,392.00, Total Thread Count: 15
AvailableWorkingThreads: 2046, AvailableCompletionPortThreads: 1000
MaxWorkingThreads: 2047, MaxCompletionPortThreads: 1000
PubgServerA ----------------------------------
Started Time: 2019/8/5 22:33:50
Is Running: True
Total Connections: 0
Maximum Allowed Connection Number: 5000
Total Handled Requests: 0
Request Handling Speed (#/second): 0
Avialable Sending Queue Items: 833
Total Sending Queue Items: 833

2019-08-05 23:39:51,034 Performance - ---------------------------------------------------
CPU Usage: 0.00%, Physical Memory Usage: 24,973,312.00, Total Thread Count: 15
AvailableWorkingThreads: 2046, AvailableCompletionPortThreads: 1000
MaxWorkingThreads: 2047, MaxCompletionPortThreads: 1000
PubgServerA ----------------------------------
Started Time: 2019/8/5 22:33:50
Is Running: True
Total Connections: 0
Maximum Allowed Connection Number: 5000
Total Handled Requests: 0
Request Handling Speed (#/second): 0
Avialable Sending Queue Items: 833
Total Sending Queue Items: 833

2019-08-05 23:40:51,042 Performance - ---------------------------------------------------
CPU Usage: 0.00%, Physical Memory Usage: 25,034,752.00, Total Thread Count: 15
AvailableWorkingThreads: 2046, AvailableCompletionPortThreads: 1000
MaxWorkingThreads: 2047, MaxCompletionPortThreads: 1000
PubgServerA ----------------------------------
Started Time: 2019/8/5 22:33:50
Is Running: True
Total Connections: 0
Maximum Allowed Connection Number: 5000
Total Handled Requests: 0
Request Handling Speed (#/second): 0
Avialable Sending Queue Items: 833
Total Sending Queue Items: 833

2019-08-05 23:41:51,050 Performance - ---------------------------------------------------
CPU Usage: 0.00%, Physical Memory Usage: 25,100,288.00, Total Thread Count: 15
AvailableWorkingThreads: 2046, AvailableCompletionPortThreads: 1000
MaxWorkingThreads: 2047, MaxCompletionPortThreads: 1000
PubgServerA ----------------------------------
Started Time: 2019/8/5 22:33:50
Is Running: True
Total Connections: 0
Maximum Allowed Connection Number: 5000
Total Handled Requests: 0
Request Handling Speed (#/second): 0
Avialable Sending Queue Items: 833
Total Sending Queue Items: 833

2019-08-05 23:42:51,057 Performance - ---------------------------------------------------
CPU Usage: 0.00%, Physical Memory Usage: 25,161,728.00, Total Thread Count: 15
AvailableWorkingThreads: 2046, AvailableCompletionPortThreads: 1000
MaxWorkingThreads: 2047, MaxCompletionPortThreads: 1000
PubgServerA ----------------------------------
Started Time: 2019/8/5 22:33:50
Is Running: True
Total Connections: 0
Maximum Allowed Connection Number: 5000
Total Handled Requests: 0
Request Handling Speed (#/second): 0
Avialable Sending Queue Items: 833
Total Sending Queue Items: 833

2019-08-05 23:43:51,065 Performance - ---------------------------------------------------
CPU Usage: 0.00%, Physical Memory Usage: 25,231,360.00, Total Thread Count: 15
AvailableWorkingThreads: 2046, AvailableCompletionPortThreads: 1000
MaxWorkingThreads: 2047, MaxCompletionPortThreads: 1000
PubgServerA ----------------------------------
Started Time: 2019/8/5 22:33:50
Is Running: True
Total Connections: 0
Maximum Allowed Connection Number: 5000
Total Handled Requests: 0
Request Handling Speed (#/second): 0
Avialable Sending Queue Items: 833
Total Sending Queue Items: 833

2019-08-05 23:44:51,073 Performance - ---------------------------------------------------
CPU Usage: 0.00%, Physical Memory Usage: 25,292,800.00, Total Thread Count: 15
AvailableWorkingThreads: 2046, AvailableCompletionPortThreads: 1000
MaxWorkingThreads: 2047, MaxCompletionPortThreads: 1000
PubgServerA ----------------------------------
Started Time: 2019/8/5 22:33:50
Is Running: True
Total Connections: 0
Maximum Allowed Connection Number: 5000
Total Handled Requests: 0
Request Handling Speed (#/second): 0
Avialable Sending Queue Items: 833
Total Sending Queue Items: 833

2019-08-05 23:45:51,081 Performance - ---------------------------------------------------
CPU Usage: 0.00%, Physical Memory Usage: 25,362,432.00, Total Thread Count: 15
AvailableWorkingThreads: 2046, AvailableCompletionPortThreads: 1000
MaxWorkingThreads: 2047, MaxCompletionPortThreads: 1000
PubgServerA ----------------------------------
Started Time: 2019/8/5 22:33:50
Is Running: True
Total Connections: 0
Maximum Allowed Connection Number: 5000
Total Handled Requests: 0
Request Handling Speed (#/second): 0
Avialable Sending Queue Items: 833
Total Sending Queue Items: 833

2019-08-05 23:46:51,081 Performance - ---------------------------------------------------
CPU Usage: 0.00%, Physical Memory Usage: 25,427,968.00, Total Thread Count: 15
AvailableWorkingThreads: 2046, AvailableCompletionPortThreads: 1000
MaxWorkingThreads: 2047, MaxCompletionPortThreads: 1000
PubgServerA ----------------------------------
Started Time: 2019/8/5 22:33:50
Is Running: True
Total Connections: 0
Maximum Allowed Connection Number: 5000
Total Handled Requests: 0
Request Handling Speed (#/second): 0
Avialable Sending Queue Items: 833
Total Sending Queue Items: 833

2019-08-05 23:47:51,096 Performance - ---------------------------------------------------
CPU Usage: 0.00%, Physical Memory Usage: 25,489,408.00, Total Thread Count: 15
AvailableWorkingThreads: 2046, AvailableCompletionPortThreads: 1000
MaxWorkingThreads: 2047, MaxCompletionPortThreads: 1000
PubgServerA ----------------------------------
Started Time: 2019/8/5 22:33:50
Is Running: True
Total Connections: 0
Maximum Allowed Connection Number: 5000
Total Handled Requests: 0
Request Handling Speed (#/second): 0
Avialable Sending Queue Items: 833
Total Sending Queue Items: 833

2019-08-05 23:48:51,120 Performance - ---------------------------------------------------
CPU Usage: 0.00%, Physical Memory Usage: 25,591,808.00, Total Thread Count: 16
AvailableWorkingThreads: 2046, AvailableCompletionPortThreads: 1000
MaxWorkingThreads: 2047, MaxCompletionPortThreads: 1000
PubgServerA ----------------------------------
Started Time: 2019/8/5 22:33:50
Is Running: True
Total Connections: 0
Maximum Allowed Connection Number: 5000
Total Handled Requests: 0
Request Handling Speed (#/second): 0
Avialable Sending Queue Items: 833
Total Sending Queue Items: 833

2019-08-05 23:49:51,120 Performance - ---------------------------------------------------
CPU Usage: 0.00%, Physical Memory Usage: 25,698,304.00, Total Thread Count: 17
AvailableWorkingThreads: 2046, AvailableCompletionPortThreads: 1000
MaxWorkingThreads: 2047, MaxCompletionPortThreads: 1000
PubgServerA ----------------------------------
Started Time: 2019/8/5 22:33:50
Is Running: True
Total Connections: 0
Maximum Allowed Connection Number: 5000
Total Handled Requests: 0
Request Handling Speed (#/second): 0
Avialable Sending Queue Items: 833
Total Sending Queue Items: 833

2019-08-05 23:50:51,128 Performance - ---------------------------------------------------
CPU Usage: 0.00%, Physical Memory Usage: 25,751,552.00, Total Thread Count: 16
AvailableWorkingThreads: 2046, AvailableCompletionPortThreads: 1000
MaxWorkingThreads: 2047, MaxCompletionPortThreads: 1000
PubgServerA ----------------------------------
Started Time: 2019/8/5 22:33:50
Is Running: True
Total Connections: 0
Maximum Allowed Connection Number: 5000
Total Handled Requests: 0
Request Handling Speed (#/second): 0
Avialable Sending Queue Items: 833
Total Sending Queue Items: 833

2019-08-05 23:51:51,128 Performance - ---------------------------------------------------
CPU Usage: 0.00%, Physical Memory Usage: 25,829,376.00, Total Thread Count: 16
AvailableWorkingThreads: 2046, AvailableCompletionPortThreads: 1000
MaxWorkingThreads: 2047, MaxCompletionPortThreads: 1000
PubgServerA ----------------------------------
Started Time: 2019/8/5 22:33:50
Is Running: True
Total Connections: 0
Maximum Allowed Connection Number: 5000
Total Handled Requests: 0
Request Handling Speed (#/second): 0
Avialable Sending Queue Items: 833
Total Sending Queue Items: 833

2019-08-05 23:52:51,135 Performance - ---------------------------------------------------
CPU Usage: 0.00%, Physical Memory Usage: 25,923,584.00, Total Thread Count: 17
AvailableWorkingThreads: 2046, AvailableCompletionPortThreads: 1000
MaxWorkingThreads: 2047, MaxCompletionPortThreads: 1000
PubgServerA ----------------------------------
Started Time: 2019/8/5 22:33:50
Is Running: True
Total Connections: 0
Maximum Allowed Connection Number: 5000
Total Handled Requests: 0
Request Handling Speed (#/second): 0
Avialable Sending Queue Items: 833
Total Sending Queue Items: 833

2019-08-05 23:53:51,143 Performance - ---------------------------------------------------
CPU Usage: 0.00%, Physical Memory Usage: 25,997,312.00, Total Thread Count: 17
AvailableWorkingThreads: 2046, AvailableCompletionPortThreads: 1000
MaxWorkingThreads: 2047, MaxCompletionPortThreads: 1000
PubgServerA ----------------------------------
Started Time: 2019/8/5 22:33:50
Is Running: True
Total Connections: 0
Maximum Allowed Connection Number: 5000
Total Handled Requests: 0
Request Handling Speed (#/second): 0
Avialable Sending Queue Items: 833
Total Sending Queue Items: 833

2019-08-05 23:54:51,151 Performance - ---------------------------------------------------
CPU Usage: 0.00%, Physical Memory Usage: 26,034,176.00, Total Thread Count: 16
AvailableWorkingThreads: 2046, AvailableCompletionPortThreads: 1000
MaxWorkingThreads: 2047, MaxCompletionPortThreads: 1000
PubgServerA ----------------------------------
Started Time: 2019/8/5 22:33:50
Is Running: True
Total Connections: 0
Maximum Allowed Connection Number: 5000
Total Handled Requests: 0
Request Handling Speed (#/second): 0
Avialable Sending Queue Items: 833
Total Sending Queue Items: 833

2019-08-05 23:55:51,159 Performance - ---------------------------------------------------
CPU Usage: 0.00%, Physical Memory Usage: 26,062,848.00, Total Thread Count: 15
AvailableWorkingThreads: 2046, AvailableCompletionPortThreads: 1000
MaxWorkingThreads: 2047, MaxCompletionPortThreads: 1000
PubgServerA ----------------------------------
Started Time: 2019/8/5 22:33:50
Is Running: True
Total Connections: 0
Maximum Allowed Connection Number: 5000
Total Handled Requests: 0
Request Handling Speed (#/second): 0
Avialable Sending Queue Items: 833
Total Sending Queue Items: 833

2019-08-05 23:56:51,167 Performance - ---------------------------------------------------
CPU Usage: 0.00%, Physical Memory Usage: 26,169,344.00, Total Thread Count: 16
AvailableWorkingThreads: 2046, AvailableCompletionPortThreads: 1000
MaxWorkingThreads: 2047, MaxCompletionPortThreads: 1000
PubgServerA ----------------------------------
Started Time: 2019/8/5 22:33:50
Is Running: True
Total Connections: 0
Maximum Allowed Connection Number: 5000
Total Handled Requests: 0
Request Handling Speed (#/second): 0
Avialable Sending Queue Items: 833
Total Sending Queue Items: 833

2019-08-05 23:57:51,175 Performance - ---------------------------------------------------
CPU Usage: 0.00%, Physical Memory Usage: 26,275,840.00, Total Thread Count: 17
AvailableWorkingThreads: 2046, AvailableCompletionPortThreads: 1000
MaxWorkingThreads: 2047, MaxCompletionPortThreads: 1000
PubgServerA ----------------------------------
Started Time: 2019/8/5 22:33:50
Is Running: True
Total Connections: 0
Maximum Allowed Connection Number: 5000
Total Handled Requests: 0
Request Handling Speed (#/second): 0
Avialable Sending Queue Items: 833
Total Sending Queue Items: 833

2019-08-05 23:58:51,182 Performance - ---------------------------------------------------
CPU Usage: 0.00%, Physical Memory Usage: 26,312,704.00, Total Thread Count: 16
AvailableWorkingThreads: 2046, AvailableCompletionPortThreads: 1000
MaxWorkingThreads: 2047, MaxCompletionPortThreads: 1000
PubgServerA ----------------------------------
Started Time: 2019/8/5 22:33:50
Is Running: True
Total Connections: 0
Maximum Allowed Connection Number: 5000
Total Handled Requests: 0
Request Handling Speed (#/second): 0
Avialable Sending Queue Items: 833
Total Sending Queue Items: 833

2019-08-05 23:59:51,190 Performance - ---------------------------------------------------
CPU Usage: 0.00%, Physical Memory Usage: 26,382,336.00, Total Thread Count: 16
AvailableWorkingThreads: 2046, AvailableCompletionPortThreads: 1000
MaxWorkingThreads: 2047, MaxCompletionPortThreads: 1000
PubgServerA ----------------------------------
Started Time: 2019/8/5 22:33:50
Is Running: True
Total Connections: 0
Maximum Allowed Connection Number: 5000
Total Handled Requests: 0
Request Handling Speed (#/second): 0
Avialable Sending Queue Items: 833
Total Sending Queue Items: 833

