2020-02-19 22:01:53,443 Performance - ---------------------------------------------------
CPU Usage: 0.00%, Physical Memory Usage: 57,495,552.00, Total Thread Count: 26
AvailableWorkingThreads: 2046, AvailableCompletionPortThreads: 1000
MaxWorkingThreads: 2047, MaxCompletionPortThreads: 1000
PubgServerA ----------------------------------
Started Time: 2020/2/19 22:01:53
Is Running: True
Total Connections: 0
Maximum Allowed Connection Number: 5000
Total Handled Requests: 0
Request Handling Speed (#/second): 0
Avialable Sending Queue Items: 833
Total Sending Queue Items: 833

2020-02-19 22:02:53,408 Performance - ---------------------------------------------------
CPU Usage: 0.01%, Physical Memory Usage: 57,602,048.00, Total Thread Count: 26
AvailableWorkingThreads: 2044, AvailableCompletionPortThreads: 1000
MaxWorkingThreads: 2047, MaxCompletionPortThreads: 1000
PubgServerA ----------------------------------
Started Time: 2020/2/19 22:01:53
Is Running: True
Total Connections: 0
Maximum Allowed Connection Number: 5000
Total Handled Requests: 0
Request Handling Speed (#/second): 0
Avialable Sending Queue Items: 833
Total Sending Queue Items: 833

2020-02-19 22:03:53,414 Performance - ---------------------------------------------------
CPU Usage: 0.04%, Physical Memory Usage: 60,727,296.00, Total Thread Count: 26
AvailableWorkingThreads: 2045, AvailableCompletionPortThreads: 1000
MaxWorkingThreads: 2047, MaxCompletionPortThreads: 1000
PubgServerA ----------------------------------
Started Time: 2020/2/19 22:01:53
Is Running: True
Total Connections: 1
Maximum Allowed Connection Number: 5000
Total Handled Requests: 26
Request Handling Speed (#/second): 0
Avialable Sending Queue Items: 832
Total Sending Queue Items: 833

2020-02-19 22:08:03,023 Performance - ---------------------------------------------------
CPU Usage: 0.00%, Physical Memory Usage: 57,741,312.00, Total Thread Count: 26
AvailableWorkingThreads: 2046, AvailableCompletionPortThreads: 1000
MaxWorkingThreads: 2047, MaxCompletionPortThreads: 1000
PubgServerA ----------------------------------
Started Time: 2020/2/19 22:08:02
Is Running: True
Total Connections: 0
Maximum Allowed Connection Number: 5000
Total Handled Requests: 0
Request Handling Speed (#/second): 0
Avialable Sending Queue Items: 833
Total Sending Queue Items: 833

2020-02-19 22:09:29,104 Performance - ---------------------------------------------------
CPU Usage: 0.00%, Physical Memory Usage: 57,745,408.00, Total Thread Count: 26
AvailableWorkingThreads: 2046, AvailableCompletionPortThreads: 1000
MaxWorkingThreads: 2047, MaxCompletionPortThreads: 1000
PubgServerA ----------------------------------
Started Time: 2020/2/19 22:09:29
Is Running: True
Total Connections: 0
Maximum Allowed Connection Number: 5000
Total Handled Requests: 0
Request Handling Speed (#/second): 0
Avialable Sending Queue Items: 833
Total Sending Queue Items: 833

2020-02-19 22:10:29,061 Performance - ---------------------------------------------------
CPU Usage: 0.13%, Physical Memory Usage: 62,738,432.00, Total Thread Count: 29
AvailableWorkingThreads: 2044, AvailableCompletionPortThreads: 1000
MaxWorkingThreads: 2047, MaxCompletionPortThreads: 1000
PubgServerA ----------------------------------
Started Time: 2020/2/19 22:09:29
Is Running: True
Total Connections: 1
Maximum Allowed Connection Number: 5000
Total Handled Requests: 27
Request Handling Speed (#/second): 0
Avialable Sending Queue Items: 832
Total Sending Queue Items: 833

2020-02-19 22:11:37,464 Performance - ---------------------------------------------------
CPU Usage: 0.00%, Physical Memory Usage: 58,097,664.00, Total Thread Count: 25
AvailableWorkingThreads: 2046, AvailableCompletionPortThreads: 1000
MaxWorkingThreads: 2047, MaxCompletionPortThreads: 1000
PubgServerA ----------------------------------
Started Time: 2020/2/19 22:11:37
Is Running: True
Total Connections: 0
Maximum Allowed Connection Number: 5000
Total Handled Requests: 0
Request Handling Speed (#/second): 0
Avialable Sending Queue Items: 833
Total Sending Queue Items: 833

2020-02-19 22:12:37,413 Performance - ---------------------------------------------------
CPU Usage: 0.05%, Physical Memory Usage: 61,026,304.00, Total Thread Count: 27
AvailableWorkingThreads: 2042, AvailableCompletionPortThreads: 1000
MaxWorkingThreads: 2047, MaxCompletionPortThreads: 1000
PubgServerA ----------------------------------
Started Time: 2020/2/19 22:11:37
Is Running: True
Total Connections: 1
Maximum Allowed Connection Number: 5000
Total Handled Requests: 21
Request Handling Speed (#/second): 0
Avialable Sending Queue Items: 832
Total Sending Queue Items: 833

2020-02-19 22:13:37,456 Performance - ---------------------------------------------------
CPU Usage: 0.07%, Physical Memory Usage: 63,414,272.00, Total Thread Count: 27
AvailableWorkingThreads: 2043, AvailableCompletionPortThreads: 1000
MaxWorkingThreads: 2047, MaxCompletionPortThreads: 1000
PubgServerA ----------------------------------
Started Time: 2020/2/19 22:11:37
Is Running: True
Total Connections: 1
Maximum Allowed Connection Number: 5000
Total Handled Requests: 53
Request Handling Speed (#/second): 1
Avialable Sending Queue Items: 832
Total Sending Queue Items: 833

2020-02-19 22:15:52,668 Performance - ---------------------------------------------------
CPU Usage: 0.00%, Physical Memory Usage: 57,737,216.00, Total Thread Count: 26
AvailableWorkingThreads: 2046, AvailableCompletionPortThreads: 1000
MaxWorkingThreads: 2047, MaxCompletionPortThreads: 1000
PubgServerA ----------------------------------
Started Time: 2020/2/19 22:15:52
Is Running: True
Total Connections: 0
Maximum Allowed Connection Number: 5000
Total Handled Requests: 0
Request Handling Speed (#/second): 0
Avialable Sending Queue Items: 833
Total Sending Queue Items: 833

2020-02-19 22:16:52,626 Performance - ---------------------------------------------------
CPU Usage: 0.05%, Physical Memory Usage: 60,424,192.00, Total Thread Count: 27
AvailableWorkingThreads: 2044, AvailableCompletionPortThreads: 1000
MaxWorkingThreads: 2047, MaxCompletionPortThreads: 1000
PubgServerA ----------------------------------
Started Time: 2020/2/19 22:15:52
Is Running: True
Total Connections: 1
Maximum Allowed Connection Number: 5000
Total Handled Requests: 31
Request Handling Speed (#/second): 1
Avialable Sending Queue Items: 832
Total Sending Queue Items: 833

2020-02-19 22:26:53,052 Performance - ---------------------------------------------------
CPU Usage: 0.00%, Physical Memory Usage: 57,913,344.00, Total Thread Count: 25
AvailableWorkingThreads: 2046, AvailableCompletionPortThreads: 1000
MaxWorkingThreads: 2047, MaxCompletionPortThreads: 1000
PubgServerA ----------------------------------
Started Time: 2020/2/19 22:26:52
Is Running: True
Total Connections: 0
Maximum Allowed Connection Number: 5000
Total Handled Requests: 0
Request Handling Speed (#/second): 0
Avialable Sending Queue Items: 833
Total Sending Queue Items: 833

2020-02-19 22:27:53,039 Performance - ---------------------------------------------------
CPU Usage: 0.05%, Physical Memory Usage: 60,440,576.00, Total Thread Count: 24
AvailableWorkingThreads: 2044, AvailableCompletionPortThreads: 1000
MaxWorkingThreads: 2047, MaxCompletionPortThreads: 1000
PubgServerA ----------------------------------
Started Time: 2020/2/19 22:26:52
Is Running: True
Total Connections: 0
Maximum Allowed Connection Number: 5000
Total Handled Requests: 9
Request Handling Speed (#/second): 0
Avialable Sending Queue Items: 833
Total Sending Queue Items: 833

2020-02-19 22:28:53,062 Performance - ---------------------------------------------------
CPU Usage: 0.05%, Physical Memory Usage: 63,569,920.00, Total Thread Count: 27
AvailableWorkingThreads: 2046, AvailableCompletionPortThreads: 1000
MaxWorkingThreads: 2047, MaxCompletionPortThreads: 1000
PubgServerA ----------------------------------
Started Time: 2020/2/19 22:26:52
Is Running: True
Total Connections: 1
Maximum Allowed Connection Number: 5000
Total Handled Requests: 58
Request Handling Speed (#/second): 1
Avialable Sending Queue Items: 832
Total Sending Queue Items: 833

2020-02-19 22:31:07,453 Performance - ---------------------------------------------------
CPU Usage: 0.00%, Physical Memory Usage: 58,265,600.00, Total Thread Count: 26
AvailableWorkingThreads: 2046, AvailableCompletionPortThreads: 1000
MaxWorkingThreads: 2047, MaxCompletionPortThreads: 1000
PubgServerA ----------------------------------
Started Time: 2020/2/19 22:31:07
Is Running: True
Total Connections: 0
Maximum Allowed Connection Number: 5000
Total Handled Requests: 0
Request Handling Speed (#/second): 0
Avialable Sending Queue Items: 833
Total Sending Queue Items: 833

2020-02-19 22:37:14,051 Performance - ---------------------------------------------------
CPU Usage: 0.00%, Physical Memory Usage: 57,839,616.00, Total Thread Count: 26
AvailableWorkingThreads: 2046, AvailableCompletionPortThreads: 1000
MaxWorkingThreads: 2047, MaxCompletionPortThreads: 1000
PubgServerA ----------------------------------
Started Time: 2020/2/19 22:37:13
Is Running: True
Total Connections: 0
Maximum Allowed Connection Number: 5000
Total Handled Requests: 0
Request Handling Speed (#/second): 0
Avialable Sending Queue Items: 833
Total Sending Queue Items: 833

2020-02-19 22:39:24,628 Performance - ---------------------------------------------------
CPU Usage: 0.00%, Physical Memory Usage: 57,958,400.00, Total Thread Count: 26
AvailableWorkingThreads: 2046, AvailableCompletionPortThreads: 1000
MaxWorkingThreads: 2047, MaxCompletionPortThreads: 1000
PubgServerA ----------------------------------
Started Time: 2020/2/19 22:39:24
Is Running: True
Total Connections: 0
Maximum Allowed Connection Number: 5000
Total Handled Requests: 0
Request Handling Speed (#/second): 0
Avialable Sending Queue Items: 833
Total Sending Queue Items: 833

2020-02-19 22:43:40,734 Performance - ---------------------------------------------------
CPU Usage: 0.07%, Physical Memory Usage: 62,660,608.00, Total Thread Count: 29
AvailableWorkingThreads: 2042, AvailableCompletionPortThreads: 999
MaxWorkingThreads: 2047, MaxCompletionPortThreads: 1000
PubgServerA ----------------------------------
Started Time: 2020/2/19 22:39:24
Is Running: True
Total Connections: 1
Maximum Allowed Connection Number: 5000
Total Handled Requests: 63
Request Handling Speed (#/second): 0
Avialable Sending Queue Items: 832
Total Sending Queue Items: 833

2020-02-19 22:44:22,855 Performance - ---------------------------------------------------
CPU Usage: 0.00%, Physical Memory Usage: 57,667,584.00, Total Thread Count: 26
AvailableWorkingThreads: 2046, AvailableCompletionPortThreads: 1000
MaxWorkingThreads: 2047, MaxCompletionPortThreads: 1000
PubgServerA ----------------------------------
Started Time: 2020/2/19 22:44:22
Is Running: True
Total Connections: 0
Maximum Allowed Connection Number: 5000
Total Handled Requests: 0
Request Handling Speed (#/second): 0
Avialable Sending Queue Items: 833
Total Sending Queue Items: 833

2020-02-19 22:46:10,557 Performance - ---------------------------------------------------
CPU Usage: 0.00%, Physical Memory Usage: 58,372,096.00, Total Thread Count: 25
AvailableWorkingThreads: 2046, AvailableCompletionPortThreads: 1000
MaxWorkingThreads: 2047, MaxCompletionPortThreads: 1000
PubgServerA ----------------------------------
Started Time: 2020/2/19 22:46:10
Is Running: True
Total Connections: 0
Maximum Allowed Connection Number: 5000
Total Handled Requests: 0
Request Handling Speed (#/second): 0
Avialable Sending Queue Items: 833
Total Sending Queue Items: 833

2020-02-19 22:47:52,651 Performance - ---------------------------------------------------
CPU Usage: 0.00%, Physical Memory Usage: 57,724,928.00, Total Thread Count: 26
AvailableWorkingThreads: 2046, AvailableCompletionPortThreads: 1000
MaxWorkingThreads: 2047, MaxCompletionPortThreads: 1000
PubgServerA ----------------------------------
Started Time: 2020/2/19 22:47:52
Is Running: True
Total Connections: 0
Maximum Allowed Connection Number: 5000
Total Handled Requests: 0
Request Handling Speed (#/second): 0
Avialable Sending Queue Items: 833
Total Sending Queue Items: 833

2020-02-19 22:49:25,593 Performance - ---------------------------------------------------
CPU Usage: 0.00%, Physical Memory Usage: 57,663,488.00, Total Thread Count: 26
AvailableWorkingThreads: 2046, AvailableCompletionPortThreads: 1000
MaxWorkingThreads: 2047, MaxCompletionPortThreads: 1000
PubgServerA ----------------------------------
Started Time: 2020/2/19 22:49:25
Is Running: True
Total Connections: 0
Maximum Allowed Connection Number: 5000
Total Handled Requests: 0
Request Handling Speed (#/second): 0
Avialable Sending Queue Items: 833
Total Sending Queue Items: 833

2020-02-19 22:50:25,540 Performance - ---------------------------------------------------
CPU Usage: 0.13%, Physical Memory Usage: 61,837,312.00, Total Thread Count: 26
AvailableWorkingThreads: 2044, AvailableCompletionPortThreads: 1000
MaxWorkingThreads: 2047, MaxCompletionPortThreads: 1000
PubgServerA ----------------------------------
Started Time: 2020/2/19 22:49:25
Is Running: True
Total Connections: 1
Maximum Allowed Connection Number: 5000
Total Handled Requests: 46
Request Handling Speed (#/second): 1
Avialable Sending Queue Items: 832
Total Sending Queue Items: 833

2020-02-19 22:51:39,858 Performance - ---------------------------------------------------
CPU Usage: 0.05%, Physical Memory Usage: 63,586,304.00, Total Thread Count: 29
AvailableWorkingThreads: 2042, AvailableCompletionPortThreads: 998
MaxWorkingThreads: 2047, MaxCompletionPortThreads: 1000
PubgServerA ----------------------------------
Started Time: 2020/2/19 22:49:25
Is Running: True
Total Connections: 1
Maximum Allowed Connection Number: 5000
Total Handled Requests: 91
Request Handling Speed (#/second): 1
Avialable Sending Queue Items: 832
Total Sending Queue Items: 833

2020-02-19 22:52:39,848 Performance - ---------------------------------------------------
CPU Usage: 0.01%, Physical Memory Usage: 64,024,576.00, Total Thread Count: 27
AvailableWorkingThreads: 2043, AvailableCompletionPortThreads: 1000
MaxWorkingThreads: 2047, MaxCompletionPortThreads: 1000
PubgServerA ----------------------------------
Started Time: 2020/2/19 22:49:25
Is Running: True
Total Connections: 1
Maximum Allowed Connection Number: 5000
Total Handled Requests: 135
Request Handling Speed (#/second): 1
Avialable Sending Queue Items: 832
Total Sending Queue Items: 833

2020-02-19 22:53:18,292 Performance - ---------------------------------------------------
CPU Usage: 0.00%, Physical Memory Usage: 57,806,848.00, Total Thread Count: 26
AvailableWorkingThreads: 2046, AvailableCompletionPortThreads: 1000
MaxWorkingThreads: 2047, MaxCompletionPortThreads: 1000
PubgServerA ----------------------------------
Started Time: 2020/2/19 22:53:18
Is Running: True
Total Connections: 0
Maximum Allowed Connection Number: 5000
Total Handled Requests: 0
Request Handling Speed (#/second): 0
Avialable Sending Queue Items: 833
Total Sending Queue Items: 833

2020-02-19 22:54:18,238 Performance - ---------------------------------------------------
CPU Usage: 0.07%, Physical Memory Usage: 62,808,064.00, Total Thread Count: 29
AvailableWorkingThreads: 2046, AvailableCompletionPortThreads: 1000
MaxWorkingThreads: 2047, MaxCompletionPortThreads: 1000
PubgServerA ----------------------------------
Started Time: 2020/2/19 22:53:18
Is Running: True
Total Connections: 0
Maximum Allowed Connection Number: 5000
Total Handled Requests: 33
Request Handling Speed (#/second): 1
Avialable Sending Queue Items: 833
Total Sending Queue Items: 833

2020-02-19 22:55:18,255 Performance - ---------------------------------------------------
CPU Usage: 0.02%, Physical Memory Usage: 64,000,000.00, Total Thread Count: 27
AvailableWorkingThreads: 2046, AvailableCompletionPortThreads: 1000
MaxWorkingThreads: 2047, MaxCompletionPortThreads: 1000
PubgServerA ----------------------------------
Started Time: 2020/2/19 22:53:18
Is Running: True
Total Connections: 1
Maximum Allowed Connection Number: 5000
Total Handled Requests: 35
Request Handling Speed (#/second): 0
Avialable Sending Queue Items: 832
Total Sending Queue Items: 833

2020-02-19 22:56:18,253 Performance - ---------------------------------------------------
CPU Usage: 0.03%, Physical Memory Usage: 64,442,368.00, Total Thread Count: 26
AvailableWorkingThreads: 2046, AvailableCompletionPortThreads: 1000
MaxWorkingThreads: 2047, MaxCompletionPortThreads: 1000
PubgServerA ----------------------------------
Started Time: 2020/2/19 22:53:18
Is Running: True
Total Connections: 0
Maximum Allowed Connection Number: 5000
Total Handled Requests: 50
Request Handling Speed (#/second): 0
Avialable Sending Queue Items: 833
Total Sending Queue Items: 833

2020-02-19 22:57:18,252 Performance - ---------------------------------------------------
CPU Usage: 0.01%, Physical Memory Usage: 64,921,600.00, Total Thread Count: 26
AvailableWorkingThreads: 2046, AvailableCompletionPortThreads: 1000
MaxWorkingThreads: 2047, MaxCompletionPortThreads: 1000
PubgServerA ----------------------------------
Started Time: 2020/2/19 22:53:18
Is Running: True
Total Connections: 0
Maximum Allowed Connection Number: 5000
Total Handled Requests: 50
Request Handling Speed (#/second): 0
Avialable Sending Queue Items: 833
Total Sending Queue Items: 833

2020-02-19 23:21:15,489 Performance - ---------------------------------------------------
CPU Usage: 0.00%, Physical Memory Usage: 60,469,248.00, Total Thread Count: 26
AvailableWorkingThreads: 2046, AvailableCompletionPortThreads: 1000
MaxWorkingThreads: 2047, MaxCompletionPortThreads: 1000
PubgServerA ----------------------------------
Started Time: 2020/2/19 23:21:15
Is Running: True
Total Connections: 0
Maximum Allowed Connection Number: 5000
Total Handled Requests: 0
Request Handling Speed (#/second): 0
Avialable Sending Queue Items: 833
Total Sending Queue Items: 833

2020-02-19 23:22:15,439 Performance - ---------------------------------------------------
CPU Usage: 0.02%, Physical Memory Usage: 62,255,104.00, Total Thread Count: 25
AvailableWorkingThreads: 2044, AvailableCompletionPortThreads: 1000
MaxWorkingThreads: 2047, MaxCompletionPortThreads: 1000
PubgServerA ----------------------------------
Started Time: 2020/2/19 23:21:15
Is Running: True
Total Connections: 0
Maximum Allowed Connection Number: 5000
Total Handled Requests: 0
Request Handling Speed (#/second): 0
Avialable Sending Queue Items: 833
Total Sending Queue Items: 833

2020-02-19 23:23:15,449 Performance - ---------------------------------------------------
CPU Usage: 0.05%, Physical Memory Usage: 62,816,256.00, Total Thread Count: 26
AvailableWorkingThreads: 2044, AvailableCompletionPortThreads: 1000
MaxWorkingThreads: 2047, MaxCompletionPortThreads: 1000
PubgServerA ----------------------------------
Started Time: 2020/2/19 23:21:15
Is Running: True
Total Connections: 1
Maximum Allowed Connection Number: 5000
Total Handled Requests: 46
Request Handling Speed (#/second): 1
Avialable Sending Queue Items: 832
Total Sending Queue Items: 833

2020-02-19 23:24:15,467 Performance - ---------------------------------------------------
CPU Usage: 0.01%, Physical Memory Usage: 62,300,160.00, Total Thread Count: 26
AvailableWorkingThreads: 2045, AvailableCompletionPortThreads: 1000
MaxWorkingThreads: 2047, MaxCompletionPortThreads: 1000
PubgServerA ----------------------------------
Started Time: 2020/2/19 23:21:15
Is Running: True
Total Connections: 2
Maximum Allowed Connection Number: 5000
Total Handled Requests: 94
Request Handling Speed (#/second): 1
Avialable Sending Queue Items: 831
Total Sending Queue Items: 833

2020-02-19 23:25:15,464 Performance - ---------------------------------------------------
CPU Usage: 0.05%, Physical Memory Usage: 62,926,848.00, Total Thread Count: 26
AvailableWorkingThreads: 2045, AvailableCompletionPortThreads: 1000
MaxWorkingThreads: 2047, MaxCompletionPortThreads: 1000
PubgServerA ----------------------------------
Started Time: 2020/2/19 23:21:15
Is Running: True
Total Connections: 2
Maximum Allowed Connection Number: 5000
Total Handled Requests: 184
Request Handling Speed (#/second): 2
Avialable Sending Queue Items: 831
Total Sending Queue Items: 833

2020-02-19 23:26:15,466 Performance - ---------------------------------------------------
CPU Usage: 0.04%, Physical Memory Usage: 63,336,448.00, Total Thread Count: 24
AvailableWorkingThreads: 2044, AvailableCompletionPortThreads: 1000
MaxWorkingThreads: 2047, MaxCompletionPortThreads: 1000
PubgServerA ----------------------------------
Started Time: 2020/2/19 23:21:15
Is Running: True
Total Connections: 2
Maximum Allowed Connection Number: 5000
Total Handled Requests: 265
Request Handling Speed (#/second): 1
Avialable Sending Queue Items: 831
Total Sending Queue Items: 833

2020-02-19 23:27:15,466 Performance - ---------------------------------------------------
CPU Usage: 0.03%, Physical Memory Usage: 63,852,544.00, Total Thread Count: 24
AvailableWorkingThreads: 2044, AvailableCompletionPortThreads: 1000
MaxWorkingThreads: 2047, MaxCompletionPortThreads: 1000
PubgServerA ----------------------------------
Started Time: 2020/2/19 23:21:15
Is Running: True
Total Connections: 2
Maximum Allowed Connection Number: 5000
Total Handled Requests: 345
Request Handling Speed (#/second): 1
Avialable Sending Queue Items: 831
Total Sending Queue Items: 833

2020-02-19 23:28:15,483 Performance - ---------------------------------------------------
CPU Usage: 0.07%, Physical Memory Usage: 62,386,176.00, Total Thread Count: 24
AvailableWorkingThreads: 2045, AvailableCompletionPortThreads: 1000
MaxWorkingThreads: 2047, MaxCompletionPortThreads: 1000
PubgServerA ----------------------------------
Started Time: 2020/2/19 23:21:15
Is Running: True
Total Connections: 2
Maximum Allowed Connection Number: 5000
Total Handled Requests: 425
Request Handling Speed (#/second): 1
Avialable Sending Queue Items: 831
Total Sending Queue Items: 833

2020-02-19 23:29:15,481 Performance - ---------------------------------------------------
CPU Usage: 0.05%, Physical Memory Usage: 65,994,752.00, Total Thread Count: 25
AvailableWorkingThreads: 2045, AvailableCompletionPortThreads: 1000
MaxWorkingThreads: 2047, MaxCompletionPortThreads: 1000
PubgServerA ----------------------------------
Started Time: 2020/2/19 23:21:15
Is Running: True
Total Connections: 2
Maximum Allowed Connection Number: 5000
Total Handled Requests: 508
Request Handling Speed (#/second): 1
Avialable Sending Queue Items: 831
Total Sending Queue Items: 833

2020-02-19 23:30:15,481 Performance - ---------------------------------------------------
CPU Usage: 0.03%, Physical Memory Usage: 67,051,520.00, Total Thread Count: 24
AvailableWorkingThreads: 2044, AvailableCompletionPortThreads: 1000
MaxWorkingThreads: 2047, MaxCompletionPortThreads: 1000
PubgServerA ----------------------------------
Started Time: 2020/2/19 23:21:15
Is Running: True
Total Connections: 1
Maximum Allowed Connection Number: 5000
Total Handled Requests: 569
Request Handling Speed (#/second): 1
Avialable Sending Queue Items: 832
Total Sending Queue Items: 833

2020-02-19 23:31:15,482 Performance - ---------------------------------------------------
CPU Usage: 0.01%, Physical Memory Usage: 67,510,272.00, Total Thread Count: 24
AvailableWorkingThreads: 2044, AvailableCompletionPortThreads: 1000
MaxWorkingThreads: 2047, MaxCompletionPortThreads: 1000
PubgServerA ----------------------------------
Started Time: 2020/2/19 23:21:15
Is Running: True
Total Connections: 2
Maximum Allowed Connection Number: 5000
Total Handled Requests: 633
Request Handling Speed (#/second): 1
Avialable Sending Queue Items: 831
Total Sending Queue Items: 833

2020-02-19 23:32:15,494 Performance - ---------------------------------------------------
CPU Usage: 0.02%, Physical Memory Usage: 68,300,800.00, Total Thread Count: 23
AvailableWorkingThreads: 2045, AvailableCompletionPortThreads: 1000
MaxWorkingThreads: 2047, MaxCompletionPortThreads: 1000
PubgServerA ----------------------------------
Started Time: 2020/2/19 23:21:15
Is Running: True
Total Connections: 0
Maximum Allowed Connection Number: 5000
Total Handled Requests: 694
Request Handling Speed (#/second): 1
Avialable Sending Queue Items: 833
Total Sending Queue Items: 833

2020-02-19 23:33:15,497 Performance - ---------------------------------------------------
CPU Usage: 0.03%, Physical Memory Usage: 68,792,320.00, Total Thread Count: 24
AvailableWorkingThreads: 2045, AvailableCompletionPortThreads: 1000
MaxWorkingThreads: 2047, MaxCompletionPortThreads: 1000
PubgServerA ----------------------------------
Started Time: 2020/2/19 23:21:15
Is Running: True
Total Connections: 1
Maximum Allowed Connection Number: 5000
Total Handled Requests: 735
Request Handling Speed (#/second): 1
Avialable Sending Queue Items: 832
Total Sending Queue Items: 833

2020-02-19 23:34:15,506 Performance - ---------------------------------------------------
CPU Usage: 0.05%, Physical Memory Usage: 69,255,168.00, Total Thread Count: 24
AvailableWorkingThreads: 2044, AvailableCompletionPortThreads: 1000
MaxWorkingThreads: 2047, MaxCompletionPortThreads: 1000
PubgServerA ----------------------------------
Started Time: 2020/2/19 23:21:15
Is Running: True
Total Connections: 1
Maximum Allowed Connection Number: 5000
Total Handled Requests: 767
Request Handling Speed (#/second): 1
Avialable Sending Queue Items: 832
Total Sending Queue Items: 833

2020-02-19 23:35:15,515 Performance - ---------------------------------------------------
CPU Usage: 0.04%, Physical Memory Usage: 69,730,304.00, Total Thread Count: 24
AvailableWorkingThreads: 2045, AvailableCompletionPortThreads: 1000
MaxWorkingThreads: 2047, MaxCompletionPortThreads: 1000
PubgServerA ----------------------------------
Started Time: 2020/2/19 23:21:15
Is Running: True
Total Connections: 1
Maximum Allowed Connection Number: 5000
Total Handled Requests: 786
Request Handling Speed (#/second): 0
Avialable Sending Queue Items: 832
Total Sending Queue Items: 833

2020-02-19 23:36:15,509 Performance - ---------------------------------------------------
CPU Usage: 0.01%, Physical Memory Usage: 70,189,056.00, Total Thread Count: 24
AvailableWorkingThreads: 2044, AvailableCompletionPortThreads: 1000
MaxWorkingThreads: 2047, MaxCompletionPortThreads: 1000
PubgServerA ----------------------------------
Started Time: 2020/2/19 23:21:15
Is Running: True
Total Connections: 0
Maximum Allowed Connection Number: 5000
Total Handled Requests: 824
Request Handling Speed (#/second): 1
Avialable Sending Queue Items: 833
Total Sending Queue Items: 833

2020-02-19 23:37:15,508 Performance - ---------------------------------------------------
CPU Usage: 0.01%, Physical Memory Usage: 70,615,040.00, Total Thread Count: 23
AvailableWorkingThreads: 2045, AvailableCompletionPortThreads: 1000
MaxWorkingThreads: 2047, MaxCompletionPortThreads: 1000
PubgServerA ----------------------------------
Started Time: 2020/2/19 23:21:15
Is Running: True
Total Connections: 0
Maximum Allowed Connection Number: 5000
Total Handled Requests: 824
Request Handling Speed (#/second): 0
Avialable Sending Queue Items: 833
Total Sending Queue Items: 833

