2019-07-29 14:41:31,538 Performance - ---------------------------------------------------
CPU Usage: 0.00%, Physical Memory Usage: 43,872,256.00, Total Thread Count: 26
AvailableWorkingThreads: 2046, AvailableCompletionPortThreads: 1000
MaxWorkingThreads: 2047, MaxCompletionPortThreads: 1000
PubgServerA ----------------------------------
Started Time: 2019/7/29 星期一 14:41:31
Is Running: True
Total Connections: 0
Maximum Allowed Connection Number: 5000
Total Handled Requests: 0
Request Handling Speed (#/second): 0
Avialable Sending Queue Items: 833
Total Sending Queue Items: 833

2019-07-29 16:18:48,330 Performance - ---------------------------------------------------
CPU Usage: 0.00%, Physical Memory Usage: 43,749,376.00, Total Thread Count: 26
AvailableWorkingThreads: 2046, AvailableCompletionPortThreads: 1000
MaxWorkingThreads: 2047, MaxCompletionPortThreads: 1000
PubgServerA ----------------------------------
Started Time: 2019/7/29 星期一 16:18:48
Is Running: True
Total Connections: 0
Maximum Allowed Connection Number: 5000
Total Handled Requests: 0
Request Handling Speed (#/second): 0
Avialable Sending Queue Items: 833
Total Sending Queue Items: 833

2019-07-29 16:19:48,260 Performance - ---------------------------------------------------
CPU Usage: 0.02%, Physical Memory Usage: 45,154,304.00, Total Thread Count: 28
AvailableWorkingThreads: 2043, AvailableCompletionPortThreads: 1000
MaxWorkingThreads: 2047, MaxCompletionPortThreads: 1000
PubgServerA ----------------------------------
Started Time: 2019/7/29 星期一 16:18:48
Is Running: True
Total Connections: 0
Maximum Allowed Connection Number: 5000
Total Handled Requests: 0
Request Handling Speed (#/second): 0
Avialable Sending Queue Items: 833
Total Sending Queue Items: 833

2019-07-29 16:20:48,269 Performance - ---------------------------------------------------
CPU Usage: 0.01%, Physical Memory Usage: 45,998,080.00, Total Thread Count: 24
AvailableWorkingThreads: 2046, AvailableCompletionPortThreads: 1000
MaxWorkingThreads: 2047, MaxCompletionPortThreads: 1000
PubgServerA ----------------------------------
Started Time: 2019/7/29 星期一 16:18:48
Is Running: True
Total Connections: 0
Maximum Allowed Connection Number: 5000
Total Handled Requests: 0
Request Handling Speed (#/second): 0
Avialable Sending Queue Items: 833
Total Sending Queue Items: 833

2019-07-29 16:21:48,312 Performance - ---------------------------------------------------
CPU Usage: 0.10%, Physical Memory Usage: 49,033,216.00, Total Thread Count: 28
AvailableWorkingThreads: 2046, AvailableCompletionPortThreads: 1000
MaxWorkingThreads: 2047, MaxCompletionPortThreads: 1000
PubgServerA ----------------------------------
Started Time: 2019/7/29 星期一 16:18:48
Is Running: True
Total Connections: 1
Maximum Allowed Connection Number: 5000
Total Handled Requests: 12
Request Handling Speed (#/second): 0
Avialable Sending Queue Items: 832
Total Sending Queue Items: 833

2019-07-29 16:22:48,287 Performance - ---------------------------------------------------
CPU Usage: 0.03%, Physical Memory Usage: 50,130,944.00, Total Thread Count: 26
AvailableWorkingThreads: 2046, AvailableCompletionPortThreads: 1000
MaxWorkingThreads: 2047, MaxCompletionPortThreads: 1000
PubgServerA ----------------------------------
Started Time: 2019/7/29 星期一 16:18:48
Is Running: True
Total Connections: 1
Maximum Allowed Connection Number: 5000
Total Handled Requests: 16
Request Handling Speed (#/second): 0
Avialable Sending Queue Items: 832
Total Sending Queue Items: 833

2019-07-29 16:23:48,315 Performance - ---------------------------------------------------
CPU Usage: 0.02%, Physical Memory Usage: 51,261,440.00, Total Thread Count: 25
AvailableWorkingThreads: 2046, AvailableCompletionPortThreads: 1000
MaxWorkingThreads: 2047, MaxCompletionPortThreads: 1000
PubgServerA ----------------------------------
Started Time: 2019/7/29 星期一 16:18:48
Is Running: True
Total Connections: 1
Maximum Allowed Connection Number: 5000
Total Handled Requests: 32
Request Handling Speed (#/second): 0
Avialable Sending Queue Items: 832
Total Sending Queue Items: 833

2019-07-29 16:24:48,292 Performance - ---------------------------------------------------
CPU Usage: 0.01%, Physical Memory Usage: 52,326,400.00, Total Thread Count: 25
AvailableWorkingThreads: 2046, AvailableCompletionPortThreads: 1000
MaxWorkingThreads: 2047, MaxCompletionPortThreads: 1000
PubgServerA ----------------------------------
Started Time: 2019/7/29 星期一 16:18:48
Is Running: True
Total Connections: 1
Maximum Allowed Connection Number: 5000
Total Handled Requests: 39
Request Handling Speed (#/second): 0
Avialable Sending Queue Items: 832
Total Sending Queue Items: 833

2019-07-29 16:25:48,292 Performance - ---------------------------------------------------
CPU Usage: 0.05%, Physical Memory Usage: 53,067,776.00, Total Thread Count: 26
AvailableWorkingThreads: 2046, AvailableCompletionPortThreads: 1000
MaxWorkingThreads: 2047, MaxCompletionPortThreads: 1000
PubgServerA ----------------------------------
Started Time: 2019/7/29 星期一 16:18:48
Is Running: True
Total Connections: 1
Maximum Allowed Connection Number: 5000
Total Handled Requests: 45
Request Handling Speed (#/second): 0
Avialable Sending Queue Items: 832
Total Sending Queue Items: 833

2019-07-29 16:26:48,297 Performance - ---------------------------------------------------
CPU Usage: 0.01%, Physical Memory Usage: 53,432,320.00, Total Thread Count: 27
AvailableWorkingThreads: 2046, AvailableCompletionPortThreads: 1000
MaxWorkingThreads: 2047, MaxCompletionPortThreads: 1000
PubgServerA ----------------------------------
Started Time: 2019/7/29 星期一 16:18:48
Is Running: True
Total Connections: 2
Maximum Allowed Connection Number: 5000
Total Handled Requests: 53
Request Handling Speed (#/second): 0
Avialable Sending Queue Items: 831
Total Sending Queue Items: 833

2019-07-29 16:39:33,441 Performance - ---------------------------------------------------
CPU Usage: 0.00%, Physical Memory Usage: 43,888,640.00, Total Thread Count: 26
AvailableWorkingThreads: 2046, AvailableCompletionPortThreads: 1000
MaxWorkingThreads: 2047, MaxCompletionPortThreads: 1000
PubgServerA ----------------------------------
Started Time: 2019/7/29 星期一 16:39:33
Is Running: True
Total Connections: 0
Maximum Allowed Connection Number: 5000
Total Handled Requests: 0
Request Handling Speed (#/second): 0
Avialable Sending Queue Items: 833
Total Sending Queue Items: 833

2019-07-29 16:40:33,384 Performance - ---------------------------------------------------
CPU Usage: 0.10%, Physical Memory Usage: 46,485,504.00, Total Thread Count: 26
AvailableWorkingThreads: 2045, AvailableCompletionPortThreads: 1000
MaxWorkingThreads: 2047, MaxCompletionPortThreads: 1000
PubgServerA ----------------------------------
Started Time: 2019/7/29 星期一 16:39:33
Is Running: True
Total Connections: 1
Maximum Allowed Connection Number: 5000
Total Handled Requests: 14
Request Handling Speed (#/second): 0
Avialable Sending Queue Items: 832
Total Sending Queue Items: 833

2019-07-29 16:41:33,386 Performance - ---------------------------------------------------
CPU Usage: 0.02%, Physical Memory Usage: 47,726,592.00, Total Thread Count: 28
AvailableWorkingThreads: 2045, AvailableCompletionPortThreads: 1000
MaxWorkingThreads: 2047, MaxCompletionPortThreads: 1000
PubgServerA ----------------------------------
Started Time: 2019/7/29 星期一 16:39:33
Is Running: True
Total Connections: 1
Maximum Allowed Connection Number: 5000
Total Handled Requests: 22
Request Handling Speed (#/second): 0
Avialable Sending Queue Items: 832
Total Sending Queue Items: 833

2019-07-29 16:42:33,430 Performance - ---------------------------------------------------
CPU Usage: 0.03%, Physical Memory Usage: 49,303,552.00, Total Thread Count: 26
AvailableWorkingThreads: 2045, AvailableCompletionPortThreads: 1000
MaxWorkingThreads: 2047, MaxCompletionPortThreads: 1000
PubgServerA ----------------------------------
Started Time: 2019/7/29 星期一 16:39:33
Is Running: True
Total Connections: 1
Maximum Allowed Connection Number: 5000
Total Handled Requests: 32
Request Handling Speed (#/second): 0
Avialable Sending Queue Items: 832
Total Sending Queue Items: 833

2019-07-29 16:43:33,402 Performance - ---------------------------------------------------
CPU Usage: 0.01%, Physical Memory Usage: 50,360,320.00, Total Thread Count: 28
AvailableWorkingThreads: 2044, AvailableCompletionPortThreads: 1000
MaxWorkingThreads: 2047, MaxCompletionPortThreads: 1000
PubgServerA ----------------------------------
Started Time: 2019/7/29 星期一 16:39:33
Is Running: True
Total Connections: 0
Maximum Allowed Connection Number: 5000
Total Handled Requests: 32
Request Handling Speed (#/second): 0
Avialable Sending Queue Items: 833
Total Sending Queue Items: 833

2019-07-29 16:44:33,414 Performance - ---------------------------------------------------
CPU Usage: 0.01%, Physical Memory Usage: 51,253,248.00, Total Thread Count: 24
AvailableWorkingThreads: 2045, AvailableCompletionPortThreads: 1000
MaxWorkingThreads: 2047, MaxCompletionPortThreads: 1000
PubgServerA ----------------------------------
Started Time: 2019/7/29 星期一 16:39:33
Is Running: True
Total Connections: 0
Maximum Allowed Connection Number: 5000
Total Handled Requests: 33
Request Handling Speed (#/second): 0
Avialable Sending Queue Items: 833
Total Sending Queue Items: 833

2019-07-29 16:45:33,417 Performance - ---------------------------------------------------
CPU Usage: 0.01%, Physical Memory Usage: 52,256,768.00, Total Thread Count: 24
AvailableWorkingThreads: 2045, AvailableCompletionPortThreads: 1000
MaxWorkingThreads: 2047, MaxCompletionPortThreads: 1000
PubgServerA ----------------------------------
Started Time: 2019/7/29 星期一 16:39:33
Is Running: True
Total Connections: 0
Maximum Allowed Connection Number: 5000
Total Handled Requests: 33
Request Handling Speed (#/second): 0
Avialable Sending Queue Items: 833
Total Sending Queue Items: 833

2019-07-29 16:46:38,279 Performance - ---------------------------------------------------
CPU Usage: 0.03%, Physical Memory Usage: 53,182,464.00, Total Thread Count: 27
AvailableWorkingThreads: 2043, AvailableCompletionPortThreads: 1000
MaxWorkingThreads: 2047, MaxCompletionPortThreads: 1000
PubgServerA ----------------------------------
Started Time: 2019/7/29 星期一 16:39:33
Is Running: True
Total Connections: 1
Maximum Allowed Connection Number: 5000
Total Handled Requests: 50
Request Handling Speed (#/second): 0
Avialable Sending Queue Items: 832
Total Sending Queue Items: 833

2019-07-29 16:47:38,294 Performance - ---------------------------------------------------
CPU Usage: 0.01%, Physical Memory Usage: 53,334,016.00, Total Thread Count: 25
AvailableWorkingThreads: 2045, AvailableCompletionPortThreads: 1000
MaxWorkingThreads: 2047, MaxCompletionPortThreads: 1000
PubgServerA ----------------------------------
Started Time: 2019/7/29 星期一 16:39:33
Is Running: True
Total Connections: 1
Maximum Allowed Connection Number: 5000
Total Handled Requests: 53
Request Handling Speed (#/second): 0
Avialable Sending Queue Items: 832
Total Sending Queue Items: 833

2019-07-29 16:48:38,305 Performance - ---------------------------------------------------
CPU Usage: 0.02%, Physical Memory Usage: 53,575,680.00, Total Thread Count: 25
AvailableWorkingThreads: 2044, AvailableCompletionPortThreads: 1000
MaxWorkingThreads: 2047, MaxCompletionPortThreads: 1000
PubgServerA ----------------------------------
Started Time: 2019/7/29 星期一 16:39:33
Is Running: True
Total Connections: 1
Maximum Allowed Connection Number: 5000
Total Handled Requests: 55
Request Handling Speed (#/second): 0
Avialable Sending Queue Items: 832
Total Sending Queue Items: 833

2019-07-29 16:49:38,316 Performance - ---------------------------------------------------
CPU Usage: 0.01%, Physical Memory Usage: 53,809,152.00, Total Thread Count: 25
AvailableWorkingThreads: 2044, AvailableCompletionPortThreads: 1000
MaxWorkingThreads: 2047, MaxCompletionPortThreads: 1000
PubgServerA ----------------------------------
Started Time: 2019/7/29 星期一 16:39:33
Is Running: True
Total Connections: 1
Maximum Allowed Connection Number: 5000
Total Handled Requests: 56
Request Handling Speed (#/second): 0
Avialable Sending Queue Items: 832
Total Sending Queue Items: 833

2019-07-29 16:50:38,380 Performance - ---------------------------------------------------
CPU Usage: 0.03%, Physical Memory Usage: 54,046,720.00, Total Thread Count: 25
AvailableWorkingThreads: 2045, AvailableCompletionPortThreads: 1000
MaxWorkingThreads: 2047, MaxCompletionPortThreads: 1000
PubgServerA ----------------------------------
Started Time: 2019/7/29 星期一 16:39:33
Is Running: True
Total Connections: 1
Maximum Allowed Connection Number: 5000
Total Handled Requests: 57
Request Handling Speed (#/second): 0
Avialable Sending Queue Items: 832
Total Sending Queue Items: 833

2019-07-29 16:51:38,347 Performance - ---------------------------------------------------
CPU Usage: 0.02%, Physical Memory Usage: 53,489,664.00, Total Thread Count: 25
AvailableWorkingThreads: 2045, AvailableCompletionPortThreads: 1000
MaxWorkingThreads: 2047, MaxCompletionPortThreads: 1000
PubgServerA ----------------------------------
Started Time: 2019/7/29 星期一 16:39:33
Is Running: True
Total Connections: 1
Maximum Allowed Connection Number: 5000
Total Handled Requests: 58
Request Handling Speed (#/second): 0
Avialable Sending Queue Items: 832
Total Sending Queue Items: 833

2019-07-29 16:52:38,360 Performance - ---------------------------------------------------
CPU Usage: 0.02%, Physical Memory Usage: 53,714,944.00, Total Thread Count: 25
AvailableWorkingThreads: 2045, AvailableCompletionPortThreads: 1000
MaxWorkingThreads: 2047, MaxCompletionPortThreads: 1000
PubgServerA ----------------------------------
Started Time: 2019/7/29 星期一 16:39:33
Is Running: True
Total Connections: 1
Maximum Allowed Connection Number: 5000
Total Handled Requests: 59
Request Handling Speed (#/second): 0
Avialable Sending Queue Items: 832
Total Sending Queue Items: 833

2019-07-29 16:53:38,348 Performance - ---------------------------------------------------
CPU Usage: 0.01%, Physical Memory Usage: 53,993,472.00, Total Thread Count: 25
AvailableWorkingThreads: 2044, AvailableCompletionPortThreads: 1000
MaxWorkingThreads: 2047, MaxCompletionPortThreads: 1000
PubgServerA ----------------------------------
Started Time: 2019/7/29 星期一 16:39:33
Is Running: True
Total Connections: 1
Maximum Allowed Connection Number: 5000
Total Handled Requests: 60
Request Handling Speed (#/second): 0
Avialable Sending Queue Items: 832
Total Sending Queue Items: 833

2019-07-29 16:54:38,350 Performance - ---------------------------------------------------
CPU Usage: 0.01%, Physical Memory Usage: 51,924,992.00, Total Thread Count: 26
AvailableWorkingThreads: 2045, AvailableCompletionPortThreads: 1000
MaxWorkingThreads: 2047, MaxCompletionPortThreads: 1000
PubgServerA ----------------------------------
Started Time: 2019/7/29 星期一 16:39:33
Is Running: True
Total Connections: 0
Maximum Allowed Connection Number: 5000
Total Handled Requests: 60
Request Handling Speed (#/second): 0
Avialable Sending Queue Items: 833
Total Sending Queue Items: 833

2019-07-29 16:55:38,370 Performance - ---------------------------------------------------
CPU Usage: 0.01%, Physical Memory Usage: 52,002,816.00, Total Thread Count: 25
AvailableWorkingThreads: 2044, AvailableCompletionPortThreads: 1000
MaxWorkingThreads: 2047, MaxCompletionPortThreads: 1000
PubgServerA ----------------------------------
Started Time: 2019/7/29 星期一 16:39:33
Is Running: True
Total Connections: 0
Maximum Allowed Connection Number: 5000
Total Handled Requests: 60
Request Handling Speed (#/second): 0
Avialable Sending Queue Items: 833
Total Sending Queue Items: 833

2019-07-29 16:56:38,374 Performance - ---------------------------------------------------
CPU Usage: 0.01%, Physical Memory Usage: 52,346,880.00, Total Thread Count: 24
AvailableWorkingThreads: 2045, AvailableCompletionPortThreads: 1000
MaxWorkingThreads: 2047, MaxCompletionPortThreads: 1000
PubgServerA ----------------------------------
Started Time: 2019/7/29 星期一 16:39:33
Is Running: True
Total Connections: 0
Maximum Allowed Connection Number: 5000
Total Handled Requests: 60
Request Handling Speed (#/second): 0
Avialable Sending Queue Items: 833
Total Sending Queue Items: 833

2019-07-29 16:57:38,399 Performance - ---------------------------------------------------
CPU Usage: 0.01%, Physical Memory Usage: 52,740,096.00, Total Thread Count: 24
AvailableWorkingThreads: 2045, AvailableCompletionPortThreads: 1000
MaxWorkingThreads: 2047, MaxCompletionPortThreads: 1000
PubgServerA ----------------------------------
Started Time: 2019/7/29 星期一 16:39:33
Is Running: True
Total Connections: 1
Maximum Allowed Connection Number: 5000
Total Handled Requests: 60
Request Handling Speed (#/second): 0
Avialable Sending Queue Items: 832
Total Sending Queue Items: 833

2019-07-29 16:58:38,386 Performance - ---------------------------------------------------
CPU Usage: 0.02%, Physical Memory Usage: 53,673,984.00, Total Thread Count: 24
AvailableWorkingThreads: 2045, AvailableCompletionPortThreads: 1000
MaxWorkingThreads: 2047, MaxCompletionPortThreads: 1000
PubgServerA ----------------------------------
Started Time: 2019/7/29 星期一 16:39:33
Is Running: True
Total Connections: 1
Maximum Allowed Connection Number: 5000
Total Handled Requests: 61
Request Handling Speed (#/second): 0
Avialable Sending Queue Items: 832
Total Sending Queue Items: 833

